14:38:05 INFO  tests.TestBase - Starts test---> registrationNegativeMail
14:38:05 INFO  tests.TestBase - Ends test---> registrationNegativeMail
14:38:05 INFO  tests.TestBase - Starts test---> registrationNegativeMail
14:38:05 INFO  tests.TestBase - Ends test---> registrationNegativeMail
14:38:05 INFO  tests.TestBase - Starts test---> registrationNegativeMail
14:38:05 INFO  tests.TestBase - Ends test---> registrationNegativeMail
14:38:05 INFO  tests.TestBase - Starts test---> registrationNegativeMail
14:38:05 INFO  tests.TestBase - Ends test---> registrationNegativeMail
14:38:05 INFO  tests.TestBase - Starts test---> registrationNegativeMail
14:38:05 INFO  tests.TestBase - Ends test---> registrationNegativeMail
14:38:05 INFO  tests.TestBase - Starts test---> registrationPositive
14:38:05 INFO  tests.TestBase - Ends test---> registrationPositive
14:38:05 INFO  tests.TestBase - Starts test---> registrationPositive
14:38:05 INFO  tests.TestBase - Ends test---> registrationPositive
14:38:05 INFO  tests.TestBase - Starts test---> registrationPositive
14:38:05 INFO  tests.TestBase - Ends test---> registrationPositive
14:38:05 INFO  tests.TestBase - Starts test---> registrationPositive
14:38:05 INFO  tests.TestBase - Ends test---> registrationPositive
14:38:05 INFO  tests.TestBase - Starts test---> registrationPositive
14:38:05 INFO  tests.TestBase - Ends test---> registrationPositive
14:38:05 INFO  tests.TestBase - Starts test---> fillSearchFormFutureYears
14:38:05 INFO  tests.TestBase - Ends test---> fillSearchFormFutureYears
14:38:05 INFO  tests.TestBase - Starts test---> searchPeriodInFuture
14:38:05 INFO  tests.TestBase - Ends test---> searchPeriodInFuture
