12:13:49 INFO  tests.TestBase - Starts test---> registrationNegativeMail
12:13:49 INFO  tests.TestBase - Ends test---> registrationNegativeMail
12:13:49 INFO  tests.TestBase - Starts test---> registrationNegativeMail
12:13:49 INFO  tests.TestBase - Ends test---> registrationNegativeMail
12:13:49 INFO  tests.TestBase - Starts test---> registrationNegativeMail
12:13:49 INFO  tests.TestBase - Ends test---> registrationNegativeMail
12:13:49 INFO  tests.TestBase - Starts test---> registrationNegativeMail
12:13:49 INFO  tests.TestBase - Ends test---> registrationNegativeMail
12:13:49 INFO  tests.TestBase - Starts test---> registrationNegativeMail
12:13:49 INFO  tests.TestBase - Ends test---> registrationNegativeMail
12:13:49 INFO  tests.TestBase - Starts test---> registrationPositive
12:13:49 INFO  tests.TestBase - Ends test---> registrationPositive
12:13:49 INFO  tests.TestBase - Starts test---> registrationPositive
12:13:49 INFO  tests.TestBase - Ends test---> registrationPositive
12:13:49 INFO  tests.TestBase - Starts test---> registrationPositive
12:13:49 INFO  tests.TestBase - Ends test---> registrationPositive
12:13:49 INFO  tests.TestBase - Starts test---> registrationPositive
12:13:49 INFO  tests.TestBase - Ends test---> registrationPositive
12:13:49 INFO  tests.TestBase - Starts test---> registrationPositive
12:13:49 INFO  tests.TestBase - Ends test---> registrationPositive
12:13:49 INFO  tests.TestBase - Starts test---> fillSearchFormFutureYears
12:13:49 INFO  tests.TestBase - Ends test---> fillSearchFormFutureYears
12:13:49 INFO  tests.TestBase - Starts test---> searchPeriodInFuture
12:13:49 INFO  tests.TestBase - Ends test---> searchPeriodInFuture
