15:42:41 INFO  manager.ApplicationManager - All tests starts in 'Chrome' browser
15:42:45 INFO  tests.TestBase - Starts test---> searchPeriodInFuture
15:42:45 INFO  tests.TestBase - rent details:-->Moscow, from 25 Oct 2022 till 28 Nov 2022
15:42:45 INFO  manager.MyListener - Start search element by locator-->By.id: city
15:42:45 INFO  manager.MyListener - Element with locator-->By.id: city was found
15:42:46 INFO  manager.MyListener - Start search element by locator-->By.cssSelector: div.pac-item
15:42:46 INFO  manager.MyListener - Element with locator-->By.cssSelector: div.pac-item was found
15:42:47 INFO  manager.MyListener - Start search element by locator-->By.id: dates
15:42:47 INFO  manager.MyListener - Element with locator-->By.id: dates was found
15:42:47 INFO  manager.MyListener - Start search element by locator-->By.id: dates
15:42:47 INFO  manager.MyListener - Element with locator-->By.id: dates was found
15:42:47 INFO  manager.MyListener - Start search element by locator-->By.xpath: //button[@aria-label='Next month']
15:42:47 INFO  manager.MyListener - Element with locator-->By.xpath: //button[@aria-label='Next month'] was found
15:42:47 INFO  manager.MyListener - Start search element by locator-->By.xpath: //button[@aria-label='Next month']
15:42:47 INFO  manager.MyListener - Element with locator-->By.xpath: //button[@aria-label='Next month'] was found
15:42:47 INFO  manager.MyListener - Start search element by locator-->By.xpath: //button[@aria-label='Next month']
15:42:47 INFO  manager.MyListener - Element with locator-->By.xpath: //button[@aria-label='Next month'] was found
15:42:47 INFO  manager.MyListener - Start search element by locator-->By.xpath: //button[@aria-label='Next month']
15:42:47 INFO  manager.MyListener - Element with locator-->By.xpath: //button[@aria-label='Next month'] was found
15:42:47 INFO  manager.MyListener - Start search element by locator-->By.xpath: //div[text()=' 25 ']
15:42:47 INFO  manager.MyListener - Element with locator-->By.xpath: //div[text()=' 25 '] was found
15:42:47 INFO  manager.MyListener - Start search element by locator-->By.xpath: //button[@aria-label='Next month']
15:42:47 INFO  manager.MyListener - Element with locator-->By.xpath: //button[@aria-label='Next month'] was found
15:42:47 INFO  manager.MyListener - Start search element by locator-->By.xpath: //div[text()=' 28 ']
15:42:47 INFO  manager.MyListener - Element with locator-->By.xpath: //div[text()=' 28 '] was found
15:42:48 INFO  manager.MyListener - Start search element by locator-->By.cssSelector: form button[type='submit']
15:42:48 INFO  manager.MyListener - Element with locator-->By.cssSelector: form button[type='submit'] was found
15:42:48 INFO  manager.MyListener - Start search element by locator-->By.cssSelector: div.search-results
15:42:48 INFO  manager.MyListener - Element with locator-->By.cssSelector: div.search-results was found
15:42:48 INFO  tests.TestBase - Test finished Success
15:42:48 INFO  manager.MyListener - Start search element by locator-->By.xpath: //*[@alt='logo']
15:42:48 INFO  manager.MyListener - Element with locator-->By.xpath: //*[@alt='logo'] was found
15:42:48 INFO  manager.MyListener - Start search element by locator-->By.id: dates
15:42:53 INFO  manager.MyListener - Something went wrong: https://ilcarro-1578153671498.web.app/search/results?city=Moscow&startDate=2023-09-25%2000:00&endDate=2023-10-28%2000:00
15:42:53 INFO  manager.MyListener - no such element: Unable to locate element: {"method":"css selector","selector":"#dates"}
  (Session info: chrome=113.0.5672.127)
For documentation on this error, please visit: https://www.seleniumhq.org/exceptions/no_such_element.html
Build info: version: '3.141.59', revision: 'e82be7d358', time: '2018-11-14T08:17:03'
System info: host: 'ARTEMKA', ip: '192.168.0.107', os.name: 'Windows 10', os.arch: 'amd64', os.version: '10.0', java.version: '1.8.0_333'
Driver info: org.openqa.selenium.chrome.ChromeDriver
Capabilities {acceptInsecureCerts: false, browserName: chrome, browserVersion: 113.0.5672.127, chrome: {chromedriverVersion: 113.0.5672.63 (0e1a4471d5ae..., userDataDir: C:\Program Files (x86)\scop...}, goog:chromeOptions: {debuggerAddress: localhost:54966}, javascriptEnabled: true, networkConnectionEnabled: false, pageLoadStrategy: normal, platform: WINDOWS, platformName: WINDOWS, proxy: Proxy(), setWindowRect: true, strictFileInteractability: false, timeouts: {implicit: 0, pageLoad: 300000, script: 30000}, unhandledPromptBehavior: dismiss and notify, webauthn:extension:credBlob: true, webauthn:extension:largeBlob: true, webauthn:extension:minPinLength: true, webauthn:extension:prf: true, webauthn:virtualAuthenticators: true}
Session ID: 391a37939cd8cfff20dd6f573b31ce9c
*** Element info: {Using=id, value=dates}
15:42:53 INFO  manager.MyListener - org.openqa.selenium.NoSuchElementException: no such element: Unable to locate element: {"method":"css selector","selector":"#dates"}
  (Session info: chrome=113.0.5672.127)
For documentation on this error, please visit: https://www.seleniumhq.org/exceptions/no_such_element.html
Build info: version: '3.141.59', revision: 'e82be7d358', time: '2018-11-14T08:17:03'
System info: host: 'ARTEMKA', ip: '192.168.0.107', os.name: 'Windows 10', os.arch: 'amd64', os.version: '10.0', java.version: '1.8.0_333'
Driver info: org.openqa.selenium.chrome.ChromeDriver
Capabilities {acceptInsecureCerts: false, browserName: chrome, browserVersion: 113.0.5672.127, chrome: {chromedriverVersion: 113.0.5672.63 (0e1a4471d5ae..., userDataDir: C:\Program Files (x86)\scop...}, goog:chromeOptions: {debuggerAddress: localhost:54966}, javascriptEnabled: true, networkConnectionEnabled: false, pageLoadStrategy: normal, platform: WINDOWS, platformName: WINDOWS, proxy: Proxy(), setWindowRect: true, strictFileInteractability: false, timeouts: {implicit: 0, pageLoad: 300000, script: 30000}, unhandledPromptBehavior: dismiss and notify, webauthn:extension:credBlob: true, webauthn:extension:largeBlob: true, webauthn:extension:minPinLength: true, webauthn:extension:prf: true, webauthn:virtualAuthenticators: true}
Session ID: 391a37939cd8cfff20dd6f573b31ce9c
*** Element info: {Using=id, value=dates}
15:42:53 INFO  tests.TestBase - Ends test---> searchPeriodInFuture
