18:01:37 INFO  manager.ApplicationManager - All tests starts in 'Chrome' browser
18:01:41 INFO  manager.MyListener - Start search element by locator-->By.xpath: //*[text()=' Logout ']
18:01:46 INFO  manager.MyListener - Element with locator-->By.xpath: //*[text()=' Logout '] was found
18:01:46 INFO  manager.MyListener - Start search element by locator-->By.xpath: //*[text()=' Log in ']
18:01:46 INFO  manager.MyListener - Element with locator-->By.xpath: //*[text()=' Log in '] was found
18:01:46 INFO  manager.MyListener - Start search element by locator-->By.cssSelector: div input#email
18:01:46 INFO  manager.MyListener - Element with locator-->By.cssSelector: div input#email was found
18:01:46 INFO  manager.MyListener - Start search element by locator-->By.cssSelector: div input#password
18:01:46 INFO  manager.MyListener - Element with locator-->By.cssSelector: div input#password was found
18:01:46 INFO  manager.MyListener - Start search element by locator-->By.cssSelector: form button[type='submit']
18:01:46 INFO  manager.MyListener - Element with locator-->By.cssSelector: form button[type='submit'] was found
18:01:46 INFO  tests.TestBase - Starts test---> carSearchSingaporeOnly
18:01:46 INFO  tests.TestBase - Car to be added-->Car(location=Singapore, make=UK, model=Porsh, year=2018, engine=2.8, fuel=Petrol, gear=SMT, wD=FWD, doors=3, seats=2, clasS=Sx, fuelConsumption=12, registrationNum=10-100-333106, price=80, distance=150, features=Red fast car, about=Super car)
18:01:46 INFO  manager.MyListener - Start search element by locator-->By.cssSelector: a[href='/let-car-work']
18:01:46 INFO  manager.MyListener - Element with locator-->By.cssSelector: a[href='/let-car-work'] was found
18:01:46 INFO  manager.MyListener - Start search element by locator-->By.id: pickUpPlace
18:01:46 INFO  manager.MyListener - Element with locator-->By.id: pickUpPlace was found
18:01:47 INFO  manager.MyListener - Start search element by locator-->By.cssSelector: div.pac-item
18:01:47 INFO  manager.MyListener - Element with locator-->By.cssSelector: div.pac-item was found
18:01:48 INFO  manager.MyListener - Start search element by locator-->By.cssSelector: input[id='make']
18:01:48 INFO  manager.MyListener - Element with locator-->By.cssSelector: input[id='make'] was found
18:01:48 INFO  manager.MyListener - Start search element by locator-->By.id: model
18:01:48 INFO  manager.MyListener - Element with locator-->By.id: model was found
18:01:48 INFO  manager.MyListener - Start search element by locator-->By.id: year
18:01:48 INFO  manager.MyListener - Element with locator-->By.id: year was found
18:01:48 INFO  manager.MyListener - Start search element by locator-->By.id: engine
18:01:48 INFO  manager.MyListener - Element with locator-->By.id: engine was found
18:01:49 INFO  manager.MyListener - Start search element by locator-->By.id: fuel
18:01:49 INFO  manager.MyListener - Element with locator-->By.id: fuel was found
18:01:49 INFO  manager.MyListener - Start search element by locator-->By.xpath: .//option[@value = "Petrol"]
18:01:49 INFO  manager.MyListener - Element with locator-->By.xpath: .//option[@value = "Petrol"] was found
18:01:49 INFO  manager.MyListener - Start search element by locator-->By.id: gear
18:01:49 INFO  manager.MyListener - Element with locator-->By.id: gear was found
18:01:49 INFO  manager.MyListener - Start search element by locator-->By.xpath: .//option[@value = "SMT"]
18:01:49 INFO  manager.MyListener - Element with locator-->By.xpath: .//option[@value = "SMT"] was found
18:01:49 INFO  manager.MyListener - Start search element by locator-->By.id: wheelsDrive
18:01:49 INFO  manager.MyListener - Element with locator-->By.id: wheelsDrive was found
18:01:49 INFO  manager.MyListener - Start search element by locator-->By.xpath: .//option[@value = "FWD"]
18:01:49 INFO  manager.MyListener - Element with locator-->By.xpath: .//option[@value = "FWD"] was found
18:01:49 INFO  manager.MyListener - Start search element by locator-->By.id: doors
18:01:49 INFO  manager.MyListener - Element with locator-->By.id: doors was found
18:01:49 INFO  manager.MyListener - Start search element by locator-->By.id: seats
18:01:49 INFO  manager.MyListener - Element with locator-->By.id: seats was found
18:01:49 INFO  manager.MyListener - Start search element by locator-->By.id: class
18:01:49 INFO  manager.MyListener - Element with locator-->By.id: class was found
18:01:49 INFO  manager.MyListener - Start search element by locator-->By.id: fuelConsumption
18:01:49 INFO  manager.MyListener - Element with locator-->By.id: fuelConsumption was found
18:01:49 INFO  manager.MyListener - Start search element by locator-->By.id: serialNumber
18:01:49 INFO  manager.MyListener - Element with locator-->By.id: serialNumber was found
18:01:50 INFO  manager.MyListener - Start search element by locator-->By.id: price
18:01:50 INFO  manager.MyListener - Element with locator-->By.id: price was found
18:01:50 INFO  manager.MyListener - Start search element by locator-->By.id: distance
18:01:50 INFO  manager.MyListener - Element with locator-->By.id: distance was found
18:01:50 INFO  manager.MyListener - Start search element by locator-->By.cssSelector: input.feature-input
18:01:50 INFO  manager.MyListener - Element with locator-->By.cssSelector: input.feature-input was found
18:01:50 INFO  manager.MyListener - Start search element by locator-->By.id: about
18:01:50 INFO  manager.MyListener - Element with locator-->By.id: about was found
18:01:50 INFO  manager.MyListener - Start search element by locator-->By.id: photos
18:01:50 INFO  manager.MyListener - Element with locator-->By.id: photos was found
18:01:50 INFO  manager.MyListener - Start search element by locator-->By.xpath: //*[text()='Submit']
18:01:50 INFO  manager.MyListener - Element with locator-->By.xpath: //*[text()='Submit'] was found
18:01:51 INFO  manager.MyListener - Start search element by locator-->By.xpath: //*[text()='Submit']
18:01:51 INFO  manager.MyListener - Element with locator-->By.xpath: //*[text()='Submit'] was found
18:01:51 INFO  manager.MyListener - Start search element by locator-->By.id: mat-dialog-0
18:01:53 INFO  manager.MyListener - Element with locator-->By.id: mat-dialog-0 was found
18:01:53 INFO  manager.MyListener - Start search element by locator-->By.xpath: //button[text()='Close']
18:01:53 INFO  manager.MyListener - Element with locator-->By.xpath: //button[text()='Close'] was found
18:01:53 INFO  manager.MyListener - Start search element by locator-->By.xpath: //h1[text()='Something goes wrong']
18:01:53 INFO  manager.MyListener - Element with locator-->By.xpath: //h1[text()='Something goes wrong'] was found
18:01:53 INFO  manager.HelperBase - !!! Bug found with message-->Something goes wrong
18:01:53 INFO  manager.MyListener - Start search element by locator-->By.xpath: //*[@alt='logo']
18:01:53 INFO  manager.MyListener - Element with locator-->By.xpath: //*[@alt='logo'] was found
18:01:53 INFO  tests.TestBase - Ends test---> carSearchSingaporeOnly
