20:13:13 INFO  manager.ApplicationManager - All tests starts in 'Chrome' browser
20:13:17 INFO  tests.TestBase - Starts test---> fillSearchFormFutureYears
20:13:17 INFO  tests.TestBase - rent details:-->Paris, from 25 Nov 2022 till 05 March 2023
20:13:17 INFO  manager.MyListener - Start search element by locator-->By.id: city
20:13:18 INFO  manager.MyListener - Element with locator-->By.id: city was found
20:13:18 INFO  manager.MyListener - Start search element by locator-->By.cssSelector: div.pac-item
20:13:18 INFO  manager.MyListener - Element with locator-->By.cssSelector: div.pac-item was found
20:13:19 INFO  manager.MyListener - Start search element by locator-->By.id: dates
20:13:19 INFO  manager.MyListener - Element with locator-->By.id: dates was found
20:13:19 INFO  manager.MyListener - Start search element by locator-->By.id: dates
20:13:19 INFO  manager.MyListener - Element with locator-->By.id: dates was found
20:13:19 INFO  manager.MyListener - Start search element by locator-->By.xpath: //button[@aria-label='Next month']
20:13:19 INFO  manager.MyListener - Element with locator-->By.xpath: //button[@aria-label='Next month'] was found
20:13:20 INFO  manager.MyListener - Start search element by locator-->By.xpath: //button[@aria-label='Next month']
20:13:20 INFO  manager.MyListener - Element with locator-->By.xpath: //button[@aria-label='Next month'] was found
20:13:20 INFO  manager.MyListener - Start search element by locator-->By.xpath: //button[@aria-label='Next month']
20:13:20 INFO  manager.MyListener - Element with locator-->By.xpath: //button[@aria-label='Next month'] was found
20:13:20 INFO  manager.MyListener - Start search element by locator-->By.xpath: //button[@aria-label='Next month']
20:13:20 INFO  manager.MyListener - Element with locator-->By.xpath: //button[@aria-label='Next month'] was found
20:13:20 INFO  manager.MyListener - Start search element by locator-->By.xpath: //button[@aria-label='Next month']
20:13:20 INFO  manager.MyListener - Element with locator-->By.xpath: //button[@aria-label='Next month'] was found
20:13:20 INFO  manager.MyListener - Start search element by locator-->By.xpath: //div[text()=' 25 ']
20:13:20 INFO  manager.MyListener - Element with locator-->By.xpath: //div[text()=' 25 '] was found
20:13:20 INFO  manager.MyListener - Start search element by locator-->By.xpath: //button[@aria-label='Next month']
20:13:20 INFO  manager.MyListener - Element with locator-->By.xpath: //button[@aria-label='Next month'] was found
20:13:20 INFO  manager.MyListener - Start search element by locator-->By.xpath: //button[@aria-label='Next month']
20:13:20 INFO  manager.MyListener - Element with locator-->By.xpath: //button[@aria-label='Next month'] was found
20:13:20 INFO  manager.MyListener - Start search element by locator-->By.xpath: //button[@aria-label='Next month']
20:13:20 INFO  manager.MyListener - Element with locator-->By.xpath: //button[@aria-label='Next month'] was found
20:13:20 INFO  manager.MyListener - Start search element by locator-->By.xpath: //button[@aria-label='Next month']
20:13:20 INFO  manager.MyListener - Element with locator-->By.xpath: //button[@aria-label='Next month'] was found
20:13:20 INFO  manager.MyListener - Start search element by locator-->By.xpath: //div[text()=' 5 ']
20:13:20 INFO  manager.MyListener - Element with locator-->By.xpath: //div[text()=' 5 '] was found
20:13:20 INFO  manager.MyListener - Start search element by locator-->By.cssSelector: form button[type='submit']
20:13:20 INFO  manager.MyListener - Element with locator-->By.cssSelector: form button[type='submit'] was found
20:13:20 INFO  manager.MyListener - Start search element by locator-->By.cssSelector: div.search-results
20:13:20 INFO  manager.MyListener - Element with locator-->By.cssSelector: div.search-results was found
20:13:20 INFO  tests.TestBase - Test finished Success
20:13:20 INFO  manager.MyListener - Start search element by locator-->By.xpath: //*[@alt='logo']
20:13:20 INFO  manager.MyListener - Element with locator-->By.xpath: //*[@alt='logo'] was found
20:13:21 INFO  manager.MyListener - Start search element by locator-->By.id: dates
20:13:21 INFO  manager.MyListener - Element with locator-->By.id: dates was found
20:13:23 INFO  tests.TestBase - Ends test---> fillSearchFormFutureYears
20:13:23 INFO  tests.TestBase - Starts test---> searchPeriodCurrentMonth
20:13:23 INFO  tests.TestBase - rent details:-->Tel Aviv, from 19 June 2022 till 30 June 2022
20:13:23 INFO  manager.MyListener - Start search element by locator-->By.id: city
20:13:23 INFO  manager.MyListener - Element with locator-->By.id: city was found
20:13:23 INFO  manager.MyListener - Start search element by locator-->By.cssSelector: div.pac-item
20:13:23 INFO  manager.MyListener - Element with locator-->By.cssSelector: div.pac-item was found
20:13:24 INFO  manager.MyListener - Start search element by locator-->By.id: dates
20:13:24 INFO  manager.MyListener - Element with locator-->By.id: dates was found
20:13:25 INFO  manager.MyListener - Start search element by locator-->By.id: dates
20:13:25 INFO  manager.MyListener - Element with locator-->By.id: dates was found
20:13:25 INFO  manager.MyListener - Start search element by locator-->By.xpath: //div[text()=' 19 ']
20:13:25 INFO  manager.MyListener - Element with locator-->By.xpath: //div[text()=' 19 '] was found
20:13:25 INFO  manager.MyListener - Start search element by locator-->By.xpath: //div[text()=' 30 ']
20:13:25 INFO  manager.MyListener - Element with locator-->By.xpath: //div[text()=' 30 '] was found
20:13:25 INFO  manager.MyListener - Start search element by locator-->By.cssSelector: form button[type='submit']
20:13:25 INFO  manager.MyListener - Element with locator-->By.cssSelector: form button[type='submit'] was found
20:13:25 INFO  manager.MyListener - Start search element by locator-->By.cssSelector: div.search-results
20:13:25 INFO  manager.MyListener - Element with locator-->By.cssSelector: div.search-results was found
20:13:25 INFO  tests.TestBase - Test finished Success
20:13:25 INFO  manager.MyListener - Start search element by locator-->By.xpath: //*[@alt='logo']
20:13:25 INFO  manager.MyListener - Element with locator-->By.xpath: //*[@alt='logo'] was found
20:13:25 INFO  manager.MyListener - Start search element by locator-->By.id: dates
20:13:25 INFO  manager.MyListener - Element with locator-->By.id: dates was found
20:13:27 INFO  tests.TestBase - Ends test---> searchPeriodCurrentMonth
20:13:27 INFO  tests.TestBase - Starts test---> searchPeriodInFuture
20:13:27 INFO  tests.TestBase - rent details:-->Moscow, from 25 Oct 2022 till 28 Nov 2022
20:13:27 INFO  manager.MyListener - Start search element by locator-->By.id: city
20:13:27 INFO  manager.MyListener - Element with locator-->By.id: city was found
20:13:28 INFO  manager.MyListener - Start search element by locator-->By.cssSelector: div.pac-item
20:13:28 INFO  manager.MyListener - Element with locator-->By.cssSelector: div.pac-item was found
20:13:29 INFO  manager.MyListener - Start search element by locator-->By.id: dates
20:13:29 INFO  manager.MyListener - Element with locator-->By.id: dates was found
20:13:29 INFO  manager.MyListener - Start search element by locator-->By.id: dates
20:13:29 INFO  manager.MyListener - Element with locator-->By.id: dates was found
20:13:29 INFO  manager.MyListener - Start search element by locator-->By.xpath: //button[@aria-label='Next month']
20:13:29 INFO  manager.MyListener - Element with locator-->By.xpath: //button[@aria-label='Next month'] was found
20:13:29 INFO  manager.MyListener - Start search element by locator-->By.xpath: //button[@aria-label='Next month']
20:13:29 INFO  manager.MyListener - Element with locator-->By.xpath: //button[@aria-label='Next month'] was found
20:13:29 INFO  manager.MyListener - Start search element by locator-->By.xpath: //button[@aria-label='Next month']
20:13:29 INFO  manager.MyListener - Element with locator-->By.xpath: //button[@aria-label='Next month'] was found
20:13:29 INFO  manager.MyListener - Start search element by locator-->By.xpath: //button[@aria-label='Next month']
20:13:29 INFO  manager.MyListener - Element with locator-->By.xpath: //button[@aria-label='Next month'] was found
20:13:29 INFO  manager.MyListener - Start search element by locator-->By.xpath: //div[text()=' 25 ']
20:13:29 INFO  manager.MyListener - Element with locator-->By.xpath: //div[text()=' 25 '] was found
20:13:29 INFO  manager.MyListener - Start search element by locator-->By.xpath: //button[@aria-label='Next month']
20:13:29 INFO  manager.MyListener - Element with locator-->By.xpath: //button[@aria-label='Next month'] was found
20:13:29 INFO  manager.MyListener - Start search element by locator-->By.xpath: //div[text()=' 28 ']
20:13:29 INFO  manager.MyListener - Element with locator-->By.xpath: //div[text()=' 28 '] was found
20:13:30 INFO  manager.MyListener - Start search element by locator-->By.cssSelector: form button[type='submit']
20:13:30 INFO  manager.MyListener - Element with locator-->By.cssSelector: form button[type='submit'] was found
20:13:30 INFO  manager.MyListener - Start search element by locator-->By.cssSelector: div.search-results
20:13:30 INFO  manager.MyListener - Element with locator-->By.cssSelector: div.search-results was found
20:13:30 INFO  tests.TestBase - Test finished Success
20:13:30 INFO  manager.MyListener - Start search element by locator-->By.xpath: //*[@alt='logo']
20:13:30 INFO  manager.MyListener - Element with locator-->By.xpath: //*[@alt='logo'] was found
20:13:30 INFO  manager.MyListener - Start search element by locator-->By.id: dates
20:13:30 INFO  manager.MyListener - Element with locator-->By.id: dates was found
20:13:32 INFO  tests.TestBase - Ends test---> searchPeriodInFuture
20:13:32 INFO  tests.TestBase - Starts test---> searchPeriodInFutureLocalData
20:13:32 INFO  tests.TestBase - rent details:-->Tokio, from 25 Jan 2023 till 28 May 2023
20:13:32 INFO  manager.MyListener - Start search element by locator-->By.id: city
20:13:32 INFO  manager.MyListener - Element with locator-->By.id: city was found
20:13:33 INFO  manager.MyListener - Start search element by locator-->By.cssSelector: div.pac-item
20:13:33 INFO  manager.MyListener - Element with locator-->By.cssSelector: div.pac-item was found
20:13:34 INFO  manager.MyListener - Start search element by locator-->By.id: dates
20:13:34 INFO  manager.MyListener - Element with locator-->By.id: dates was found
20:13:34 INFO  manager.MyListener - Start search element by locator-->By.id: dates
20:13:34 INFO  manager.MyListener - Element with locator-->By.id: dates was found
20:13:34 INFO  manager.MyListener - Start search element by locator-->By.xpath: //button[@aria-label='Next month']
20:13:34 INFO  manager.MyListener - Element with locator-->By.xpath: //button[@aria-label='Next month'] was found
20:13:34 INFO  manager.MyListener - Start search element by locator-->By.xpath: //button[@aria-label='Next month']
20:13:34 INFO  manager.MyListener - Element with locator-->By.xpath: //button[@aria-label='Next month'] was found
20:13:34 INFO  manager.MyListener - Start search element by locator-->By.xpath: //button[@aria-label='Next month']
20:13:34 INFO  manager.MyListener - Element with locator-->By.xpath: //button[@aria-label='Next month'] was found
20:13:34 INFO  manager.MyListener - Start search element by locator-->By.xpath: //button[@aria-label='Next month']
20:13:34 INFO  manager.MyListener - Element with locator-->By.xpath: //button[@aria-label='Next month'] was found
20:13:34 INFO  manager.MyListener - Start search element by locator-->By.xpath: //button[@aria-label='Next month']
20:13:34 INFO  manager.MyListener - Element with locator-->By.xpath: //button[@aria-label='Next month'] was found
20:13:34 INFO  manager.MyListener - Start search element by locator-->By.xpath: //button[@aria-label='Next month']
20:13:34 INFO  manager.MyListener - Element with locator-->By.xpath: //button[@aria-label='Next month'] was found
20:13:34 INFO  manager.MyListener - Start search element by locator-->By.xpath: //button[@aria-label='Next month']
20:13:34 INFO  manager.MyListener - Element with locator-->By.xpath: //button[@aria-label='Next month'] was found
20:13:34 INFO  manager.MyListener - Start search element by locator-->By.xpath: //div[text()=' 25 ']
20:13:34 INFO  manager.MyListener - Element with locator-->By.xpath: //div[text()=' 25 '] was found
20:13:34 INFO  manager.MyListener - Start search element by locator-->By.xpath: //button[@aria-label='Next month']
20:13:34 INFO  manager.MyListener - Element with locator-->By.xpath: //button[@aria-label='Next month'] was found
20:13:34 INFO  manager.MyListener - Start search element by locator-->By.xpath: //button[@aria-label='Next month']
20:13:35 INFO  manager.MyListener - Element with locator-->By.xpath: //button[@aria-label='Next month'] was found
20:13:35 INFO  manager.MyListener - Start search element by locator-->By.xpath: //button[@aria-label='Next month']
20:13:35 INFO  manager.MyListener - Element with locator-->By.xpath: //button[@aria-label='Next month'] was found
20:13:35 INFO  manager.MyListener - Start search element by locator-->By.xpath: //button[@aria-label='Next month']
20:13:35 INFO  manager.MyListener - Element with locator-->By.xpath: //button[@aria-label='Next month'] was found
20:13:35 INFO  manager.MyListener - Start search element by locator-->By.xpath: //div[text()=' 28 ']
20:13:35 INFO  manager.MyListener - Element with locator-->By.xpath: //div[text()=' 28 '] was found
20:13:35 INFO  manager.MyListener - Start search element by locator-->By.cssSelector: form button[type='submit']
20:13:35 INFO  manager.MyListener - Element with locator-->By.cssSelector: form button[type='submit'] was found
20:13:35 INFO  manager.MyListener - Start search element by locator-->By.cssSelector: div.search-results
20:13:35 INFO  manager.MyListener - Element with locator-->By.cssSelector: div.search-results was found
20:13:35 INFO  tests.TestBase - Test finished Success
20:13:35 INFO  manager.MyListener - Start search element by locator-->By.xpath: //*[@alt='logo']
20:13:35 INFO  manager.MyListener - Element with locator-->By.xpath: //*[@alt='logo'] was found
20:13:35 INFO  manager.MyListener - Start search element by locator-->By.id: dates
20:13:35 INFO  manager.MyListener - Element with locator-->By.id: dates was found
20:13:37 INFO  tests.TestBase - Ends test---> searchPeriodInFutureLocalData
20:13:37 INFO  manager.MyListener - Start search element by locator-->By.xpath: //*[text()=' Logout ']
20:13:42 INFO  manager.MyListener - Element with locator-->By.xpath: //*[text()=' Logout '] was found
20:13:42 INFO  manager.MyListener - Start search element by locator-->By.xpath: //*[text()=' Log in ']
20:13:42 INFO  manager.MyListener - Element with locator-->By.xpath: //*[text()=' Log in '] was found
20:13:42 INFO  manager.MyListener - Start search element by locator-->By.cssSelector: div input#email
20:13:42 INFO  manager.MyListener - Element with locator-->By.cssSelector: div input#email was found
20:13:43 INFO  manager.MyListener - Start search element by locator-->By.cssSelector: div input#password
20:13:43 INFO  manager.MyListener - Element with locator-->By.cssSelector: div input#password was found
20:13:43 INFO  manager.MyListener - Start search element by locator-->By.cssSelector: form button[type='submit']
20:13:43 INFO  manager.MyListener - Element with locator-->By.cssSelector: form button[type='submit'] was found
20:13:43 INFO  tests.TestBase - Starts test---> carSearchFail
20:13:43 INFO  tests.TestBase - Car to be added-->Car(location=Tel Aviv, make=Japan, model=Honda, year=2001, engine=1,3, fuel=Petrol, gear=MT, wD=AWD, doors=4, seats=5, clasS=M, fuelConsumption=9,5, registrationNum=10-15-13333, price=-25, distance=120, features=New resin, about=Used but in good conditions)
20:13:43 INFO  manager.MyListener - Start search element by locator-->By.cssSelector: a[href='/let-car-work']
20:13:43 INFO  manager.MyListener - Element with locator-->By.cssSelector: a[href='/let-car-work'] was found
20:13:43 INFO  manager.MyListener - Start search element by locator-->By.id: pickUpPlace
20:13:43 INFO  manager.MyListener - Element with locator-->By.id: pickUpPlace was found
20:13:43 INFO  manager.MyListener - Start search element by locator-->By.cssSelector: div.pac-item
20:13:44 INFO  manager.MyListener - Element with locator-->By.cssSelector: div.pac-item was found
20:13:45 INFO  manager.MyListener - Start search element by locator-->By.cssSelector: input[id='make']
20:13:45 INFO  manager.MyListener - Element with locator-->By.cssSelector: input[id='make'] was found
20:13:45 INFO  manager.MyListener - Start search element by locator-->By.id: model
20:13:45 INFO  manager.MyListener - Element with locator-->By.id: model was found
20:13:45 INFO  manager.MyListener - Start search element by locator-->By.id: year
20:13:45 INFO  manager.MyListener - Element with locator-->By.id: year was found
20:13:45 INFO  manager.MyListener - Start search element by locator-->By.id: engine
20:13:45 INFO  manager.MyListener - Element with locator-->By.id: engine was found
20:13:45 INFO  manager.MyListener - Start search element by locator-->By.id: fuel
20:13:45 INFO  manager.MyListener - Element with locator-->By.id: fuel was found
20:13:45 INFO  manager.MyListener - Start search element by locator-->By.xpath: .//option[@value = "Petrol"]
20:13:45 INFO  manager.MyListener - Element with locator-->By.xpath: .//option[@value = "Petrol"] was found
20:13:45 INFO  manager.MyListener - Start search element by locator-->By.id: gear
20:13:45 INFO  manager.MyListener - Element with locator-->By.id: gear was found
20:13:45 INFO  manager.MyListener - Start search element by locator-->By.xpath: .//option[@value = "MT"]
20:13:45 INFO  manager.MyListener - Element with locator-->By.xpath: .//option[@value = "MT"] was found
20:13:45 INFO  manager.MyListener - Start search element by locator-->By.id: wheelsDrive
20:13:45 INFO  manager.MyListener - Element with locator-->By.id: wheelsDrive was found
20:13:45 INFO  manager.MyListener - Start search element by locator-->By.xpath: .//option[@value = "AWD"]
20:13:45 INFO  manager.MyListener - Element with locator-->By.xpath: .//option[@value = "AWD"] was found
20:13:45 INFO  manager.MyListener - Start search element by locator-->By.id: doors
20:13:45 INFO  manager.MyListener - Element with locator-->By.id: doors was found
20:13:46 INFO  manager.MyListener - Start search element by locator-->By.id: seats
20:13:46 INFO  manager.MyListener - Element with locator-->By.id: seats was found
20:13:46 INFO  manager.MyListener - Start search element by locator-->By.id: class
20:13:46 INFO  manager.MyListener - Element with locator-->By.id: class was found
20:13:46 INFO  manager.MyListener - Start search element by locator-->By.id: fuelConsumption
20:13:46 INFO  manager.MyListener - Element with locator-->By.id: fuelConsumption was found
20:13:46 INFO  manager.MyListener - Start search element by locator-->By.id: serialNumber
20:13:46 INFO  manager.MyListener - Element with locator-->By.id: serialNumber was found
20:13:46 INFO  manager.MyListener - Start search element by locator-->By.id: price
20:13:46 INFO  manager.MyListener - Element with locator-->By.id: price was found
20:13:46 INFO  manager.MyListener - Start search element by locator-->By.id: distance
20:13:46 INFO  manager.MyListener - Element with locator-->By.id: distance was found
20:13:47 INFO  manager.MyListener - Start search element by locator-->By.cssSelector: input.feature-input
20:13:47 INFO  manager.MyListener - Element with locator-->By.cssSelector: input.feature-input was found
20:13:47 INFO  manager.MyListener - Start search element by locator-->By.id: about
20:13:47 INFO  manager.MyListener - Element with locator-->By.id: about was found
20:13:47 INFO  manager.MyListener - Start search element by locator-->By.id: photos
20:13:47 INFO  manager.MyListener - Element with locator-->By.id: photos was found
20:13:47 INFO  manager.MyListener - Start search element by locator-->By.cssSelector: div.error
20:13:47 INFO  manager.MyListener - Element with locator-->By.cssSelector: div.error was found
20:13:47 INFO  tests.TestBase - Car was not added, entered wrong data-->Price must be positive
20:13:47 INFO  manager.MyListener - Start search element by locator-->By.cssSelector: div.error
20:13:47 INFO  manager.MyListener - Element with locator-->By.cssSelector: div.error was found
20:13:47 INFO  manager.MyListener - Start search element by locator-->By.xpath: //*[@alt='logo']
20:13:47 INFO  manager.MyListener - Element with locator-->By.xpath: //*[@alt='logo'] was found
20:13:47 INFO  tests.TestBase - Ends test---> carSearchFail
20:13:47 INFO  tests.TestBase - Starts test---> carSearchFail
20:13:47 INFO  tests.TestBase - Car to be added-->Car(location=Moscow, make=Japan, model=Honda, year=2001, engine=1,3, fuel=Petrol, gear=MT, wD=AWD, doors=4, seats=5, clasS=M, fuelConsumption=9,5, registrationNum=10-15-13334, price=-25, distance=120, features=New resin, about=Used but in good conditions)
20:13:47 INFO  manager.MyListener - Start search element by locator-->By.cssSelector: a[href='/let-car-work']
20:13:47 INFO  manager.MyListener - Element with locator-->By.cssSelector: a[href='/let-car-work'] was found
20:13:47 INFO  manager.MyListener - Start search element by locator-->By.id: pickUpPlace
20:13:47 INFO  manager.MyListener - Element with locator-->By.id: pickUpPlace was found
20:13:48 INFO  manager.MyListener - Start search element by locator-->By.cssSelector: div.pac-item
20:13:48 INFO  manager.MyListener - Element with locator-->By.cssSelector: div.pac-item was found
20:13:49 INFO  manager.MyListener - Start search element by locator-->By.cssSelector: input[id='make']
20:13:49 INFO  manager.MyListener - Element with locator-->By.cssSelector: input[id='make'] was found
20:13:49 INFO  manager.MyListener - Start search element by locator-->By.id: model
20:13:49 INFO  manager.MyListener - Element with locator-->By.id: model was found
20:13:49 INFO  manager.MyListener - Start search element by locator-->By.id: year
20:13:49 INFO  manager.MyListener - Element with locator-->By.id: year was found
20:13:49 INFO  manager.MyListener - Start search element by locator-->By.id: engine
20:13:49 INFO  manager.MyListener - Element with locator-->By.id: engine was found
20:13:50 INFO  manager.MyListener - Start search element by locator-->By.id: fuel
20:13:50 INFO  manager.MyListener - Element with locator-->By.id: fuel was found
20:13:50 INFO  manager.MyListener - Start search element by locator-->By.xpath: .//option[@value = "Petrol"]
20:13:50 INFO  manager.MyListener - Element with locator-->By.xpath: .//option[@value = "Petrol"] was found
20:13:50 INFO  manager.MyListener - Start search element by locator-->By.id: gear
20:13:50 INFO  manager.MyListener - Element with locator-->By.id: gear was found
20:13:50 INFO  manager.MyListener - Start search element by locator-->By.xpath: .//option[@value = "MT"]
20:13:50 INFO  manager.MyListener - Element with locator-->By.xpath: .//option[@value = "MT"] was found
20:13:50 INFO  manager.MyListener - Start search element by locator-->By.id: wheelsDrive
20:13:50 INFO  manager.MyListener - Element with locator-->By.id: wheelsDrive was found
20:13:50 INFO  manager.MyListener - Start search element by locator-->By.xpath: .//option[@value = "AWD"]
20:13:50 INFO  manager.MyListener - Element with locator-->By.xpath: .//option[@value = "AWD"] was found
20:13:50 INFO  manager.MyListener - Start search element by locator-->By.id: doors
20:13:50 INFO  manager.MyListener - Element with locator-->By.id: doors was found
20:13:50 INFO  manager.MyListener - Start search element by locator-->By.id: seats
20:13:50 INFO  manager.MyListener - Element with locator-->By.id: seats was found
20:13:50 INFO  manager.MyListener - Start search element by locator-->By.id: class
20:13:50 INFO  manager.MyListener - Element with locator-->By.id: class was found
20:13:50 INFO  manager.MyListener - Start search element by locator-->By.id: fuelConsumption
20:13:50 INFO  manager.MyListener - Element with locator-->By.id: fuelConsumption was found
20:13:50 INFO  manager.MyListener - Start search element by locator-->By.id: serialNumber
20:13:50 INFO  manager.MyListener - Element with locator-->By.id: serialNumber was found
20:13:51 INFO  manager.MyListener - Start search element by locator-->By.id: price
20:13:51 INFO  manager.MyListener - Element with locator-->By.id: price was found
20:13:51 INFO  manager.MyListener - Start search element by locator-->By.id: distance
20:13:51 INFO  manager.MyListener - Element with locator-->By.id: distance was found
20:13:51 INFO  manager.MyListener - Start search element by locator-->By.cssSelector: input.feature-input
20:13:51 INFO  manager.MyListener - Element with locator-->By.cssSelector: input.feature-input was found
20:13:51 INFO  manager.MyListener - Start search element by locator-->By.id: about
20:13:51 INFO  manager.MyListener - Element with locator-->By.id: about was found
20:13:51 INFO  manager.MyListener - Start search element by locator-->By.id: photos
20:13:51 INFO  manager.MyListener - Element with locator-->By.id: photos was found
20:13:51 INFO  manager.MyListener - Start search element by locator-->By.cssSelector: div.error
20:13:51 INFO  manager.MyListener - Element with locator-->By.cssSelector: div.error was found
20:13:51 INFO  tests.TestBase - Car was not added, entered wrong data-->Price must be positive
20:13:51 INFO  manager.MyListener - Start search element by locator-->By.cssSelector: div.error
20:13:51 INFO  manager.MyListener - Element with locator-->By.cssSelector: div.error was found
20:13:51 INFO  manager.MyListener - Start search element by locator-->By.xpath: //*[@alt='logo']
20:13:51 INFO  manager.MyListener - Element with locator-->By.xpath: //*[@alt='logo'] was found
20:13:52 INFO  tests.TestBase - Ends test---> carSearchFail
20:13:52 INFO  tests.TestBase - Starts test---> carSearchFail
20:13:52 INFO  tests.TestBase - Car to be added-->Car(location=Tokio, make=Japan, model=Honda, year=2001, engine=1,3, fuel=Petrol, gear=MT, wD=AWD, doors=4, seats=5, clasS=M, fuelConsumption=9,5, registrationNum=10-15-13335, price=-25, distance=120, features=New resin, about=Used but in good conditions)
20:13:52 INFO  manager.MyListener - Start search element by locator-->By.cssSelector: a[href='/let-car-work']
20:13:52 INFO  manager.MyListener - Element with locator-->By.cssSelector: a[href='/let-car-work'] was found
20:13:52 INFO  manager.MyListener - Start search element by locator-->By.id: pickUpPlace
20:13:52 INFO  manager.MyListener - Element with locator-->By.id: pickUpPlace was found
20:13:52 INFO  manager.MyListener - Start search element by locator-->By.cssSelector: div.pac-item
20:13:52 INFO  manager.MyListener - Element with locator-->By.cssSelector: div.pac-item was found
20:13:53 INFO  manager.MyListener - Start search element by locator-->By.cssSelector: input[id='make']
20:13:53 INFO  manager.MyListener - Element with locator-->By.cssSelector: input[id='make'] was found
20:13:53 INFO  manager.MyListener - Start search element by locator-->By.id: model
20:13:54 INFO  manager.MyListener - Element with locator-->By.id: model was found
20:13:54 INFO  manager.MyListener - Start search element by locator-->By.id: year
20:13:54 INFO  manager.MyListener - Element with locator-->By.id: year was found
20:13:54 INFO  manager.MyListener - Start search element by locator-->By.id: engine
20:13:54 INFO  manager.MyListener - Element with locator-->By.id: engine was found
20:13:54 INFO  manager.MyListener - Start search element by locator-->By.id: fuel
20:13:54 INFO  manager.MyListener - Element with locator-->By.id: fuel was found
20:13:54 INFO  manager.MyListener - Start search element by locator-->By.xpath: .//option[@value = "Petrol"]
20:13:54 INFO  manager.MyListener - Element with locator-->By.xpath: .//option[@value = "Petrol"] was found
20:13:54 INFO  manager.MyListener - Start search element by locator-->By.id: gear
20:13:54 INFO  manager.MyListener - Element with locator-->By.id: gear was found
20:13:54 INFO  manager.MyListener - Start search element by locator-->By.xpath: .//option[@value = "MT"]
20:13:54 INFO  manager.MyListener - Element with locator-->By.xpath: .//option[@value = "MT"] was found
20:13:54 INFO  manager.MyListener - Start search element by locator-->By.id: wheelsDrive
20:13:54 INFO  manager.MyListener - Element with locator-->By.id: wheelsDrive was found
20:13:54 INFO  manager.MyListener - Start search element by locator-->By.xpath: .//option[@value = "AWD"]
20:13:54 INFO  manager.MyListener - Element with locator-->By.xpath: .//option[@value = "AWD"] was found
20:13:54 INFO  manager.MyListener - Start search element by locator-->By.id: doors
20:13:54 INFO  manager.MyListener - Element with locator-->By.id: doors was found
20:13:54 INFO  manager.MyListener - Start search element by locator-->By.id: seats
20:13:54 INFO  manager.MyListener - Element with locator-->By.id: seats was found
20:13:54 INFO  manager.MyListener - Start search element by locator-->By.id: class
20:13:54 INFO  manager.MyListener - Element with locator-->By.id: class was found
20:13:55 INFO  manager.MyListener - Start search element by locator-->By.id: fuelConsumption
20:13:55 INFO  manager.MyListener - Element with locator-->By.id: fuelConsumption was found
20:13:55 INFO  manager.MyListener - Start search element by locator-->By.id: serialNumber
20:13:55 INFO  manager.MyListener - Element with locator-->By.id: serialNumber was found
20:13:55 INFO  manager.MyListener - Start search element by locator-->By.id: price
20:13:55 INFO  manager.MyListener - Element with locator-->By.id: price was found
20:13:55 INFO  manager.MyListener - Start search element by locator-->By.id: distance
20:13:55 INFO  manager.MyListener - Element with locator-->By.id: distance was found
20:13:55 INFO  manager.MyListener - Start search element by locator-->By.cssSelector: input.feature-input
20:13:55 INFO  manager.MyListener - Element with locator-->By.cssSelector: input.feature-input was found
20:13:55 INFO  manager.MyListener - Start search element by locator-->By.id: about
20:13:55 INFO  manager.MyListener - Element with locator-->By.id: about was found
20:13:56 INFO  manager.MyListener - Start search element by locator-->By.id: photos
20:13:56 INFO  manager.MyListener - Element with locator-->By.id: photos was found
20:13:56 INFO  manager.MyListener - Start search element by locator-->By.cssSelector: div.error
20:13:56 INFO  manager.MyListener - Element with locator-->By.cssSelector: div.error was found
20:13:56 INFO  tests.TestBase - Car was not added, entered wrong data-->Price must be positive
20:13:56 INFO  manager.MyListener - Start search element by locator-->By.cssSelector: div.error
20:13:56 INFO  manager.MyListener - Element with locator-->By.cssSelector: div.error was found
20:13:56 INFO  manager.MyListener - Start search element by locator-->By.xpath: //*[@alt='logo']
20:13:56 INFO  manager.MyListener - Element with locator-->By.xpath: //*[@alt='logo'] was found
20:13:56 INFO  tests.TestBase - Ends test---> carSearchFail
20:13:56 INFO  tests.TestBase - Starts test---> carSearchFail
20:13:56 INFO  tests.TestBase - Car to be added-->Car(location=Singapore, make=Japan, model=Honda, year=2001, engine=1,3, fuel=Petrol, gear=MT, wD=AWD, doors=4, seats=5, clasS=M, fuelConsumption=9,5, registrationNum=10-15-13336, price=-25, distance=120, features=New resin, about=Used but in good conditions)
20:13:56 INFO  manager.MyListener - Start search element by locator-->By.cssSelector: a[href='/let-car-work']
20:13:56 INFO  manager.MyListener - Element with locator-->By.cssSelector: a[href='/let-car-work'] was found
20:13:56 INFO  manager.MyListener - Start search element by locator-->By.id: pickUpPlace
20:13:56 INFO  manager.MyListener - Element with locator-->By.id: pickUpPlace was found
20:13:57 INFO  manager.MyListener - Start search element by locator-->By.cssSelector: div.pac-item
20:13:57 INFO  manager.MyListener - Element with locator-->By.cssSelector: div.pac-item was found
20:13:58 INFO  manager.MyListener - Start search element by locator-->By.cssSelector: input[id='make']
20:13:58 INFO  manager.MyListener - Element with locator-->By.cssSelector: input[id='make'] was found
20:13:58 INFO  manager.MyListener - Start search element by locator-->By.id: model
20:13:58 INFO  manager.MyListener - Element with locator-->By.id: model was found
20:13:58 INFO  manager.MyListener - Start search element by locator-->By.id: year
20:13:58 INFO  manager.MyListener - Element with locator-->By.id: year was found
20:13:58 INFO  manager.MyListener - Start search element by locator-->By.id: engine
20:13:58 INFO  manager.MyListener - Element with locator-->By.id: engine was found
20:13:58 INFO  manager.MyListener - Start search element by locator-->By.id: fuel
20:13:58 INFO  manager.MyListener - Element with locator-->By.id: fuel was found
20:13:58 INFO  manager.MyListener - Start search element by locator-->By.xpath: .//option[@value = "Petrol"]
20:13:58 INFO  manager.MyListener - Element with locator-->By.xpath: .//option[@value = "Petrol"] was found
20:13:58 INFO  manager.MyListener - Start search element by locator-->By.id: gear
20:13:58 INFO  manager.MyListener - Element with locator-->By.id: gear was found
20:13:58 INFO  manager.MyListener - Start search element by locator-->By.xpath: .//option[@value = "MT"]
20:13:58 INFO  manager.MyListener - Element with locator-->By.xpath: .//option[@value = "MT"] was found
20:13:58 INFO  manager.MyListener - Start search element by locator-->By.id: wheelsDrive
20:13:58 INFO  manager.MyListener - Element with locator-->By.id: wheelsDrive was found
20:13:59 INFO  manager.MyListener - Start search element by locator-->By.xpath: .//option[@value = "AWD"]
20:13:59 INFO  manager.MyListener - Element with locator-->By.xpath: .//option[@value = "AWD"] was found
20:13:59 INFO  manager.MyListener - Start search element by locator-->By.id: doors
20:13:59 INFO  manager.MyListener - Element with locator-->By.id: doors was found
20:13:59 INFO  manager.MyListener - Start search element by locator-->By.id: seats
20:13:59 INFO  manager.MyListener - Element with locator-->By.id: seats was found
20:13:59 INFO  manager.MyListener - Start search element by locator-->By.id: class
20:13:59 INFO  manager.MyListener - Element with locator-->By.id: class was found
20:13:59 INFO  manager.MyListener - Start search element by locator-->By.id: fuelConsumption
20:13:59 INFO  manager.MyListener - Element with locator-->By.id: fuelConsumption was found
20:13:59 INFO  manager.MyListener - Start search element by locator-->By.id: serialNumber
20:13:59 INFO  manager.MyListener - Element with locator-->By.id: serialNumber was found
20:13:59 INFO  manager.MyListener - Start search element by locator-->By.id: price
20:13:59 INFO  manager.MyListener - Element with locator-->By.id: price was found
20:13:59 INFO  manager.MyListener - Start search element by locator-->By.id: distance
20:13:59 INFO  manager.MyListener - Element with locator-->By.id: distance was found
20:14:00 INFO  manager.MyListener - Start search element by locator-->By.cssSelector: input.feature-input
20:14:00 INFO  manager.MyListener - Element with locator-->By.cssSelector: input.feature-input was found
20:14:00 INFO  manager.MyListener - Start search element by locator-->By.id: about
20:14:00 INFO  manager.MyListener - Element with locator-->By.id: about was found
20:14:00 INFO  manager.MyListener - Start search element by locator-->By.id: photos
20:14:00 INFO  manager.MyListener - Element with locator-->By.id: photos was found
20:14:00 INFO  manager.MyListener - Start search element by locator-->By.cssSelector: div.error
20:14:00 INFO  manager.MyListener - Element with locator-->By.cssSelector: div.error was found
20:14:00 INFO  tests.TestBase - Car was not added, entered wrong data-->Price must be positive
20:14:00 INFO  manager.MyListener - Start search element by locator-->By.cssSelector: div.error
20:14:00 INFO  manager.MyListener - Element with locator-->By.cssSelector: div.error was found
20:14:00 INFO  manager.MyListener - Start search element by locator-->By.xpath: //*[@alt='logo']
20:14:00 INFO  manager.MyListener - Element with locator-->By.xpath: //*[@alt='logo'] was found
20:14:00 INFO  tests.TestBase - Ends test---> carSearchFail
20:14:00 INFO  tests.TestBase - Starts test---> carSearchFail
20:14:00 INFO  tests.TestBase - Car to be added-->Car(location=London, make=Japan, model=Honda, year=2001, engine=1,3, fuel=Petrol, gear=MT, wD=AWD, doors=4, seats=5, clasS=M, fuelConsumption=9,5, registrationNum=10-15-13337, price=-25, distance=120, features=New resin, about=Used but in good conditions)
20:14:00 INFO  manager.MyListener - Start search element by locator-->By.cssSelector: a[href='/let-car-work']
20:14:00 INFO  manager.MyListener - Element with locator-->By.cssSelector: a[href='/let-car-work'] was found
20:14:00 INFO  manager.MyListener - Start search element by locator-->By.id: pickUpPlace
20:14:00 INFO  manager.MyListener - Element with locator-->By.id: pickUpPlace was found
20:14:01 INFO  manager.MyListener - Start search element by locator-->By.cssSelector: div.pac-item
20:14:01 INFO  manager.MyListener - Element with locator-->By.cssSelector: div.pac-item was found
20:14:02 INFO  manager.MyListener - Start search element by locator-->By.cssSelector: input[id='make']
20:14:02 INFO  manager.MyListener - Element with locator-->By.cssSelector: input[id='make'] was found
20:14:02 INFO  manager.MyListener - Start search element by locator-->By.id: model
20:14:02 INFO  manager.MyListener - Element with locator-->By.id: model was found
20:14:02 INFO  manager.MyListener - Start search element by locator-->By.id: year
20:14:02 INFO  manager.MyListener - Element with locator-->By.id: year was found
20:14:02 INFO  manager.MyListener - Start search element by locator-->By.id: engine
20:14:02 INFO  manager.MyListener - Element with locator-->By.id: engine was found
20:14:03 INFO  manager.MyListener - Start search element by locator-->By.id: fuel
20:14:03 INFO  manager.MyListener - Element with locator-->By.id: fuel was found
20:14:03 INFO  manager.MyListener - Start search element by locator-->By.xpath: .//option[@value = "Petrol"]
20:14:03 INFO  manager.MyListener - Element with locator-->By.xpath: .//option[@value = "Petrol"] was found
20:14:03 INFO  manager.MyListener - Start search element by locator-->By.id: gear
20:14:03 INFO  manager.MyListener - Element with locator-->By.id: gear was found
20:14:03 INFO  manager.MyListener - Start search element by locator-->By.xpath: .//option[@value = "MT"]
20:14:03 INFO  manager.MyListener - Element with locator-->By.xpath: .//option[@value = "MT"] was found
20:14:03 INFO  manager.MyListener - Start search element by locator-->By.id: wheelsDrive
20:14:03 INFO  manager.MyListener - Element with locator-->By.id: wheelsDrive was found
20:14:03 INFO  manager.MyListener - Start search element by locator-->By.xpath: .//option[@value = "AWD"]
20:14:03 INFO  manager.MyListener - Element with locator-->By.xpath: .//option[@value = "AWD"] was found
20:14:03 INFO  manager.MyListener - Start search element by locator-->By.id: doors
20:14:03 INFO  manager.MyListener - Element with locator-->By.id: doors was found
20:14:03 INFO  manager.MyListener - Start search element by locator-->By.id: seats
20:14:03 INFO  manager.MyListener - Element with locator-->By.id: seats was found
20:14:03 INFO  manager.MyListener - Start search element by locator-->By.id: class
20:14:03 INFO  manager.MyListener - Element with locator-->By.id: class was found
20:14:03 INFO  manager.MyListener - Start search element by locator-->By.id: fuelConsumption
20:14:03 INFO  manager.MyListener - Element with locator-->By.id: fuelConsumption was found
20:14:03 INFO  manager.MyListener - Start search element by locator-->By.id: serialNumber
20:14:03 INFO  manager.MyListener - Element with locator-->By.id: serialNumber was found
20:14:04 INFO  manager.MyListener - Start search element by locator-->By.id: price
20:14:04 INFO  manager.MyListener - Element with locator-->By.id: price was found
20:14:04 INFO  manager.MyListener - Start search element by locator-->By.id: distance
20:14:04 INFO  manager.MyListener - Element with locator-->By.id: distance was found
20:14:04 INFO  manager.MyListener - Start search element by locator-->By.cssSelector: input.feature-input
20:14:04 INFO  manager.MyListener - Element with locator-->By.cssSelector: input.feature-input was found
20:14:04 INFO  manager.MyListener - Start search element by locator-->By.id: about
20:14:04 INFO  manager.MyListener - Element with locator-->By.id: about was found
20:14:04 INFO  manager.MyListener - Start search element by locator-->By.id: photos
20:14:04 INFO  manager.MyListener - Element with locator-->By.id: photos was found
20:14:04 INFO  manager.MyListener - Start search element by locator-->By.cssSelector: div.error
20:14:04 INFO  manager.MyListener - Element with locator-->By.cssSelector: div.error was found
20:14:04 INFO  tests.TestBase - Car was not added, entered wrong data-->Price must be positive
20:14:04 INFO  manager.MyListener - Start search element by locator-->By.cssSelector: div.error
20:14:04 INFO  manager.MyListener - Element with locator-->By.cssSelector: div.error was found
20:14:04 INFO  manager.MyListener - Start search element by locator-->By.xpath: //*[@alt='logo']
20:14:04 INFO  manager.MyListener - Element with locator-->By.xpath: //*[@alt='logo'] was found
20:14:05 INFO  tests.TestBase - Ends test---> carSearchFail
20:14:05 INFO  tests.TestBase - Starts test---> carSearchFail
20:14:05 INFO  tests.TestBase - Car to be added-->Car(location=New York, make=Japan, model=Honda, year=2001, engine=1,3, fuel=Petrol, gear=MT, wD=AWD, doors=4, seats=5, clasS=M, fuelConsumption=9,5, registrationNum=10-15-13338, price=-25, distance=120, features=New resin, about=Used but in good conditions)
20:14:05 INFO  manager.MyListener - Start search element by locator-->By.cssSelector: a[href='/let-car-work']
20:14:05 INFO  manager.MyListener - Element with locator-->By.cssSelector: a[href='/let-car-work'] was found
20:14:05 INFO  manager.MyListener - Start search element by locator-->By.id: pickUpPlace
20:14:05 INFO  manager.MyListener - Element with locator-->By.id: pickUpPlace was found
20:14:05 INFO  manager.MyListener - Start search element by locator-->By.cssSelector: div.pac-item
20:14:05 INFO  manager.MyListener - Element with locator-->By.cssSelector: div.pac-item was found
20:14:06 INFO  manager.MyListener - Start search element by locator-->By.cssSelector: input[id='make']
20:14:06 INFO  manager.MyListener - Element with locator-->By.cssSelector: input[id='make'] was found
20:14:07 INFO  manager.MyListener - Start search element by locator-->By.id: model
20:14:07 INFO  manager.MyListener - Element with locator-->By.id: model was found
20:14:07 INFO  manager.MyListener - Start search element by locator-->By.id: year
20:14:07 INFO  manager.MyListener - Element with locator-->By.id: year was found
20:14:07 INFO  manager.MyListener - Start search element by locator-->By.id: engine
20:14:07 INFO  manager.MyListener - Element with locator-->By.id: engine was found
20:14:07 INFO  manager.MyListener - Start search element by locator-->By.id: fuel
20:14:07 INFO  manager.MyListener - Element with locator-->By.id: fuel was found
20:14:07 INFO  manager.MyListener - Start search element by locator-->By.xpath: .//option[@value = "Petrol"]
20:14:07 INFO  manager.MyListener - Element with locator-->By.xpath: .//option[@value = "Petrol"] was found
20:14:07 INFO  manager.MyListener - Start search element by locator-->By.id: gear
20:14:07 INFO  manager.MyListener - Element with locator-->By.id: gear was found
20:14:07 INFO  manager.MyListener - Start search element by locator-->By.xpath: .//option[@value = "MT"]
20:14:07 INFO  manager.MyListener - Element with locator-->By.xpath: .//option[@value = "MT"] was found
20:14:07 INFO  manager.MyListener - Start search element by locator-->By.id: wheelsDrive
20:14:07 INFO  manager.MyListener - Element with locator-->By.id: wheelsDrive was found
20:14:07 INFO  manager.MyListener - Start search element by locator-->By.xpath: .//option[@value = "AWD"]
20:14:07 INFO  manager.MyListener - Element with locator-->By.xpath: .//option[@value = "AWD"] was found
20:14:07 INFO  manager.MyListener - Start search element by locator-->By.id: doors
20:14:07 INFO  manager.MyListener - Element with locator-->By.id: doors was found
20:14:07 INFO  manager.MyListener - Start search element by locator-->By.id: seats
20:14:07 INFO  manager.MyListener - Element with locator-->By.id: seats was found
20:14:08 INFO  manager.MyListener - Start search element by locator-->By.id: class
20:14:08 INFO  manager.MyListener - Element with locator-->By.id: class was found
20:14:08 INFO  manager.MyListener - Start search element by locator-->By.id: fuelConsumption
20:14:08 INFO  manager.MyListener - Element with locator-->By.id: fuelConsumption was found
20:14:08 INFO  manager.MyListener - Start search element by locator-->By.id: serialNumber
20:14:08 INFO  manager.MyListener - Element with locator-->By.id: serialNumber was found
20:14:08 INFO  manager.MyListener - Start search element by locator-->By.id: price
20:14:08 INFO  manager.MyListener - Element with locator-->By.id: price was found
20:14:08 INFO  manager.MyListener - Start search element by locator-->By.id: distance
20:14:08 INFO  manager.MyListener - Element with locator-->By.id: distance was found
20:14:08 INFO  manager.MyListener - Start search element by locator-->By.cssSelector: input.feature-input
20:14:08 INFO  manager.MyListener - Element with locator-->By.cssSelector: input.feature-input was found
20:14:08 INFO  manager.MyListener - Start search element by locator-->By.id: about
20:14:08 INFO  manager.MyListener - Element with locator-->By.id: about was found
20:14:09 INFO  manager.MyListener - Start search element by locator-->By.id: photos
20:14:09 INFO  manager.MyListener - Element with locator-->By.id: photos was found
20:14:09 INFO  manager.MyListener - Start search element by locator-->By.cssSelector: div.error
20:14:09 INFO  manager.MyListener - Element with locator-->By.cssSelector: div.error was found
20:14:09 INFO  tests.TestBase - Car was not added, entered wrong data-->Price must be positive
20:14:09 INFO  manager.MyListener - Start search element by locator-->By.cssSelector: div.error
20:14:09 INFO  manager.MyListener - Element with locator-->By.cssSelector: div.error was found
20:14:09 INFO  manager.MyListener - Start search element by locator-->By.xpath: //*[@alt='logo']
20:14:09 INFO  manager.MyListener - Element with locator-->By.xpath: //*[@alt='logo'] was found
20:14:09 INFO  tests.TestBase - Ends test---> carSearchFail
20:14:09 INFO  tests.TestBase - Starts test---> carSearchFail
20:14:09 INFO  tests.TestBase - Car to be added-->Car(location=Samara, make=Japan, model=Honda, year=2001, engine=1,3, fuel=Petrol, gear=MT, wD=AWD, doors=4, seats=5, clasS=M, fuelConsumption=9,5, registrationNum=10-15-13339, price=-25, distance=120, features=New resin, about=Used but in good conditions)
20:14:09 INFO  manager.MyListener - Start search element by locator-->By.cssSelector: a[href='/let-car-work']
20:14:09 INFO  manager.MyListener - Element with locator-->By.cssSelector: a[href='/let-car-work'] was found
20:14:09 INFO  manager.MyListener - Start search element by locator-->By.id: pickUpPlace
20:14:09 INFO  manager.MyListener - Element with locator-->By.id: pickUpPlace was found
20:14:10 INFO  manager.MyListener - Start search element by locator-->By.cssSelector: div.pac-item
20:14:10 INFO  manager.MyListener - Element with locator-->By.cssSelector: div.pac-item was found
20:14:11 INFO  manager.MyListener - Start search element by locator-->By.cssSelector: input[id='make']
20:14:11 INFO  manager.MyListener - Element with locator-->By.cssSelector: input[id='make'] was found
20:14:11 INFO  manager.MyListener - Start search element by locator-->By.id: model
20:14:11 INFO  manager.MyListener - Element with locator-->By.id: model was found
20:14:11 INFO  manager.MyListener - Start search element by locator-->By.id: year
20:14:11 INFO  manager.MyListener - Element with locator-->By.id: year was found
20:14:11 INFO  manager.MyListener - Start search element by locator-->By.id: engine
20:14:11 INFO  manager.MyListener - Element with locator-->By.id: engine was found
20:14:11 INFO  manager.MyListener - Start search element by locator-->By.id: fuel
20:14:11 INFO  manager.MyListener - Element with locator-->By.id: fuel was found
20:14:11 INFO  manager.MyListener - Start search element by locator-->By.xpath: .//option[@value = "Petrol"]
20:14:11 INFO  manager.MyListener - Element with locator-->By.xpath: .//option[@value = "Petrol"] was found
20:14:11 INFO  manager.MyListener - Start search element by locator-->By.id: gear
20:14:11 INFO  manager.MyListener - Element with locator-->By.id: gear was found
20:14:11 INFO  manager.MyListener - Start search element by locator-->By.xpath: .//option[@value = "MT"]
20:14:11 INFO  manager.MyListener - Element with locator-->By.xpath: .//option[@value = "MT"] was found
20:14:11 INFO  manager.MyListener - Start search element by locator-->By.id: wheelsDrive
20:14:11 INFO  manager.MyListener - Element with locator-->By.id: wheelsDrive was found
20:14:11 INFO  manager.MyListener - Start search element by locator-->By.xpath: .//option[@value = "AWD"]
20:14:12 INFO  manager.MyListener - Element with locator-->By.xpath: .//option[@value = "AWD"] was found
20:14:12 INFO  manager.MyListener - Start search element by locator-->By.id: doors
20:14:12 INFO  manager.MyListener - Element with locator-->By.id: doors was found
20:14:12 INFO  manager.MyListener - Start search element by locator-->By.id: seats
20:14:12 INFO  manager.MyListener - Element with locator-->By.id: seats was found
20:14:12 INFO  manager.MyListener - Start search element by locator-->By.id: class
20:14:12 INFO  manager.MyListener - Element with locator-->By.id: class was found
20:14:12 INFO  manager.MyListener - Start search element by locator-->By.id: fuelConsumption
20:14:12 INFO  manager.MyListener - Element with locator-->By.id: fuelConsumption was found
20:14:12 INFO  manager.MyListener - Start search element by locator-->By.id: serialNumber
20:14:12 INFO  manager.MyListener - Element with locator-->By.id: serialNumber was found
20:14:12 INFO  manager.MyListener - Start search element by locator-->By.id: price
20:14:12 INFO  manager.MyListener - Element with locator-->By.id: price was found
20:14:12 INFO  manager.MyListener - Start search element by locator-->By.id: distance
20:14:12 INFO  manager.MyListener - Element with locator-->By.id: distance was found
20:14:13 INFO  manager.MyListener - Start search element by locator-->By.cssSelector: input.feature-input
20:14:13 INFO  manager.MyListener - Element with locator-->By.cssSelector: input.feature-input was found
20:14:13 INFO  manager.MyListener - Start search element by locator-->By.id: about
20:14:13 INFO  manager.MyListener - Element with locator-->By.id: about was found
20:14:13 INFO  manager.MyListener - Start search element by locator-->By.id: photos
20:14:13 INFO  manager.MyListener - Element with locator-->By.id: photos was found
20:14:13 INFO  manager.MyListener - Start search element by locator-->By.cssSelector: div.error
20:14:13 INFO  manager.MyListener - Element with locator-->By.cssSelector: div.error was found
20:14:13 INFO  tests.TestBase - Car was not added, entered wrong data-->Price must be positive
20:14:13 INFO  manager.MyListener - Start search element by locator-->By.cssSelector: div.error
20:14:13 INFO  manager.MyListener - Element with locator-->By.cssSelector: div.error was found
20:14:13 INFO  manager.MyListener - Start search element by locator-->By.xpath: //*[@alt='logo']
20:14:13 INFO  manager.MyListener - Element with locator-->By.xpath: //*[@alt='logo'] was found
20:14:13 INFO  tests.TestBase - Ends test---> carSearchFail
20:14:13 INFO  tests.TestBase - Starts test---> carSearchFail
20:14:13 INFO  tests.TestBase - Car to be added-->Car(location=Miami, make=Japan, model=Honda, year=2001, engine=1,3, fuel=Petrol, gear=MT, wD=AWD, doors=4, seats=5, clasS=M, fuelConsumption=9,5, registrationNum=10-15-13340, price=-25, distance=120, features=New resin, about=Used but in good conditions)
20:14:13 INFO  manager.MyListener - Start search element by locator-->By.cssSelector: a[href='/let-car-work']
20:14:13 INFO  manager.MyListener - Element with locator-->By.cssSelector: a[href='/let-car-work'] was found
20:14:13 INFO  manager.MyListener - Start search element by locator-->By.id: pickUpPlace
20:14:13 INFO  manager.MyListener - Element with locator-->By.id: pickUpPlace was found
20:14:14 INFO  manager.MyListener - Start search element by locator-->By.cssSelector: div.pac-item
20:14:14 INFO  manager.MyListener - Element with locator-->By.cssSelector: div.pac-item was found
20:14:15 INFO  manager.MyListener - Start search element by locator-->By.cssSelector: input[id='make']
20:14:15 INFO  manager.MyListener - Element with locator-->By.cssSelector: input[id='make'] was found
20:14:15 INFO  manager.MyListener - Start search element by locator-->By.id: model
20:14:15 INFO  manager.MyListener - Element with locator-->By.id: model was found
20:14:15 INFO  manager.MyListener - Start search element by locator-->By.id: year
20:14:15 INFO  manager.MyListener - Element with locator-->By.id: year was found
20:14:15 INFO  manager.MyListener - Start search element by locator-->By.id: engine
20:14:15 INFO  manager.MyListener - Element with locator-->By.id: engine was found
20:14:16 INFO  manager.MyListener - Start search element by locator-->By.id: fuel
20:14:16 INFO  manager.MyListener - Element with locator-->By.id: fuel was found
20:14:16 INFO  manager.MyListener - Start search element by locator-->By.xpath: .//option[@value = "Petrol"]
20:14:16 INFO  manager.MyListener - Element with locator-->By.xpath: .//option[@value = "Petrol"] was found
20:14:16 INFO  manager.MyListener - Start search element by locator-->By.id: gear
20:14:16 INFO  manager.MyListener - Element with locator-->By.id: gear was found
20:14:16 INFO  manager.MyListener - Start search element by locator-->By.xpath: .//option[@value = "MT"]
20:14:16 INFO  manager.MyListener - Element with locator-->By.xpath: .//option[@value = "MT"] was found
20:14:16 INFO  manager.MyListener - Start search element by locator-->By.id: wheelsDrive
20:14:16 INFO  manager.MyListener - Element with locator-->By.id: wheelsDrive was found
20:14:16 INFO  manager.MyListener - Start search element by locator-->By.xpath: .//option[@value = "AWD"]
20:14:16 INFO  manager.MyListener - Element with locator-->By.xpath: .//option[@value = "AWD"] was found
20:14:16 INFO  manager.MyListener - Start search element by locator-->By.id: doors
20:14:16 INFO  manager.MyListener - Element with locator-->By.id: doors was found
20:14:16 INFO  manager.MyListener - Start search element by locator-->By.id: seats
20:14:16 INFO  manager.MyListener - Element with locator-->By.id: seats was found
20:14:16 INFO  manager.MyListener - Start search element by locator-->By.id: class
20:14:16 INFO  manager.MyListener - Element with locator-->By.id: class was found
20:14:16 INFO  manager.MyListener - Start search element by locator-->By.id: fuelConsumption
20:14:16 INFO  manager.MyListener - Element with locator-->By.id: fuelConsumption was found
20:14:16 INFO  manager.MyListener - Start search element by locator-->By.id: serialNumber
20:14:17 INFO  manager.MyListener - Element with locator-->By.id: serialNumber was found
20:14:17 INFO  manager.MyListener - Start search element by locator-->By.id: price
20:14:17 INFO  manager.MyListener - Element with locator-->By.id: price was found
20:14:17 INFO  manager.MyListener - Start search element by locator-->By.id: distance
20:14:17 INFO  manager.MyListener - Element with locator-->By.id: distance was found
20:14:17 INFO  manager.MyListener - Start search element by locator-->By.cssSelector: input.feature-input
20:14:17 INFO  manager.MyListener - Element with locator-->By.cssSelector: input.feature-input was found
20:14:17 INFO  manager.MyListener - Start search element by locator-->By.id: about
20:14:17 INFO  manager.MyListener - Element with locator-->By.id: about was found
20:14:17 INFO  manager.MyListener - Start search element by locator-->By.id: photos
20:14:17 INFO  manager.MyListener - Element with locator-->By.id: photos was found
20:14:17 INFO  manager.MyListener - Start search element by locator-->By.cssSelector: div.error
20:14:17 INFO  manager.MyListener - Element with locator-->By.cssSelector: div.error was found
20:14:17 INFO  tests.TestBase - Car was not added, entered wrong data-->Price must be positive
20:14:17 INFO  manager.MyListener - Start search element by locator-->By.cssSelector: div.error
20:14:17 INFO  manager.MyListener - Element with locator-->By.cssSelector: div.error was found
20:14:17 INFO  manager.MyListener - Start search element by locator-->By.xpath: //*[@alt='logo']
20:14:17 INFO  manager.MyListener - Element with locator-->By.xpath: //*[@alt='logo'] was found
20:14:18 INFO  tests.TestBase - Ends test---> carSearchFail
20:14:18 INFO  tests.TestBase - Starts test---> carSearchSuccess
20:14:18 INFO  tests.TestBase - Test starts with car details:--->London, Porsh, UK
20:14:18 INFO  manager.MyListener - Start search element by locator-->By.cssSelector: a[href='/let-car-work']
20:14:18 INFO  manager.MyListener - Element with locator-->By.cssSelector: a[href='/let-car-work'] was found
20:14:18 INFO  manager.MyListener - Start search element by locator-->By.id: pickUpPlace
20:14:18 INFO  manager.MyListener - Element with locator-->By.id: pickUpPlace was found
20:14:18 INFO  manager.MyListener - Start search element by locator-->By.cssSelector: div.pac-item
20:14:18 INFO  manager.MyListener - Element with locator-->By.cssSelector: div.pac-item was found
20:14:19 INFO  manager.MyListener - Start search element by locator-->By.cssSelector: input[id='make']
20:14:19 INFO  manager.MyListener - Element with locator-->By.cssSelector: input[id='make'] was found
20:14:19 INFO  manager.MyListener - Start search element by locator-->By.id: model
20:14:20 INFO  manager.MyListener - Element with locator-->By.id: model was found
20:14:20 INFO  manager.MyListener - Start search element by locator-->By.id: year
20:14:20 INFO  manager.MyListener - Element with locator-->By.id: year was found
20:14:20 INFO  manager.MyListener - Start search element by locator-->By.id: engine
20:14:20 INFO  manager.MyListener - Element with locator-->By.id: engine was found
20:14:20 INFO  manager.MyListener - Start search element by locator-->By.id: fuel
20:14:20 INFO  manager.MyListener - Element with locator-->By.id: fuel was found
20:14:20 INFO  manager.MyListener - Start search element by locator-->By.xpath: .//option[@value = "Petrol"]
20:14:20 INFO  manager.MyListener - Element with locator-->By.xpath: .//option[@value = "Petrol"] was found
20:14:20 INFO  manager.MyListener - Start search element by locator-->By.id: gear
20:14:20 INFO  manager.MyListener - Element with locator-->By.id: gear was found
20:14:20 INFO  manager.MyListener - Start search element by locator-->By.xpath: .//option[@value = "SMT"]
20:14:20 INFO  manager.MyListener - Element with locator-->By.xpath: .//option[@value = "SMT"] was found
20:14:20 INFO  manager.MyListener - Start search element by locator-->By.id: wheelsDrive
20:14:20 INFO  manager.MyListener - Element with locator-->By.id: wheelsDrive was found
20:14:20 INFO  manager.MyListener - Start search element by locator-->By.xpath: .//option[@value = "FWD"]
20:14:20 INFO  manager.MyListener - Element with locator-->By.xpath: .//option[@value = "FWD"] was found
20:14:20 INFO  manager.MyListener - Start search element by locator-->By.id: doors
20:14:20 INFO  manager.MyListener - Element with locator-->By.id: doors was found
20:14:20 INFO  manager.MyListener - Start search element by locator-->By.id: seats
20:14:20 INFO  manager.MyListener - Element with locator-->By.id: seats was found
20:14:21 INFO  manager.MyListener - Start search element by locator-->By.id: class
20:14:21 INFO  manager.MyListener - Element with locator-->By.id: class was found
20:14:21 INFO  manager.MyListener - Start search element by locator-->By.id: fuelConsumption
20:14:21 INFO  manager.MyListener - Element with locator-->By.id: fuelConsumption was found
20:14:21 INFO  manager.MyListener - Start search element by locator-->By.id: serialNumber
20:14:21 INFO  manager.MyListener - Element with locator-->By.id: serialNumber was found
20:14:21 INFO  manager.MyListener - Start search element by locator-->By.id: price
20:14:21 INFO  manager.MyListener - Element with locator-->By.id: price was found
20:14:21 INFO  manager.MyListener - Start search element by locator-->By.id: distance
20:14:21 INFO  manager.MyListener - Element with locator-->By.id: distance was found
20:14:21 INFO  manager.MyListener - Start search element by locator-->By.cssSelector: input.feature-input
20:14:21 INFO  manager.MyListener - Element with locator-->By.cssSelector: input.feature-input was found
20:14:21 INFO  manager.MyListener - Start search element by locator-->By.id: about
20:14:21 INFO  manager.MyListener - Element with locator-->By.id: about was found
20:14:22 INFO  manager.MyListener - Start search element by locator-->By.id: photos
20:14:22 INFO  manager.MyListener - Element with locator-->By.id: photos was found
20:14:22 INFO  manager.MyListener - Start search element by locator-->By.xpath: //*[text()='Submit']
20:14:22 INFO  manager.MyListener - Element with locator-->By.xpath: //*[text()='Submit'] was found
20:14:23 INFO  manager.MyListener - Start search element by locator-->By.xpath: //*[text()='Submit']
20:14:23 INFO  manager.MyListener - Element with locator-->By.xpath: //*[text()='Submit'] was found
20:14:23 INFO  manager.MyListener - Start search element by locator-->By.xpath: //*[text()='Car added']
20:14:24 INFO  manager.MyListener - Element with locator-->By.xpath: //*[text()='Car added'] was found
20:14:24 INFO  tests.TestBase - Test finished, added car-->Car(location=London, make=UK, model=Porsh, year=2018, engine=2.8, fuel=Petrol, gear=SMT, wD=FWD, doors=3, seats=2, clasS=Sx, fuelConsumption=12, registrationNum=10-100-333858, price=80, distance=150, features=Red fast car, about=Super car)
20:14:24 INFO  manager.MyListener - Start search element by locator-->By.xpath: //*[text()='Search cars']
20:14:24 INFO  manager.MyListener - Element with locator-->By.xpath: //*[text()='Search cars'] was found
20:14:24 INFO  tests.TestBase - Ends test---> carSearchSuccess
20:14:24 INFO  tests.TestBase - Starts test---> carSearchSuccess
20:14:24 INFO  tests.TestBase - Test starts with car details:--->Berlin, Porsh, UK
20:14:24 INFO  manager.MyListener - Start search element by locator-->By.cssSelector: a[href='/let-car-work']
20:14:24 INFO  manager.MyListener - Element with locator-->By.cssSelector: a[href='/let-car-work'] was found
20:14:24 INFO  manager.MyListener - Start search element by locator-->By.id: pickUpPlace
20:14:24 INFO  manager.MyListener - Element with locator-->By.id: pickUpPlace was found
20:14:25 INFO  manager.MyListener - Start search element by locator-->By.cssSelector: div.pac-item
20:14:25 INFO  manager.MyListener - Element with locator-->By.cssSelector: div.pac-item was found
20:14:26 INFO  manager.MyListener - Start search element by locator-->By.cssSelector: input[id='make']
20:14:26 INFO  manager.MyListener - Element with locator-->By.cssSelector: input[id='make'] was found
20:14:26 INFO  manager.MyListener - Start search element by locator-->By.id: model
20:14:26 INFO  manager.MyListener - Element with locator-->By.id: model was found
20:14:26 INFO  manager.MyListener - Start search element by locator-->By.id: year
20:14:26 INFO  manager.MyListener - Element with locator-->By.id: year was found
20:14:26 INFO  manager.MyListener - Start search element by locator-->By.id: engine
20:14:26 INFO  manager.MyListener - Element with locator-->By.id: engine was found
20:14:27 INFO  manager.MyListener - Start search element by locator-->By.id: fuel
20:14:27 INFO  manager.MyListener - Element with locator-->By.id: fuel was found
20:14:27 INFO  manager.MyListener - Start search element by locator-->By.xpath: .//option[@value = "Petrol"]
20:14:27 INFO  manager.MyListener - Element with locator-->By.xpath: .//option[@value = "Petrol"] was found
20:14:27 INFO  manager.MyListener - Start search element by locator-->By.id: gear
20:14:27 INFO  manager.MyListener - Element with locator-->By.id: gear was found
20:14:27 INFO  manager.MyListener - Start search element by locator-->By.xpath: .//option[@value = "SMT"]
20:14:27 INFO  manager.MyListener - Element with locator-->By.xpath: .//option[@value = "SMT"] was found
20:14:27 INFO  manager.MyListener - Start search element by locator-->By.id: wheelsDrive
20:14:27 INFO  manager.MyListener - Element with locator-->By.id: wheelsDrive was found
20:14:27 INFO  manager.MyListener - Start search element by locator-->By.xpath: .//option[@value = "FWD"]
20:14:27 INFO  manager.MyListener - Element with locator-->By.xpath: .//option[@value = "FWD"] was found
20:14:27 INFO  manager.MyListener - Start search element by locator-->By.id: doors
20:14:27 INFO  manager.MyListener - Element with locator-->By.id: doors was found
20:14:27 INFO  manager.MyListener - Start search element by locator-->By.id: seats
20:14:27 INFO  manager.MyListener - Element with locator-->By.id: seats was found
20:14:27 INFO  manager.MyListener - Start search element by locator-->By.id: class
20:14:27 INFO  manager.MyListener - Element with locator-->By.id: class was found
20:14:27 INFO  manager.MyListener - Start search element by locator-->By.id: fuelConsumption
20:14:27 INFO  manager.MyListener - Element with locator-->By.id: fuelConsumption was found
20:14:27 INFO  manager.MyListener - Start search element by locator-->By.id: serialNumber
20:14:27 INFO  manager.MyListener - Element with locator-->By.id: serialNumber was found
20:14:28 INFO  manager.MyListener - Start search element by locator-->By.id: price
20:14:28 INFO  manager.MyListener - Element with locator-->By.id: price was found
20:14:28 INFO  manager.MyListener - Start search element by locator-->By.id: distance
20:14:28 INFO  manager.MyListener - Element with locator-->By.id: distance was found
20:14:28 INFO  manager.MyListener - Start search element by locator-->By.cssSelector: input.feature-input
20:14:28 INFO  manager.MyListener - Element with locator-->By.cssSelector: input.feature-input was found
20:14:28 INFO  manager.MyListener - Start search element by locator-->By.id: about
20:14:28 INFO  manager.MyListener - Element with locator-->By.id: about was found
20:14:28 INFO  manager.MyListener - Start search element by locator-->By.id: photos
20:14:28 INFO  manager.MyListener - Element with locator-->By.id: photos was found
20:14:28 INFO  manager.MyListener - Start search element by locator-->By.xpath: //*[text()='Submit']
20:14:28 INFO  manager.MyListener - Element with locator-->By.xpath: //*[text()='Submit'] was found
20:14:29 INFO  manager.MyListener - Start search element by locator-->By.xpath: //*[text()='Submit']
20:14:29 INFO  manager.MyListener - Element with locator-->By.xpath: //*[text()='Submit'] was found
20:14:29 INFO  manager.MyListener - Start search element by locator-->By.xpath: //*[text()='Car added']
20:14:30 INFO  manager.MyListener - Element with locator-->By.xpath: //*[text()='Car added'] was found
20:14:31 INFO  tests.TestBase - Ends test---> carSearchSuccess
20:14:31 INFO  tests.TestBase - Starts test---> carSearchSuccess
20:14:31 INFO  tests.TestBase - Test starts with car details:--->Paris, Porsh, UK
20:14:31 INFO  manager.MyListener - Start search element by locator-->By.cssSelector: a[href='/let-car-work']
20:14:31 INFO  manager.MyListener - Element with locator-->By.cssSelector: a[href='/let-car-work'] was found
20:14:36 INFO  manager.MyListener - Something went wrong: https://ilcarro-1578153671498.web.app/let-car-work
20:14:36 INFO  manager.MyListener - element not interactable
  (Session info: chrome=102.0.5005.63)
Build info: version: '3.141.59', revision: 'e82be7d358', time: '2018-11-14T08:17:03'
System info: host: 'ARTEMKA', ip: '192.168.0.103', os.name: 'Windows 10', os.arch: 'amd64', os.version: '10.0', java.version: '1.8.0_331'
Driver info: org.openqa.selenium.chrome.ChromeDriver
Capabilities {acceptInsecureCerts: false, browserName: chrome, browserVersion: 102.0.5005.63, chrome: {chromedriverVersion: 101.0.4951.41 (93c720db8323..., userDataDir: C:\Users\ompre\AppData\Loca...}, goog:chromeOptions: {debuggerAddress: localhost:56851}, javascriptEnabled: true, networkConnectionEnabled: false, pageLoadStrategy: normal, platform: WINDOWS, platformName: WINDOWS, proxy: Proxy(), setWindowRect: true, strictFileInteractability: false, timeouts: {implicit: 0, pageLoad: 300000, script: 30000}, unhandledPromptBehavior: dismiss and notify, webauthn:extension:credBlob: true, webauthn:extension:largeBlob: true, webauthn:virtualAuthenticators: true}
Session ID: 6484615f194d0636e5dcb008cd9e4d18
20:14:36 INFO  manager.MyListener - org.openqa.selenium.ElementNotInteractableException: element not interactable
  (Session info: chrome=102.0.5005.63)
Build info: version: '3.141.59', revision: 'e82be7d358', time: '2018-11-14T08:17:03'
System info: host: 'ARTEMKA', ip: '192.168.0.103', os.name: 'Windows 10', os.arch: 'amd64', os.version: '10.0', java.version: '1.8.0_331'
Driver info: org.openqa.selenium.chrome.ChromeDriver
Capabilities {acceptInsecureCerts: false, browserName: chrome, browserVersion: 102.0.5005.63, chrome: {chromedriverVersion: 101.0.4951.41 (93c720db8323..., userDataDir: C:\Users\ompre\AppData\Loca...}, goog:chromeOptions: {debuggerAddress: localhost:56851}, javascriptEnabled: true, networkConnectionEnabled: false, pageLoadStrategy: normal, platform: WINDOWS, platformName: WINDOWS, proxy: Proxy(), setWindowRect: true, strictFileInteractability: false, timeouts: {implicit: 0, pageLoad: 300000, script: 30000}, unhandledPromptBehavior: dismiss and notify, webauthn:extension:credBlob: true, webauthn:extension:largeBlob: true, webauthn:virtualAuthenticators: true}
Session ID: 6484615f194d0636e5dcb008cd9e4d18
20:14:36 INFO  tests.TestBase - Ends test---> carSearchSuccess
20:14:36 INFO  tests.TestBase - Starts test---> carSearchSuccess
20:14:36 INFO  tests.TestBase - Test starts with car details:--->Madrid, Porsh, UK
20:14:36 INFO  manager.MyListener - Start search element by locator-->By.cssSelector: a[href='/let-car-work']
20:14:36 INFO  manager.MyListener - Element with locator-->By.cssSelector: a[href='/let-car-work'] was found
20:14:41 INFO  manager.MyListener - Something went wrong: https://ilcarro-1578153671498.web.app/let-car-work
20:14:41 INFO  manager.MyListener - element not interactable
  (Session info: chrome=102.0.5005.63)
Build info: version: '3.141.59', revision: 'e82be7d358', time: '2018-11-14T08:17:03'
System info: host: 'ARTEMKA', ip: '192.168.0.103', os.name: 'Windows 10', os.arch: 'amd64', os.version: '10.0', java.version: '1.8.0_331'
Driver info: org.openqa.selenium.chrome.ChromeDriver
Capabilities {acceptInsecureCerts: false, browserName: chrome, browserVersion: 102.0.5005.63, chrome: {chromedriverVersion: 101.0.4951.41 (93c720db8323..., userDataDir: C:\Users\ompre\AppData\Loca...}, goog:chromeOptions: {debuggerAddress: localhost:56851}, javascriptEnabled: true, networkConnectionEnabled: false, pageLoadStrategy: normal, platform: WINDOWS, platformName: WINDOWS, proxy: Proxy(), setWindowRect: true, strictFileInteractability: false, timeouts: {implicit: 0, pageLoad: 300000, script: 30000}, unhandledPromptBehavior: dismiss and notify, webauthn:extension:credBlob: true, webauthn:extension:largeBlob: true, webauthn:virtualAuthenticators: true}
Session ID: 6484615f194d0636e5dcb008cd9e4d18
20:14:41 INFO  manager.MyListener - org.openqa.selenium.ElementNotInteractableException: element not interactable
  (Session info: chrome=102.0.5005.63)
Build info: version: '3.141.59', revision: 'e82be7d358', time: '2018-11-14T08:17:03'
System info: host: 'ARTEMKA', ip: '192.168.0.103', os.name: 'Windows 10', os.arch: 'amd64', os.version: '10.0', java.version: '1.8.0_331'
Driver info: org.openqa.selenium.chrome.ChromeDriver
Capabilities {acceptInsecureCerts: false, browserName: chrome, browserVersion: 102.0.5005.63, chrome: {chromedriverVersion: 101.0.4951.41 (93c720db8323..., userDataDir: C:\Users\ompre\AppData\Loca...}, goog:chromeOptions: {debuggerAddress: localhost:56851}, javascriptEnabled: true, networkConnectionEnabled: false, pageLoadStrategy: normal, platform: WINDOWS, platformName: WINDOWS, proxy: Proxy(), setWindowRect: true, strictFileInteractability: false, timeouts: {implicit: 0, pageLoad: 300000, script: 30000}, unhandledPromptBehavior: dismiss and notify, webauthn:extension:credBlob: true, webauthn:extension:largeBlob: true, webauthn:virtualAuthenticators: true}
Session ID: 6484615f194d0636e5dcb008cd9e4d18
20:14:41 INFO  tests.TestBase - Ends test---> carSearchSuccess
20:14:41 INFO  tests.TestBase - Starts test---> loginNegativeEmail
20:14:41 INFO  manager.MyListener - Start search element by locator-->By.xpath: //*[text()=' Logout ']
20:14:41 INFO  manager.MyListener - Element with locator-->By.xpath: //*[text()=' Logout '] was found
20:14:41 INFO  manager.MyListener - Start search element by locator-->By.xpath: //*[text()=' Logout ']
20:14:41 INFO  manager.MyListener - Element with locator-->By.xpath: //*[text()=' Logout '] was found
20:14:46 INFO  manager.MyListener - Something went wrong: https://ilcarro-1578153671498.web.app/let-car-work
20:14:46 INFO  manager.MyListener - element not interactable
  (Session info: chrome=102.0.5005.63)
Build info: version: '3.141.59', revision: 'e82be7d358', time: '2018-11-14T08:17:03'
System info: host: 'ARTEMKA', ip: '192.168.0.103', os.name: 'Windows 10', os.arch: 'amd64', os.version: '10.0', java.version: '1.8.0_331'
Driver info: org.openqa.selenium.chrome.ChromeDriver
Capabilities {acceptInsecureCerts: false, browserName: chrome, browserVersion: 102.0.5005.63, chrome: {chromedriverVersion: 101.0.4951.41 (93c720db8323..., userDataDir: C:\Users\ompre\AppData\Loca...}, goog:chromeOptions: {debuggerAddress: localhost:56851}, javascriptEnabled: true, networkConnectionEnabled: false, pageLoadStrategy: normal, platform: WINDOWS, platformName: WINDOWS, proxy: Proxy(), setWindowRect: true, strictFileInteractability: false, timeouts: {implicit: 0, pageLoad: 300000, script: 30000}, unhandledPromptBehavior: dismiss and notify, webauthn:extension:credBlob: true, webauthn:extension:largeBlob: true, webauthn:virtualAuthenticators: true}
Session ID: 6484615f194d0636e5dcb008cd9e4d18
20:14:46 INFO  manager.MyListener - org.openqa.selenium.ElementNotInteractableException: element not interactable
  (Session info: chrome=102.0.5005.63)
Build info: version: '3.141.59', revision: 'e82be7d358', time: '2018-11-14T08:17:03'
System info: host: 'ARTEMKA', ip: '192.168.0.103', os.name: 'Windows 10', os.arch: 'amd64', os.version: '10.0', java.version: '1.8.0_331'
Driver info: org.openqa.selenium.chrome.ChromeDriver
Capabilities {acceptInsecureCerts: false, browserName: chrome, browserVersion: 102.0.5005.63, chrome: {chromedriverVersion: 101.0.4951.41 (93c720db8323..., userDataDir: C:\Users\ompre\AppData\Loca...}, goog:chromeOptions: {debuggerAddress: localhost:56851}, javascriptEnabled: true, networkConnectionEnabled: false, pageLoadStrategy: normal, platform: WINDOWS, platformName: WINDOWS, proxy: Proxy(), setWindowRect: true, strictFileInteractability: false, timeouts: {implicit: 0, pageLoad: 300000, script: 30000}, unhandledPromptBehavior: dismiss and notify, webauthn:extension:credBlob: true, webauthn:extension:largeBlob: true, webauthn:virtualAuthenticators: true}
Session ID: 6484615f194d0636e5dcb008cd9e4d18
20:14:46 INFO  tests.TestBase - Starts test---> registrationNegativeExist
20:14:46 INFO  manager.MyListener - Start search element by locator-->By.xpath: //*[text()=' Logout ']
20:14:46 INFO  manager.MyListener - Element with locator-->By.xpath: //*[text()=' Logout '] was found
20:14:46 INFO  manager.MyListener - Start search element by locator-->By.xpath: //*[text()=' Logout ']
20:14:46 INFO  manager.MyListener - Element with locator-->By.xpath: //*[text()=' Logout '] was found
20:14:51 INFO  manager.MyListener - Something went wrong: https://ilcarro-1578153671498.web.app/let-car-work
20:14:51 INFO  manager.MyListener - element not interactable
  (Session info: chrome=102.0.5005.63)
Build info: version: '3.141.59', revision: 'e82be7d358', time: '2018-11-14T08:17:03'
System info: host: 'ARTEMKA', ip: '192.168.0.103', os.name: 'Windows 10', os.arch: 'amd64', os.version: '10.0', java.version: '1.8.0_331'
Driver info: org.openqa.selenium.chrome.ChromeDriver
Capabilities {acceptInsecureCerts: false, browserName: chrome, browserVersion: 102.0.5005.63, chrome: {chromedriverVersion: 101.0.4951.41 (93c720db8323..., userDataDir: C:\Users\ompre\AppData\Loca...}, goog:chromeOptions: {debuggerAddress: localhost:56851}, javascriptEnabled: true, networkConnectionEnabled: false, pageLoadStrategy: normal, platform: WINDOWS, platformName: WINDOWS, proxy: Proxy(), setWindowRect: true, strictFileInteractability: false, timeouts: {implicit: 0, pageLoad: 300000, script: 30000}, unhandledPromptBehavior: dismiss and notify, webauthn:extension:credBlob: true, webauthn:extension:largeBlob: true, webauthn:virtualAuthenticators: true}
Session ID: 6484615f194d0636e5dcb008cd9e4d18
20:14:51 INFO  manager.MyListener - org.openqa.selenium.ElementNotInteractableException: element not interactable
  (Session info: chrome=102.0.5005.63)
Build info: version: '3.141.59', revision: 'e82be7d358', time: '2018-11-14T08:17:03'
System info: host: 'ARTEMKA', ip: '192.168.0.103', os.name: 'Windows 10', os.arch: 'amd64', os.version: '10.0', java.version: '1.8.0_331'
Driver info: org.openqa.selenium.chrome.ChromeDriver
Capabilities {acceptInsecureCerts: false, browserName: chrome, browserVersion: 102.0.5005.63, chrome: {chromedriverVersion: 101.0.4951.41 (93c720db8323..., userDataDir: C:\Users\ompre\AppData\Loca...}, goog:chromeOptions: {debuggerAddress: localhost:56851}, javascriptEnabled: true, networkConnectionEnabled: false, pageLoadStrategy: normal, platform: WINDOWS, platformName: WINDOWS, proxy: Proxy(), setWindowRect: true, strictFileInteractability: false, timeouts: {implicit: 0, pageLoad: 300000, script: 30000}, unhandledPromptBehavior: dismiss and notify, webauthn:extension:credBlob: true, webauthn:extension:largeBlob: true, webauthn:virtualAuthenticators: true}
Session ID: 6484615f194d0636e5dcb008cd9e4d18
