18:09:21 INFO  manager.ApplicationManager - All tests starts in 'Chrome' browser
18:09:25 INFO  tests.TestBase - Starts test---> fillSearchFormFutureYears
18:09:25 INFO  tests.TestBase - rent details:-->Paris, from 25 Nov 2022 till 05 March 2023
18:09:25 INFO  manager.MyListener - Start search element by locator-->By.id: city
18:09:25 INFO  manager.MyListener - Element with locator-->By.id: city was found
18:09:25 INFO  manager.MyListener - Start search element by locator-->By.cssSelector: div.pac-item
18:09:25 INFO  manager.MyListener - Element with locator-->By.cssSelector: div.pac-item was found
18:09:26 INFO  manager.MyListener - Start search element by locator-->By.id: dates
18:09:26 INFO  manager.MyListener - Element with locator-->By.id: dates was found
18:09:26 INFO  manager.MyListener - Start search element by locator-->By.id: dates
18:09:27 INFO  manager.MyListener - Element with locator-->By.id: dates was found
18:09:27 INFO  manager.MyListener - Start search element by locator-->By.xpath: //button[@aria-label='Next month']
18:09:27 INFO  manager.MyListener - Element with locator-->By.xpath: //button[@aria-label='Next month'] was found
18:09:27 INFO  manager.MyListener - Start search element by locator-->By.xpath: //button[@aria-label='Next month']
18:09:27 INFO  manager.MyListener - Element with locator-->By.xpath: //button[@aria-label='Next month'] was found
18:09:27 INFO  manager.MyListener - Start search element by locator-->By.xpath: //button[@aria-label='Next month']
18:09:27 INFO  manager.MyListener - Element with locator-->By.xpath: //button[@aria-label='Next month'] was found
18:09:27 INFO  manager.MyListener - Start search element by locator-->By.xpath: //button[@aria-label='Next month']
18:09:27 INFO  manager.MyListener - Element with locator-->By.xpath: //button[@aria-label='Next month'] was found
18:09:27 INFO  manager.MyListener - Start search element by locator-->By.xpath: //button[@aria-label='Next month']
18:09:27 INFO  manager.MyListener - Element with locator-->By.xpath: //button[@aria-label='Next month'] was found
18:09:27 INFO  manager.MyListener - Start search element by locator-->By.xpath: //div[text()=' 25 ']
18:09:27 INFO  manager.MyListener - Element with locator-->By.xpath: //div[text()=' 25 '] was found
18:09:27 INFO  manager.MyListener - Start search element by locator-->By.xpath: //button[@aria-label='Next month']
18:09:27 INFO  manager.MyListener - Element with locator-->By.xpath: //button[@aria-label='Next month'] was found
18:09:27 INFO  manager.MyListener - Start search element by locator-->By.xpath: //button[@aria-label='Next month']
18:09:27 INFO  manager.MyListener - Element with locator-->By.xpath: //button[@aria-label='Next month'] was found
18:09:27 INFO  manager.MyListener - Start search element by locator-->By.xpath: //button[@aria-label='Next month']
18:09:27 INFO  manager.MyListener - Element with locator-->By.xpath: //button[@aria-label='Next month'] was found
18:09:27 INFO  manager.MyListener - Start search element by locator-->By.xpath: //button[@aria-label='Next month']
18:09:27 INFO  manager.MyListener - Element with locator-->By.xpath: //button[@aria-label='Next month'] was found
18:09:27 INFO  manager.MyListener - Start search element by locator-->By.xpath: //div[text()=' 5 ']
18:09:27 INFO  manager.MyListener - Element with locator-->By.xpath: //div[text()=' 5 '] was found
18:09:27 INFO  manager.MyListener - Start search element by locator-->By.cssSelector: form button[type='submit']
18:09:27 INFO  manager.MyListener - Element with locator-->By.cssSelector: form button[type='submit'] was found
18:09:27 INFO  manager.MyListener - Start search element by locator-->By.cssSelector: div.search-results
18:09:27 INFO  manager.MyListener - Element with locator-->By.cssSelector: div.search-results was found
18:09:27 INFO  tests.TestBase - Test finished Success
18:09:28 INFO  manager.MyListener - Start search element by locator-->By.xpath: //*[@alt='logo']
18:09:28 INFO  manager.MyListener - Element with locator-->By.xpath: //*[@alt='logo'] was found
18:09:28 INFO  manager.MyListener - Start search element by locator-->By.id: dates
18:09:28 INFO  manager.MyListener - Element with locator-->By.id: dates was found
18:09:30 INFO  tests.TestBase - Ends test---> fillSearchFormFutureYears
18:09:30 INFO  tests.TestBase - Starts test---> searchPeriodCurrentMonth
18:09:30 INFO  tests.TestBase - rent details:-->Tel Aviv, from 19 June 2022 till 30 June 2022
18:09:30 INFO  manager.MyListener - Start search element by locator-->By.id: city
18:09:30 INFO  manager.MyListener - Element with locator-->By.id: city was found
18:09:31 INFO  manager.MyListener - Start search element by locator-->By.cssSelector: div.pac-item
18:09:31 INFO  manager.MyListener - Element with locator-->By.cssSelector: div.pac-item was found
18:09:32 INFO  manager.MyListener - Start search element by locator-->By.id: dates
18:09:32 INFO  manager.MyListener - Element with locator-->By.id: dates was found
18:09:32 INFO  manager.MyListener - Start search element by locator-->By.id: dates
18:09:32 INFO  manager.MyListener - Element with locator-->By.id: dates was found
18:09:32 INFO  manager.MyListener - Start search element by locator-->By.xpath: //div[text()=' 19 ']
18:09:32 INFO  manager.MyListener - Element with locator-->By.xpath: //div[text()=' 19 '] was found
18:09:32 INFO  manager.MyListener - Start search element by locator-->By.xpath: //div[text()=' 30 ']
18:09:32 INFO  manager.MyListener - Element with locator-->By.xpath: //div[text()=' 30 '] was found
18:09:32 INFO  manager.MyListener - Start search element by locator-->By.cssSelector: form button[type='submit']
18:09:32 INFO  manager.MyListener - Element with locator-->By.cssSelector: form button[type='submit'] was found
18:09:32 INFO  manager.MyListener - Start search element by locator-->By.cssSelector: div.search-results
18:09:32 INFO  manager.MyListener - Element with locator-->By.cssSelector: div.search-results was found
18:09:32 INFO  tests.TestBase - Test finished Success
18:09:32 INFO  manager.MyListener - Start search element by locator-->By.xpath: //*[@alt='logo']
18:09:32 INFO  manager.MyListener - Element with locator-->By.xpath: //*[@alt='logo'] was found
18:09:32 INFO  manager.MyListener - Start search element by locator-->By.id: dates
18:09:32 INFO  manager.MyListener - Element with locator-->By.id: dates was found
18:09:34 INFO  tests.TestBase - Ends test---> searchPeriodCurrentMonth
18:09:34 INFO  tests.TestBase - Starts test---> searchPeriodInFuture
18:09:34 INFO  tests.TestBase - rent details:-->Moscow, from 25 Oct 2022 till 28 Nov 2022
18:09:34 INFO  manager.MyListener - Start search element by locator-->By.id: city
18:09:34 INFO  manager.MyListener - Element with locator-->By.id: city was found
18:09:35 INFO  manager.MyListener - Start search element by locator-->By.cssSelector: div.pac-item
18:09:35 INFO  manager.MyListener - Element with locator-->By.cssSelector: div.pac-item was found
18:09:36 INFO  manager.MyListener - Start search element by locator-->By.id: dates
18:09:36 INFO  manager.MyListener - Element with locator-->By.id: dates was found
18:09:36 INFO  manager.MyListener - Start search element by locator-->By.id: dates
18:09:36 INFO  manager.MyListener - Element with locator-->By.id: dates was found
18:09:36 INFO  manager.MyListener - Start search element by locator-->By.xpath: //button[@aria-label='Next month']
18:09:36 INFO  manager.MyListener - Element with locator-->By.xpath: //button[@aria-label='Next month'] was found
18:09:36 INFO  manager.MyListener - Start search element by locator-->By.xpath: //button[@aria-label='Next month']
18:09:36 INFO  manager.MyListener - Element with locator-->By.xpath: //button[@aria-label='Next month'] was found
18:09:36 INFO  manager.MyListener - Start search element by locator-->By.xpath: //button[@aria-label='Next month']
18:09:36 INFO  manager.MyListener - Element with locator-->By.xpath: //button[@aria-label='Next month'] was found
18:09:37 INFO  manager.MyListener - Start search element by locator-->By.xpath: //button[@aria-label='Next month']
18:09:37 INFO  manager.MyListener - Element with locator-->By.xpath: //button[@aria-label='Next month'] was found
18:09:37 INFO  manager.MyListener - Start search element by locator-->By.xpath: //div[text()=' 25 ']
18:09:37 INFO  manager.MyListener - Element with locator-->By.xpath: //div[text()=' 25 '] was found
18:09:37 INFO  manager.MyListener - Start search element by locator-->By.xpath: //button[@aria-label='Next month']
18:09:37 INFO  manager.MyListener - Element with locator-->By.xpath: //button[@aria-label='Next month'] was found
18:09:37 INFO  manager.MyListener - Start search element by locator-->By.xpath: //div[text()=' 28 ']
18:09:37 INFO  manager.MyListener - Element with locator-->By.xpath: //div[text()=' 28 '] was found
18:09:37 INFO  manager.MyListener - Start search element by locator-->By.cssSelector: form button[type='submit']
18:09:37 INFO  manager.MyListener - Element with locator-->By.cssSelector: form button[type='submit'] was found
18:09:37 INFO  manager.MyListener - Start search element by locator-->By.cssSelector: div.search-results
18:09:37 INFO  manager.MyListener - Element with locator-->By.cssSelector: div.search-results was found
18:09:37 INFO  tests.TestBase - Test finished Success
18:09:37 INFO  manager.MyListener - Start search element by locator-->By.xpath: //*[@alt='logo']
18:09:37 INFO  manager.MyListener - Element with locator-->By.xpath: //*[@alt='logo'] was found
18:09:37 INFO  manager.MyListener - Start search element by locator-->By.id: dates
18:09:37 INFO  manager.MyListener - Element with locator-->By.id: dates was found
18:09:39 INFO  tests.TestBase - Ends test---> searchPeriodInFuture
18:09:39 INFO  tests.TestBase - Starts test---> searchPeriodInFutureLocalData
18:09:39 INFO  tests.TestBase - rent details:-->Tokio, from 25 Jan 2023 till 28 May 2023
18:09:39 INFO  manager.MyListener - Start search element by locator-->By.id: city
18:09:39 INFO  manager.MyListener - Element with locator-->By.id: city was found
18:09:40 INFO  manager.MyListener - Start search element by locator-->By.cssSelector: div.pac-item
18:09:41 INFO  manager.MyListener - Element with locator-->By.cssSelector: div.pac-item was found
18:09:42 INFO  manager.MyListener - Start search element by locator-->By.id: dates
18:09:42 INFO  manager.MyListener - Element with locator-->By.id: dates was found
18:09:42 INFO  manager.MyListener - Start search element by locator-->By.id: dates
18:09:42 INFO  manager.MyListener - Element with locator-->By.id: dates was found
18:09:42 INFO  manager.MyListener - Start search element by locator-->By.xpath: //button[@aria-label='Next month']
18:09:42 INFO  manager.MyListener - Element with locator-->By.xpath: //button[@aria-label='Next month'] was found
18:09:42 INFO  manager.MyListener - Start search element by locator-->By.xpath: //button[@aria-label='Next month']
18:09:42 INFO  manager.MyListener - Element with locator-->By.xpath: //button[@aria-label='Next month'] was found
18:09:42 INFO  manager.MyListener - Start search element by locator-->By.xpath: //button[@aria-label='Next month']
18:09:42 INFO  manager.MyListener - Element with locator-->By.xpath: //button[@aria-label='Next month'] was found
18:09:42 INFO  manager.MyListener - Start search element by locator-->By.xpath: //button[@aria-label='Next month']
18:09:42 INFO  manager.MyListener - Element with locator-->By.xpath: //button[@aria-label='Next month'] was found
18:09:42 INFO  manager.MyListener - Start search element by locator-->By.xpath: //button[@aria-label='Next month']
18:09:42 INFO  manager.MyListener - Element with locator-->By.xpath: //button[@aria-label='Next month'] was found
18:09:42 INFO  manager.MyListener - Start search element by locator-->By.xpath: //button[@aria-label='Next month']
18:09:42 INFO  manager.MyListener - Element with locator-->By.xpath: //button[@aria-label='Next month'] was found
18:09:42 INFO  manager.MyListener - Start search element by locator-->By.xpath: //button[@aria-label='Next month']
18:09:42 INFO  manager.MyListener - Element with locator-->By.xpath: //button[@aria-label='Next month'] was found
18:09:42 INFO  manager.MyListener - Start search element by locator-->By.xpath: //div[text()=' 25 ']
18:09:42 INFO  manager.MyListener - Element with locator-->By.xpath: //div[text()=' 25 '] was found
18:09:43 INFO  manager.MyListener - Start search element by locator-->By.xpath: //button[@aria-label='Next month']
18:09:43 INFO  manager.MyListener - Element with locator-->By.xpath: //button[@aria-label='Next month'] was found
18:09:43 INFO  manager.MyListener - Start search element by locator-->By.xpath: //button[@aria-label='Next month']
18:09:43 INFO  manager.MyListener - Element with locator-->By.xpath: //button[@aria-label='Next month'] was found
18:09:43 INFO  manager.MyListener - Start search element by locator-->By.xpath: //button[@aria-label='Next month']
18:09:43 INFO  manager.MyListener - Element with locator-->By.xpath: //button[@aria-label='Next month'] was found
18:09:43 INFO  manager.MyListener - Start search element by locator-->By.xpath: //button[@aria-label='Next month']
18:09:43 INFO  manager.MyListener - Element with locator-->By.xpath: //button[@aria-label='Next month'] was found
18:09:43 INFO  manager.MyListener - Start search element by locator-->By.xpath: //div[text()=' 28 ']
18:09:43 INFO  manager.MyListener - Element with locator-->By.xpath: //div[text()=' 28 '] was found
18:09:43 INFO  manager.MyListener - Start search element by locator-->By.cssSelector: form button[type='submit']
18:09:43 INFO  manager.MyListener - Element with locator-->By.cssSelector: form button[type='submit'] was found
18:09:43 INFO  manager.MyListener - Start search element by locator-->By.cssSelector: div.search-results
18:09:43 INFO  manager.MyListener - Element with locator-->By.cssSelector: div.search-results was found
18:09:43 INFO  tests.TestBase - Test finished Success
18:09:43 INFO  manager.MyListener - Start search element by locator-->By.xpath: //*[@alt='logo']
18:09:43 INFO  manager.MyListener - Element with locator-->By.xpath: //*[@alt='logo'] was found
18:09:43 INFO  manager.MyListener - Start search element by locator-->By.id: dates
18:09:43 INFO  manager.MyListener - Element with locator-->By.id: dates was found
18:09:45 INFO  tests.TestBase - Ends test---> searchPeriodInFutureLocalData
18:09:45 INFO  manager.MyListener - Start search element by locator-->By.xpath: //*[text()=' Logout ']
18:09:50 INFO  manager.MyListener - Element with locator-->By.xpath: //*[text()=' Logout '] was found
18:09:50 INFO  manager.MyListener - Start search element by locator-->By.xpath: //*[text()=' Log in ']
18:09:50 INFO  manager.MyListener - Element with locator-->By.xpath: //*[text()=' Log in '] was found
18:09:50 INFO  manager.MyListener - Start search element by locator-->By.cssSelector: div input#email
18:09:50 INFO  manager.MyListener - Element with locator-->By.cssSelector: div input#email was found
18:09:51 INFO  manager.MyListener - Start search element by locator-->By.cssSelector: div input#password
18:09:51 INFO  manager.MyListener - Element with locator-->By.cssSelector: div input#password was found
18:09:51 INFO  manager.MyListener - Start search element by locator-->By.cssSelector: form button[type='submit']
18:09:51 INFO  manager.MyListener - Element with locator-->By.cssSelector: form button[type='submit'] was found
18:09:51 INFO  tests.TestBase - Starts test---> carSearchFail
18:09:51 INFO  tests.TestBase - Car to be added-->Car(location=Tel Aviv, make=Japan, model=Honda, year=2001, engine=1,3, fuel=Petrol, gear=MT, wD=AWD, doors=4, seats=5, clasS=M, fuelConsumption=9,5, registrationNum=10-15-13333982, price=-25, distance=120, features=New resin, about=Used but in good conditions)
18:09:51 INFO  manager.MyListener - Start search element by locator-->By.cssSelector: a[href='/let-car-work']
18:09:51 INFO  manager.MyListener - Element with locator-->By.cssSelector: a[href='/let-car-work'] was found
18:09:51 INFO  manager.MyListener - Start search element by locator-->By.id: pickUpPlace
18:09:51 INFO  manager.MyListener - Element with locator-->By.id: pickUpPlace was found
18:09:52 INFO  manager.MyListener - Start search element by locator-->By.cssSelector: div.pac-item
18:09:52 INFO  manager.MyListener - Element with locator-->By.cssSelector: div.pac-item was found
18:09:53 INFO  manager.MyListener - Start search element by locator-->By.cssSelector: input[id='make']
18:09:53 INFO  manager.MyListener - Element with locator-->By.cssSelector: input[id='make'] was found
18:09:53 INFO  manager.MyListener - Start search element by locator-->By.id: model
18:09:53 INFO  manager.MyListener - Element with locator-->By.id: model was found
18:09:53 INFO  manager.MyListener - Start search element by locator-->By.id: year
18:09:53 INFO  manager.MyListener - Element with locator-->By.id: year was found
18:09:53 INFO  manager.MyListener - Start search element by locator-->By.id: engine
18:09:53 INFO  manager.MyListener - Element with locator-->By.id: engine was found
18:09:54 INFO  manager.MyListener - Start search element by locator-->By.id: fuel
18:09:54 INFO  manager.MyListener - Element with locator-->By.id: fuel was found
18:09:54 INFO  manager.MyListener - Start search element by locator-->By.xpath: .//option[@value = "Petrol"]
18:09:54 INFO  manager.MyListener - Element with locator-->By.xpath: .//option[@value = "Petrol"] was found
18:09:54 INFO  manager.MyListener - Start search element by locator-->By.id: gear
18:09:54 INFO  manager.MyListener - Element with locator-->By.id: gear was found
18:09:54 INFO  manager.MyListener - Start search element by locator-->By.xpath: .//option[@value = "MT"]
18:09:54 INFO  manager.MyListener - Element with locator-->By.xpath: .//option[@value = "MT"] was found
18:09:54 INFO  manager.MyListener - Start search element by locator-->By.id: wheelsDrive
18:09:54 INFO  manager.MyListener - Element with locator-->By.id: wheelsDrive was found
18:09:54 INFO  manager.MyListener - Start search element by locator-->By.xpath: .//option[@value = "AWD"]
18:09:54 INFO  manager.MyListener - Element with locator-->By.xpath: .//option[@value = "AWD"] was found
18:09:54 INFO  manager.MyListener - Start search element by locator-->By.id: doors
18:09:54 INFO  manager.MyListener - Element with locator-->By.id: doors was found
18:09:54 INFO  manager.MyListener - Start search element by locator-->By.id: seats
18:09:54 INFO  manager.MyListener - Element with locator-->By.id: seats was found
18:09:54 INFO  manager.MyListener - Start search element by locator-->By.id: class
18:09:54 INFO  manager.MyListener - Element with locator-->By.id: class was found
18:09:54 INFO  manager.MyListener - Start search element by locator-->By.id: fuelConsumption
18:09:54 INFO  manager.MyListener - Element with locator-->By.id: fuelConsumption was found
18:09:54 INFO  manager.MyListener - Start search element by locator-->By.id: serialNumber
18:09:54 INFO  manager.MyListener - Element with locator-->By.id: serialNumber was found
18:09:55 INFO  manager.MyListener - Start search element by locator-->By.id: price
18:09:55 INFO  manager.MyListener - Element with locator-->By.id: price was found
18:09:55 INFO  manager.MyListener - Start search element by locator-->By.id: distance
18:09:55 INFO  manager.MyListener - Element with locator-->By.id: distance was found
18:09:55 INFO  manager.MyListener - Start search element by locator-->By.cssSelector: input.feature-input
18:09:55 INFO  manager.MyListener - Element with locator-->By.cssSelector: input.feature-input was found
18:09:55 INFO  manager.MyListener - Start search element by locator-->By.id: about
18:09:55 INFO  manager.MyListener - Element with locator-->By.id: about was found
18:09:55 INFO  manager.MyListener - Start search element by locator-->By.id: photos
18:09:55 INFO  manager.MyListener - Element with locator-->By.id: photos was found
18:09:55 INFO  manager.MyListener - Start search element by locator-->By.cssSelector: div.error
18:09:55 INFO  manager.MyListener - Element with locator-->By.cssSelector: div.error was found
18:09:55 INFO  tests.TestBase - Car was not added, entered wrong data-->Price must be positive
18:09:55 INFO  manager.MyListener - Start search element by locator-->By.cssSelector: div.error
18:09:55 INFO  manager.MyListener - Element with locator-->By.cssSelector: div.error was found
18:09:55 INFO  manager.MyListener - Start search element by locator-->By.xpath: //*[@alt='logo']
18:09:55 INFO  manager.MyListener - Element with locator-->By.xpath: //*[@alt='logo'] was found
18:09:55 INFO  tests.TestBase - Ends test---> carSearchFail
18:09:55 INFO  tests.TestBase - Starts test---> carSearchFail
18:09:55 INFO  tests.TestBase - Car to be added-->Car(location=Moscow, make=Japan, model=Honda, year=2001, engine=1,3, fuel=Petrol, gear=MT, wD=AWD, doors=4, seats=5, clasS=M, fuelConsumption=9,5, registrationNum=10-15-13334987, price=-25, distance=120, features=New resin, about=Used but in good conditions)
18:09:55 INFO  manager.MyListener - Start search element by locator-->By.cssSelector: a[href='/let-car-work']
18:09:55 INFO  manager.MyListener - Element with locator-->By.cssSelector: a[href='/let-car-work'] was found
18:09:56 INFO  manager.MyListener - Start search element by locator-->By.id: pickUpPlace
18:09:56 INFO  manager.MyListener - Element with locator-->By.id: pickUpPlace was found
18:09:56 INFO  manager.MyListener - Start search element by locator-->By.cssSelector: div.pac-item
18:09:57 INFO  manager.MyListener - Element with locator-->By.cssSelector: div.pac-item was found
18:09:58 INFO  manager.MyListener - Start search element by locator-->By.cssSelector: input[id='make']
18:09:58 INFO  manager.MyListener - Element with locator-->By.cssSelector: input[id='make'] was found
18:09:58 INFO  manager.MyListener - Start search element by locator-->By.id: model
18:09:58 INFO  manager.MyListener - Element with locator-->By.id: model was found
18:09:58 INFO  manager.MyListener - Start search element by locator-->By.id: year
18:09:58 INFO  manager.MyListener - Element with locator-->By.id: year was found
18:09:58 INFO  manager.MyListener - Start search element by locator-->By.id: engine
18:09:58 INFO  manager.MyListener - Element with locator-->By.id: engine was found
18:09:58 INFO  manager.MyListener - Start search element by locator-->By.id: fuel
18:09:59 INFO  manager.MyListener - Element with locator-->By.id: fuel was found
18:09:59 INFO  manager.MyListener - Start search element by locator-->By.xpath: .//option[@value = "Petrol"]
18:09:59 INFO  manager.MyListener - Element with locator-->By.xpath: .//option[@value = "Petrol"] was found
18:09:59 INFO  manager.MyListener - Start search element by locator-->By.id: gear
18:09:59 INFO  manager.MyListener - Element with locator-->By.id: gear was found
18:09:59 INFO  manager.MyListener - Start search element by locator-->By.xpath: .//option[@value = "MT"]
18:09:59 INFO  manager.MyListener - Element with locator-->By.xpath: .//option[@value = "MT"] was found
18:09:59 INFO  manager.MyListener - Start search element by locator-->By.id: wheelsDrive
18:09:59 INFO  manager.MyListener - Element with locator-->By.id: wheelsDrive was found
18:09:59 INFO  manager.MyListener - Start search element by locator-->By.xpath: .//option[@value = "AWD"]
18:09:59 INFO  manager.MyListener - Element with locator-->By.xpath: .//option[@value = "AWD"] was found
18:09:59 INFO  manager.MyListener - Start search element by locator-->By.id: doors
18:09:59 INFO  manager.MyListener - Element with locator-->By.id: doors was found
18:09:59 INFO  manager.MyListener - Start search element by locator-->By.id: seats
18:09:59 INFO  manager.MyListener - Element with locator-->By.id: seats was found
18:09:59 INFO  manager.MyListener - Start search element by locator-->By.id: class
18:09:59 INFO  manager.MyListener - Element with locator-->By.id: class was found
18:09:59 INFO  manager.MyListener - Start search element by locator-->By.id: fuelConsumption
18:09:59 INFO  manager.MyListener - Element with locator-->By.id: fuelConsumption was found
18:09:59 INFO  manager.MyListener - Start search element by locator-->By.id: serialNumber
18:09:59 INFO  manager.MyListener - Element with locator-->By.id: serialNumber was found
18:10:00 INFO  manager.MyListener - Start search element by locator-->By.id: price
18:10:00 INFO  manager.MyListener - Element with locator-->By.id: price was found
18:10:00 INFO  manager.MyListener - Start search element by locator-->By.id: distance
18:10:00 INFO  manager.MyListener - Element with locator-->By.id: distance was found
18:10:00 INFO  manager.MyListener - Start search element by locator-->By.cssSelector: input.feature-input
18:10:00 INFO  manager.MyListener - Element with locator-->By.cssSelector: input.feature-input was found
18:10:00 INFO  manager.MyListener - Start search element by locator-->By.id: about
18:10:00 INFO  manager.MyListener - Element with locator-->By.id: about was found
18:10:00 INFO  manager.MyListener - Start search element by locator-->By.id: photos
18:10:00 INFO  manager.MyListener - Element with locator-->By.id: photos was found
18:10:00 INFO  manager.MyListener - Start search element by locator-->By.cssSelector: div.error
18:10:00 INFO  manager.MyListener - Element with locator-->By.cssSelector: div.error was found
18:10:00 INFO  tests.TestBase - Car was not added, entered wrong data-->Price must be positive
18:10:00 INFO  manager.MyListener - Start search element by locator-->By.cssSelector: div.error
18:10:00 INFO  manager.MyListener - Element with locator-->By.cssSelector: div.error was found
18:10:00 INFO  manager.MyListener - Start search element by locator-->By.xpath: //*[@alt='logo']
18:10:00 INFO  manager.MyListener - Element with locator-->By.xpath: //*[@alt='logo'] was found
18:10:00 INFO  tests.TestBase - Ends test---> carSearchFail
18:10:00 INFO  tests.TestBase - Starts test---> carSearchFail
18:10:00 INFO  tests.TestBase - Car to be added-->Car(location=Tokio, make=Japan, model=Honda, year=2001, engine=1,3, fuel=Petrol, gear=MT, wD=AWD, doors=4, seats=5, clasS=M, fuelConsumption=9,5, registrationNum=10-15-13335991, price=-25, distance=120, features=New resin, about=Used but in good conditions)
18:10:00 INFO  manager.MyListener - Start search element by locator-->By.cssSelector: a[href='/let-car-work']
18:10:00 INFO  manager.MyListener - Element with locator-->By.cssSelector: a[href='/let-car-work'] was found
18:10:00 INFO  manager.MyListener - Start search element by locator-->By.id: pickUpPlace
18:10:01 INFO  manager.MyListener - Element with locator-->By.id: pickUpPlace was found
18:10:01 INFO  manager.MyListener - Start search element by locator-->By.cssSelector: div.pac-item
18:10:02 INFO  manager.MyListener - Element with locator-->By.cssSelector: div.pac-item was found
18:10:03 INFO  manager.MyListener - Start search element by locator-->By.cssSelector: input[id='make']
18:10:03 INFO  manager.MyListener - Element with locator-->By.cssSelector: input[id='make'] was found
18:10:03 INFO  manager.MyListener - Start search element by locator-->By.id: model
18:10:03 INFO  manager.MyListener - Element with locator-->By.id: model was found
18:10:03 INFO  manager.MyListener - Start search element by locator-->By.id: year
18:10:03 INFO  manager.MyListener - Element with locator-->By.id: year was found
18:10:03 INFO  manager.MyListener - Start search element by locator-->By.id: engine
18:10:03 INFO  manager.MyListener - Element with locator-->By.id: engine was found
18:10:03 INFO  manager.MyListener - Start search element by locator-->By.id: fuel
18:10:03 INFO  manager.MyListener - Element with locator-->By.id: fuel was found
18:10:03 INFO  manager.MyListener - Start search element by locator-->By.xpath: .//option[@value = "Petrol"]
18:10:04 INFO  manager.MyListener - Element with locator-->By.xpath: .//option[@value = "Petrol"] was found
18:10:04 INFO  manager.MyListener - Start search element by locator-->By.id: gear
18:10:04 INFO  manager.MyListener - Element with locator-->By.id: gear was found
18:10:04 INFO  manager.MyListener - Start search element by locator-->By.xpath: .//option[@value = "MT"]
18:10:04 INFO  manager.MyListener - Element with locator-->By.xpath: .//option[@value = "MT"] was found
18:10:04 INFO  manager.MyListener - Start search element by locator-->By.id: wheelsDrive
18:10:04 INFO  manager.MyListener - Element with locator-->By.id: wheelsDrive was found
18:10:04 INFO  manager.MyListener - Start search element by locator-->By.xpath: .//option[@value = "AWD"]
18:10:04 INFO  manager.MyListener - Element with locator-->By.xpath: .//option[@value = "AWD"] was found
18:10:04 INFO  manager.MyListener - Start search element by locator-->By.id: doors
18:10:04 INFO  manager.MyListener - Element with locator-->By.id: doors was found
18:10:04 INFO  manager.MyListener - Start search element by locator-->By.id: seats
18:10:04 INFO  manager.MyListener - Element with locator-->By.id: seats was found
18:10:04 INFO  manager.MyListener - Start search element by locator-->By.id: class
18:10:04 INFO  manager.MyListener - Element with locator-->By.id: class was found
18:10:04 INFO  manager.MyListener - Start search element by locator-->By.id: fuelConsumption
18:10:04 INFO  manager.MyListener - Element with locator-->By.id: fuelConsumption was found
18:10:04 INFO  manager.MyListener - Start search element by locator-->By.id: serialNumber
18:10:04 INFO  manager.MyListener - Element with locator-->By.id: serialNumber was found
18:10:04 INFO  manager.MyListener - Start search element by locator-->By.id: price
18:10:04 INFO  manager.MyListener - Element with locator-->By.id: price was found
18:10:05 INFO  manager.MyListener - Start search element by locator-->By.id: distance
18:10:05 INFO  manager.MyListener - Element with locator-->By.id: distance was found
18:10:05 INFO  manager.MyListener - Start search element by locator-->By.cssSelector: input.feature-input
18:10:05 INFO  manager.MyListener - Element with locator-->By.cssSelector: input.feature-input was found
18:10:05 INFO  manager.MyListener - Start search element by locator-->By.id: about
18:10:05 INFO  manager.MyListener - Element with locator-->By.id: about was found
18:10:05 INFO  manager.MyListener - Start search element by locator-->By.id: photos
18:10:05 INFO  manager.MyListener - Element with locator-->By.id: photos was found
18:10:05 INFO  manager.MyListener - Start search element by locator-->By.cssSelector: div.error
18:10:05 INFO  manager.MyListener - Element with locator-->By.cssSelector: div.error was found
18:10:05 INFO  tests.TestBase - Car was not added, entered wrong data-->Price must be positive
18:10:05 INFO  manager.MyListener - Start search element by locator-->By.cssSelector: div.error
18:10:05 INFO  manager.MyListener - Element with locator-->By.cssSelector: div.error was found
18:10:05 INFO  manager.MyListener - Start search element by locator-->By.xpath: //*[@alt='logo']
18:10:05 INFO  manager.MyListener - Element with locator-->By.xpath: //*[@alt='logo'] was found
18:10:05 INFO  tests.TestBase - Ends test---> carSearchFail
18:10:05 INFO  tests.TestBase - Starts test---> carSearchFail
18:10:05 INFO  tests.TestBase - Car to be added-->Car(location=Vienna, make=Japan, model=Honda, year=2001, engine=1,3, fuel=Petrol, gear=MT, wD=AWD, doors=4, seats=5, clasS=M, fuelConsumption=9,5, registrationNum=10-15-13336996, price=-25, distance=120, features=New resin, about=Used but in good conditions)
18:10:05 INFO  manager.MyListener - Start search element by locator-->By.cssSelector: a[href='/let-car-work']
18:10:05 INFO  manager.MyListener - Element with locator-->By.cssSelector: a[href='/let-car-work'] was found
18:10:05 INFO  manager.MyListener - Start search element by locator-->By.id: pickUpPlace
18:10:05 INFO  manager.MyListener - Element with locator-->By.id: pickUpPlace was found
18:10:06 INFO  manager.MyListener - Start search element by locator-->By.cssSelector: div.pac-item
18:10:07 INFO  manager.MyListener - Element with locator-->By.cssSelector: div.pac-item was found
18:10:08 INFO  manager.MyListener - Start search element by locator-->By.cssSelector: input[id='make']
18:10:08 INFO  manager.MyListener - Element with locator-->By.cssSelector: input[id='make'] was found
18:10:08 INFO  manager.MyListener - Start search element by locator-->By.id: model
18:10:08 INFO  manager.MyListener - Element with locator-->By.id: model was found
18:10:08 INFO  manager.MyListener - Start search element by locator-->By.id: year
18:10:08 INFO  manager.MyListener - Element with locator-->By.id: year was found
18:10:08 INFO  manager.MyListener - Start search element by locator-->By.id: engine
18:10:08 INFO  manager.MyListener - Element with locator-->By.id: engine was found
18:10:08 INFO  manager.MyListener - Start search element by locator-->By.id: fuel
18:10:08 INFO  manager.MyListener - Element with locator-->By.id: fuel was found
18:10:09 INFO  manager.MyListener - Start search element by locator-->By.xpath: .//option[@value = "Petrol"]
18:10:09 INFO  manager.MyListener - Element with locator-->By.xpath: .//option[@value = "Petrol"] was found
18:10:09 INFO  manager.MyListener - Start search element by locator-->By.id: gear
18:10:09 INFO  manager.MyListener - Element with locator-->By.id: gear was found
18:10:09 INFO  manager.MyListener - Start search element by locator-->By.xpath: .//option[@value = "MT"]
18:10:09 INFO  manager.MyListener - Element with locator-->By.xpath: .//option[@value = "MT"] was found
18:10:09 INFO  manager.MyListener - Start search element by locator-->By.id: wheelsDrive
18:10:09 INFO  manager.MyListener - Element with locator-->By.id: wheelsDrive was found
18:10:09 INFO  manager.MyListener - Start search element by locator-->By.xpath: .//option[@value = "AWD"]
18:10:09 INFO  manager.MyListener - Element with locator-->By.xpath: .//option[@value = "AWD"] was found
18:10:09 INFO  manager.MyListener - Start search element by locator-->By.id: doors
18:10:09 INFO  manager.MyListener - Element with locator-->By.id: doors was found
18:10:09 INFO  manager.MyListener - Start search element by locator-->By.id: seats
18:10:09 INFO  manager.MyListener - Element with locator-->By.id: seats was found
18:10:09 INFO  manager.MyListener - Start search element by locator-->By.id: class
18:10:09 INFO  manager.MyListener - Element with locator-->By.id: class was found
18:10:09 INFO  manager.MyListener - Start search element by locator-->By.id: fuelConsumption
18:10:09 INFO  manager.MyListener - Element with locator-->By.id: fuelConsumption was found
18:10:09 INFO  manager.MyListener - Start search element by locator-->By.id: serialNumber
18:10:09 INFO  manager.MyListener - Element with locator-->By.id: serialNumber was found
18:10:09 INFO  manager.MyListener - Start search element by locator-->By.id: price
18:10:10 INFO  manager.MyListener - Element with locator-->By.id: price was found
18:10:10 INFO  manager.MyListener - Start search element by locator-->By.id: distance
18:10:10 INFO  manager.MyListener - Element with locator-->By.id: distance was found
18:10:10 INFO  manager.MyListener - Start search element by locator-->By.cssSelector: input.feature-input
18:10:10 INFO  manager.MyListener - Element with locator-->By.cssSelector: input.feature-input was found
18:10:10 INFO  manager.MyListener - Start search element by locator-->By.id: about
18:10:10 INFO  manager.MyListener - Element with locator-->By.id: about was found
18:10:10 INFO  manager.MyListener - Start search element by locator-->By.id: photos
18:10:10 INFO  manager.MyListener - Element with locator-->By.id: photos was found
18:10:10 INFO  manager.MyListener - Start search element by locator-->By.cssSelector: div.error
18:10:10 INFO  manager.MyListener - Element with locator-->By.cssSelector: div.error was found
18:10:10 INFO  tests.TestBase - Car was not added, entered wrong data-->Price must be positive
18:10:10 INFO  manager.MyListener - Start search element by locator-->By.cssSelector: div.error
18:10:10 INFO  manager.MyListener - Element with locator-->By.cssSelector: div.error was found
18:10:10 INFO  manager.MyListener - Start search element by locator-->By.xpath: //*[@alt='logo']
18:10:10 INFO  manager.MyListener - Element with locator-->By.xpath: //*[@alt='logo'] was found
18:10:10 INFO  tests.TestBase - Ends test---> carSearchFail
18:10:10 INFO  tests.TestBase - Starts test---> carSearchFail
18:10:10 INFO  tests.TestBase - Car to be added-->Car(location=London, make=Japan, model=Honda, year=2001, engine=1,3, fuel=Petrol, gear=MT, wD=AWD, doors=4, seats=5, clasS=M, fuelConsumption=9,5, registrationNum=10-15-133371001, price=-25, distance=120, features=New resin, about=Used but in good conditions)
18:10:10 INFO  manager.MyListener - Start search element by locator-->By.cssSelector: a[href='/let-car-work']
18:10:10 INFO  manager.MyListener - Element with locator-->By.cssSelector: a[href='/let-car-work'] was found
18:10:10 INFO  manager.MyListener - Start search element by locator-->By.id: pickUpPlace
18:10:10 INFO  manager.MyListener - Element with locator-->By.id: pickUpPlace was found
18:10:11 INFO  manager.MyListener - Start search element by locator-->By.cssSelector: div.pac-item
18:10:12 INFO  manager.MyListener - Element with locator-->By.cssSelector: div.pac-item was found
18:10:13 INFO  manager.MyListener - Start search element by locator-->By.cssSelector: input[id='make']
18:10:13 INFO  manager.MyListener - Element with locator-->By.cssSelector: input[id='make'] was found
18:10:13 INFO  manager.MyListener - Start search element by locator-->By.id: model
18:10:13 INFO  manager.MyListener - Element with locator-->By.id: model was found
18:10:13 INFO  manager.MyListener - Start search element by locator-->By.id: year
18:10:13 INFO  manager.MyListener - Element with locator-->By.id: year was found
18:10:13 INFO  manager.MyListener - Start search element by locator-->By.id: engine
18:10:13 INFO  manager.MyListener - Element with locator-->By.id: engine was found
18:10:13 INFO  manager.MyListener - Start search element by locator-->By.id: fuel
18:10:13 INFO  manager.MyListener - Element with locator-->By.id: fuel was found
18:10:13 INFO  manager.MyListener - Start search element by locator-->By.xpath: .//option[@value = "Petrol"]
18:10:13 INFO  manager.MyListener - Element with locator-->By.xpath: .//option[@value = "Petrol"] was found
18:10:14 INFO  manager.MyListener - Start search element by locator-->By.id: gear
18:10:14 INFO  manager.MyListener - Element with locator-->By.id: gear was found
18:10:14 INFO  manager.MyListener - Start search element by locator-->By.xpath: .//option[@value = "MT"]
18:10:14 INFO  manager.MyListener - Element with locator-->By.xpath: .//option[@value = "MT"] was found
18:10:14 INFO  manager.MyListener - Start search element by locator-->By.id: wheelsDrive
18:10:14 INFO  manager.MyListener - Element with locator-->By.id: wheelsDrive was found
18:10:14 INFO  manager.MyListener - Start search element by locator-->By.xpath: .//option[@value = "AWD"]
18:10:14 INFO  manager.MyListener - Element with locator-->By.xpath: .//option[@value = "AWD"] was found
18:10:14 INFO  manager.MyListener - Start search element by locator-->By.id: doors
18:10:14 INFO  manager.MyListener - Element with locator-->By.id: doors was found
18:10:14 INFO  manager.MyListener - Start search element by locator-->By.id: seats
18:10:14 INFO  manager.MyListener - Element with locator-->By.id: seats was found
18:10:14 INFO  manager.MyListener - Start search element by locator-->By.id: class
18:10:14 INFO  manager.MyListener - Element with locator-->By.id: class was found
18:10:14 INFO  manager.MyListener - Start search element by locator-->By.id: fuelConsumption
18:10:14 INFO  manager.MyListener - Element with locator-->By.id: fuelConsumption was found
18:10:14 INFO  manager.MyListener - Start search element by locator-->By.id: serialNumber
18:10:14 INFO  manager.MyListener - Element with locator-->By.id: serialNumber was found
18:10:14 INFO  manager.MyListener - Start search element by locator-->By.id: price
18:10:14 INFO  manager.MyListener - Element with locator-->By.id: price was found
18:10:15 INFO  manager.MyListener - Start search element by locator-->By.id: distance
18:10:15 INFO  manager.MyListener - Element with locator-->By.id: distance was found
18:10:15 INFO  manager.MyListener - Start search element by locator-->By.cssSelector: input.feature-input
18:10:15 INFO  manager.MyListener - Element with locator-->By.cssSelector: input.feature-input was found
18:10:15 INFO  manager.MyListener - Start search element by locator-->By.id: about
18:10:15 INFO  manager.MyListener - Element with locator-->By.id: about was found
18:10:15 INFO  manager.MyListener - Start search element by locator-->By.id: photos
18:10:15 INFO  manager.MyListener - Element with locator-->By.id: photos was found
18:10:15 INFO  manager.MyListener - Start search element by locator-->By.cssSelector: div.error
18:10:15 INFO  manager.MyListener - Element with locator-->By.cssSelector: div.error was found
18:10:15 INFO  tests.TestBase - Car was not added, entered wrong data-->Price must be positive
18:10:15 INFO  manager.MyListener - Start search element by locator-->By.cssSelector: div.error
18:10:15 INFO  manager.MyListener - Element with locator-->By.cssSelector: div.error was found
18:10:15 INFO  manager.MyListener - Start search element by locator-->By.xpath: //*[@alt='logo']
18:10:15 INFO  manager.MyListener - Element with locator-->By.xpath: //*[@alt='logo'] was found
18:10:15 INFO  tests.TestBase - Ends test---> carSearchFail
18:10:15 INFO  tests.TestBase - Starts test---> carSearchFail
18:10:15 INFO  tests.TestBase - Car to be added-->Car(location=New York, make=Japan, model=Honda, year=2001, engine=1,3, fuel=Petrol, gear=MT, wD=AWD, doors=4, seats=5, clasS=M, fuelConsumption=9,5, registrationNum=10-15-133381006, price=-25, distance=120, features=New resin, about=Used but in good conditions)
18:10:15 INFO  manager.MyListener - Start search element by locator-->By.cssSelector: a[href='/let-car-work']
18:10:15 INFO  manager.MyListener - Element with locator-->By.cssSelector: a[href='/let-car-work'] was found
18:10:15 INFO  manager.MyListener - Start search element by locator-->By.id: pickUpPlace
18:10:15 INFO  manager.MyListener - Element with locator-->By.id: pickUpPlace was found
18:10:16 INFO  manager.MyListener - Start search element by locator-->By.cssSelector: div.pac-item
18:10:16 INFO  manager.MyListener - Element with locator-->By.cssSelector: div.pac-item was found
18:10:17 INFO  manager.MyListener - Start search element by locator-->By.cssSelector: input[id='make']
18:10:17 INFO  manager.MyListener - Element with locator-->By.cssSelector: input[id='make'] was found
18:10:17 INFO  manager.MyListener - Start search element by locator-->By.id: model
18:10:17 INFO  manager.MyListener - Element with locator-->By.id: model was found
18:10:17 INFO  manager.MyListener - Start search element by locator-->By.id: year
18:10:17 INFO  manager.MyListener - Element with locator-->By.id: year was found
18:10:18 INFO  manager.MyListener - Start search element by locator-->By.id: engine
18:10:18 INFO  manager.MyListener - Element with locator-->By.id: engine was found
18:10:18 INFO  manager.MyListener - Start search element by locator-->By.id: fuel
18:10:18 INFO  manager.MyListener - Element with locator-->By.id: fuel was found
18:10:18 INFO  manager.MyListener - Start search element by locator-->By.xpath: .//option[@value = "Petrol"]
18:10:18 INFO  manager.MyListener - Element with locator-->By.xpath: .//option[@value = "Petrol"] was found
18:10:18 INFO  manager.MyListener - Start search element by locator-->By.id: gear
18:10:18 INFO  manager.MyListener - Element with locator-->By.id: gear was found
18:10:18 INFO  manager.MyListener - Start search element by locator-->By.xpath: .//option[@value = "MT"]
18:10:18 INFO  manager.MyListener - Element with locator-->By.xpath: .//option[@value = "MT"] was found
18:10:18 INFO  manager.MyListener - Start search element by locator-->By.id: wheelsDrive
18:10:18 INFO  manager.MyListener - Element with locator-->By.id: wheelsDrive was found
18:10:18 INFO  manager.MyListener - Start search element by locator-->By.xpath: .//option[@value = "AWD"]
18:10:18 INFO  manager.MyListener - Element with locator-->By.xpath: .//option[@value = "AWD"] was found
18:10:18 INFO  manager.MyListener - Start search element by locator-->By.id: doors
18:10:18 INFO  manager.MyListener - Element with locator-->By.id: doors was found
18:10:18 INFO  manager.MyListener - Start search element by locator-->By.id: seats
18:10:18 INFO  manager.MyListener - Element with locator-->By.id: seats was found
18:10:18 INFO  manager.MyListener - Start search element by locator-->By.id: class
18:10:18 INFO  manager.MyListener - Element with locator-->By.id: class was found
18:10:18 INFO  manager.MyListener - Start search element by locator-->By.id: fuelConsumption
18:10:18 INFO  manager.MyListener - Element with locator-->By.id: fuelConsumption was found
18:10:19 INFO  manager.MyListener - Start search element by locator-->By.id: serialNumber
18:10:19 INFO  manager.MyListener - Element with locator-->By.id: serialNumber was found
18:10:19 INFO  manager.MyListener - Start search element by locator-->By.id: price
18:10:19 INFO  manager.MyListener - Element with locator-->By.id: price was found
18:10:19 INFO  manager.MyListener - Start search element by locator-->By.id: distance
18:10:19 INFO  manager.MyListener - Element with locator-->By.id: distance was found
18:10:19 INFO  manager.MyListener - Start search element by locator-->By.cssSelector: input.feature-input
18:10:19 INFO  manager.MyListener - Element with locator-->By.cssSelector: input.feature-input was found
18:10:19 INFO  manager.MyListener - Start search element by locator-->By.id: about
18:10:19 INFO  manager.MyListener - Element with locator-->By.id: about was found
18:10:19 INFO  manager.MyListener - Start search element by locator-->By.id: photos
18:10:19 INFO  manager.MyListener - Element with locator-->By.id: photos was found
18:10:19 INFO  manager.MyListener - Start search element by locator-->By.cssSelector: div.error
18:10:19 INFO  manager.MyListener - Element with locator-->By.cssSelector: div.error was found
18:10:19 INFO  tests.TestBase - Car was not added, entered wrong data-->Price must be positive
18:10:19 INFO  manager.MyListener - Start search element by locator-->By.cssSelector: div.error
18:10:19 INFO  manager.MyListener - Element with locator-->By.cssSelector: div.error was found
18:10:19 INFO  manager.MyListener - Start search element by locator-->By.xpath: //*[@alt='logo']
18:10:19 INFO  manager.MyListener - Element with locator-->By.xpath: //*[@alt='logo'] was found
18:10:20 INFO  tests.TestBase - Ends test---> carSearchFail
18:10:20 INFO  tests.TestBase - Starts test---> carSearchFail
18:10:20 INFO  tests.TestBase - Car to be added-->Car(location=Samara, make=Japan, model=Honda, year=2001, engine=1,3, fuel=Petrol, gear=MT, wD=AWD, doors=4, seats=5, clasS=M, fuelConsumption=9,5, registrationNum=10-15-133391011, price=-25, distance=120, features=New resin, about=Used but in good conditions)
18:10:20 INFO  manager.MyListener - Start search element by locator-->By.cssSelector: a[href='/let-car-work']
18:10:20 INFO  manager.MyListener - Element with locator-->By.cssSelector: a[href='/let-car-work'] was found
18:10:20 INFO  manager.MyListener - Start search element by locator-->By.id: pickUpPlace
18:10:20 INFO  manager.MyListener - Element with locator-->By.id: pickUpPlace was found
18:10:20 INFO  manager.MyListener - Start search element by locator-->By.cssSelector: div.pac-item
18:10:21 INFO  manager.MyListener - Element with locator-->By.cssSelector: div.pac-item was found
18:10:22 INFO  manager.MyListener - Start search element by locator-->By.cssSelector: input[id='make']
18:10:22 INFO  manager.MyListener - Element with locator-->By.cssSelector: input[id='make'] was found
18:10:22 INFO  manager.MyListener - Start search element by locator-->By.id: model
18:10:22 INFO  manager.MyListener - Element with locator-->By.id: model was found
18:10:22 INFO  manager.MyListener - Start search element by locator-->By.id: year
18:10:22 INFO  manager.MyListener - Element with locator-->By.id: year was found
18:10:22 INFO  manager.MyListener - Start search element by locator-->By.id: engine
18:10:22 INFO  manager.MyListener - Element with locator-->By.id: engine was found
18:10:22 INFO  manager.MyListener - Start search element by locator-->By.id: fuel
18:10:22 INFO  manager.MyListener - Element with locator-->By.id: fuel was found
18:10:22 INFO  manager.MyListener - Start search element by locator-->By.xpath: .//option[@value = "Petrol"]
18:10:22 INFO  manager.MyListener - Element with locator-->By.xpath: .//option[@value = "Petrol"] was found
18:10:23 INFO  manager.MyListener - Start search element by locator-->By.id: gear
18:10:23 INFO  manager.MyListener - Element with locator-->By.id: gear was found
18:10:23 INFO  manager.MyListener - Start search element by locator-->By.xpath: .//option[@value = "MT"]
18:10:23 INFO  manager.MyListener - Element with locator-->By.xpath: .//option[@value = "MT"] was found
18:10:23 INFO  manager.MyListener - Start search element by locator-->By.id: wheelsDrive
18:10:23 INFO  manager.MyListener - Element with locator-->By.id: wheelsDrive was found
18:10:23 INFO  manager.MyListener - Start search element by locator-->By.xpath: .//option[@value = "AWD"]
18:10:23 INFO  manager.MyListener - Element with locator-->By.xpath: .//option[@value = "AWD"] was found
18:10:23 INFO  manager.MyListener - Start search element by locator-->By.id: doors
18:10:23 INFO  manager.MyListener - Element with locator-->By.id: doors was found
18:10:23 INFO  manager.MyListener - Start search element by locator-->By.id: seats
18:10:23 INFO  manager.MyListener - Element with locator-->By.id: seats was found
18:10:23 INFO  manager.MyListener - Start search element by locator-->By.id: class
18:10:23 INFO  manager.MyListener - Element with locator-->By.id: class was found
18:10:23 INFO  manager.MyListener - Start search element by locator-->By.id: fuelConsumption
18:10:23 INFO  manager.MyListener - Element with locator-->By.id: fuelConsumption was found
18:10:23 INFO  manager.MyListener - Start search element by locator-->By.id: serialNumber
18:10:23 INFO  manager.MyListener - Element with locator-->By.id: serialNumber was found
18:10:23 INFO  manager.MyListener - Start search element by locator-->By.id: price
18:10:23 INFO  manager.MyListener - Element with locator-->By.id: price was found
18:10:24 INFO  manager.MyListener - Start search element by locator-->By.id: distance
18:10:24 INFO  manager.MyListener - Element with locator-->By.id: distance was found
18:10:24 INFO  manager.MyListener - Start search element by locator-->By.cssSelector: input.feature-input
18:10:24 INFO  manager.MyListener - Element with locator-->By.cssSelector: input.feature-input was found
18:10:24 INFO  manager.MyListener - Start search element by locator-->By.id: about
18:10:24 INFO  manager.MyListener - Element with locator-->By.id: about was found
18:10:24 INFO  manager.MyListener - Start search element by locator-->By.id: photos
18:10:24 INFO  manager.MyListener - Element with locator-->By.id: photos was found
18:10:24 INFO  manager.MyListener - Start search element by locator-->By.cssSelector: div.error
18:10:24 INFO  manager.MyListener - Element with locator-->By.cssSelector: div.error was found
18:10:24 INFO  tests.TestBase - Car was not added, entered wrong data-->Price must be positive
18:10:24 INFO  manager.MyListener - Start search element by locator-->By.cssSelector: div.error
18:10:24 INFO  manager.MyListener - Element with locator-->By.cssSelector: div.error was found
18:10:24 INFO  manager.MyListener - Start search element by locator-->By.xpath: //*[@alt='logo']
18:10:24 INFO  manager.MyListener - Element with locator-->By.xpath: //*[@alt='logo'] was found
18:10:24 INFO  tests.TestBase - Ends test---> carSearchFail
18:10:24 INFO  tests.TestBase - Starts test---> carSearchFail
18:10:24 INFO  tests.TestBase - Car to be added-->Car(location=Miami, make=Japan, model=Honda, year=2001, engine=1,3, fuel=Petrol, gear=MT, wD=AWD, doors=4, seats=5, clasS=M, fuelConsumption=9,5, registrationNum=10-15-133401015, price=-25, distance=120, features=New resin, about=Used but in good conditions)
18:10:24 INFO  manager.MyListener - Start search element by locator-->By.cssSelector: a[href='/let-car-work']
18:10:24 INFO  manager.MyListener - Element with locator-->By.cssSelector: a[href='/let-car-work'] was found
18:10:24 INFO  manager.MyListener - Start search element by locator-->By.id: pickUpPlace
18:10:24 INFO  manager.MyListener - Element with locator-->By.id: pickUpPlace was found
18:10:25 INFO  manager.MyListener - Start search element by locator-->By.cssSelector: div.pac-item
18:10:25 INFO  manager.MyListener - Element with locator-->By.cssSelector: div.pac-item was found
18:10:26 INFO  manager.MyListener - Start search element by locator-->By.cssSelector: input[id='make']
18:10:26 INFO  manager.MyListener - Element with locator-->By.cssSelector: input[id='make'] was found
18:10:26 INFO  manager.MyListener - Start search element by locator-->By.id: model
18:10:26 INFO  manager.MyListener - Element with locator-->By.id: model was found
18:10:26 INFO  manager.MyListener - Start search element by locator-->By.id: year
18:10:26 INFO  manager.MyListener - Element with locator-->By.id: year was found
18:10:26 INFO  manager.MyListener - Start search element by locator-->By.id: engine
18:10:27 INFO  manager.MyListener - Element with locator-->By.id: engine was found
18:10:27 INFO  manager.MyListener - Start search element by locator-->By.id: fuel
18:10:27 INFO  manager.MyListener - Element with locator-->By.id: fuel was found
18:10:27 INFO  manager.MyListener - Start search element by locator-->By.xpath: .//option[@value = "Petrol"]
18:10:27 INFO  manager.MyListener - Element with locator-->By.xpath: .//option[@value = "Petrol"] was found
18:10:27 INFO  manager.MyListener - Start search element by locator-->By.id: gear
18:10:27 INFO  manager.MyListener - Element with locator-->By.id: gear was found
18:10:27 INFO  manager.MyListener - Start search element by locator-->By.xpath: .//option[@value = "MT"]
18:10:27 INFO  manager.MyListener - Element with locator-->By.xpath: .//option[@value = "MT"] was found
18:10:27 INFO  manager.MyListener - Start search element by locator-->By.id: wheelsDrive
18:10:27 INFO  manager.MyListener - Element with locator-->By.id: wheelsDrive was found
18:10:27 INFO  manager.MyListener - Start search element by locator-->By.xpath: .//option[@value = "AWD"]
18:10:27 INFO  manager.MyListener - Element with locator-->By.xpath: .//option[@value = "AWD"] was found
18:10:27 INFO  manager.MyListener - Start search element by locator-->By.id: doors
18:10:27 INFO  manager.MyListener - Element with locator-->By.id: doors was found
18:10:27 INFO  manager.MyListener - Start search element by locator-->By.id: seats
18:10:27 INFO  manager.MyListener - Element with locator-->By.id: seats was found
18:10:27 INFO  manager.MyListener - Start search element by locator-->By.id: class
18:10:27 INFO  manager.MyListener - Element with locator-->By.id: class was found
18:10:27 INFO  manager.MyListener - Start search element by locator-->By.id: fuelConsumption
18:10:27 INFO  manager.MyListener - Element with locator-->By.id: fuelConsumption was found
18:10:27 INFO  manager.MyListener - Start search element by locator-->By.id: serialNumber
18:10:27 INFO  manager.MyListener - Element with locator-->By.id: serialNumber was found
18:10:28 INFO  manager.MyListener - Start search element by locator-->By.id: price
18:10:28 INFO  manager.MyListener - Element with locator-->By.id: price was found
18:10:28 INFO  manager.MyListener - Start search element by locator-->By.id: distance
18:10:28 INFO  manager.MyListener - Element with locator-->By.id: distance was found
18:10:28 INFO  manager.MyListener - Start search element by locator-->By.cssSelector: input.feature-input
18:10:28 INFO  manager.MyListener - Element with locator-->By.cssSelector: input.feature-input was found
18:10:28 INFO  manager.MyListener - Start search element by locator-->By.id: about
18:10:28 INFO  manager.MyListener - Element with locator-->By.id: about was found
18:10:28 INFO  manager.MyListener - Start search element by locator-->By.id: photos
18:10:28 INFO  manager.MyListener - Element with locator-->By.id: photos was found
18:10:28 INFO  manager.MyListener - Start search element by locator-->By.cssSelector: div.error
18:10:28 INFO  manager.MyListener - Element with locator-->By.cssSelector: div.error was found
18:10:28 INFO  tests.TestBase - Car was not added, entered wrong data-->Price must be positive
18:10:28 INFO  manager.MyListener - Start search element by locator-->By.cssSelector: div.error
18:10:28 INFO  manager.MyListener - Element with locator-->By.cssSelector: div.error was found
18:10:28 INFO  manager.MyListener - Start search element by locator-->By.xpath: //*[@alt='logo']
18:10:28 INFO  manager.MyListener - Element with locator-->By.xpath: //*[@alt='logo'] was found
18:10:28 INFO  tests.TestBase - Ends test---> carSearchFail
18:10:28 INFO  tests.TestBase - Starts test---> carSearchSingaporeOnly
18:10:28 INFO  tests.TestBase - Car to be added-->Car(location=Singapore, make=UK, model=Porsh, year=2018, engine=2.8, fuel=Petrol, gear=SMT, wD=FWD, doors=3, seats=2, clasS=Sx, fuelConsumption=12, registrationNum=10-100-333628, price=80, distance=150, features=Red fast car, about=Super car)
18:10:28 INFO  manager.MyListener - Start search element by locator-->By.cssSelector: a[href='/let-car-work']
18:10:28 INFO  manager.MyListener - Element with locator-->By.cssSelector: a[href='/let-car-work'] was found
18:10:29 INFO  manager.MyListener - Start search element by locator-->By.id: pickUpPlace
18:10:29 INFO  manager.MyListener - Element with locator-->By.id: pickUpPlace was found
18:10:29 INFO  manager.MyListener - Start search element by locator-->By.cssSelector: div.pac-item
18:10:30 INFO  manager.MyListener - Element with locator-->By.cssSelector: div.pac-item was found
18:10:31 INFO  manager.MyListener - Start search element by locator-->By.cssSelector: input[id='make']
18:10:31 INFO  manager.MyListener - Element with locator-->By.cssSelector: input[id='make'] was found
18:10:31 INFO  manager.MyListener - Start search element by locator-->By.id: model
18:10:31 INFO  manager.MyListener - Element with locator-->By.id: model was found
18:10:31 INFO  manager.MyListener - Start search element by locator-->By.id: year
18:10:31 INFO  manager.MyListener - Element with locator-->By.id: year was found
18:10:31 INFO  manager.MyListener - Start search element by locator-->By.id: engine
18:10:31 INFO  manager.MyListener - Element with locator-->By.id: engine was found
18:10:31 INFO  manager.MyListener - Start search element by locator-->By.id: fuel
18:10:31 INFO  manager.MyListener - Element with locator-->By.id: fuel was found
18:10:31 INFO  manager.MyListener - Start search element by locator-->By.xpath: .//option[@value = "Petrol"]
18:10:31 INFO  manager.MyListener - Element with locator-->By.xpath: .//option[@value = "Petrol"] was found
18:10:32 INFO  manager.MyListener - Start search element by locator-->By.id: gear
18:10:32 INFO  manager.MyListener - Element with locator-->By.id: gear was found
18:10:32 INFO  manager.MyListener - Start search element by locator-->By.xpath: .//option[@value = "SMT"]
18:10:32 INFO  manager.MyListener - Element with locator-->By.xpath: .//option[@value = "SMT"] was found
18:10:32 INFO  manager.MyListener - Start search element by locator-->By.id: wheelsDrive
18:10:32 INFO  manager.MyListener - Element with locator-->By.id: wheelsDrive was found
18:10:32 INFO  manager.MyListener - Start search element by locator-->By.xpath: .//option[@value = "FWD"]
18:10:32 INFO  manager.MyListener - Element with locator-->By.xpath: .//option[@value = "FWD"] was found
18:10:32 INFO  manager.MyListener - Start search element by locator-->By.id: doors
18:10:32 INFO  manager.MyListener - Element with locator-->By.id: doors was found
18:10:32 INFO  manager.MyListener - Start search element by locator-->By.id: seats
18:10:32 INFO  manager.MyListener - Element with locator-->By.id: seats was found
18:10:32 INFO  manager.MyListener - Start search element by locator-->By.id: class
18:10:32 INFO  manager.MyListener - Element with locator-->By.id: class was found
18:10:32 INFO  manager.MyListener - Start search element by locator-->By.id: fuelConsumption
18:10:32 INFO  manager.MyListener - Element with locator-->By.id: fuelConsumption was found
18:10:32 INFO  manager.MyListener - Start search element by locator-->By.id: serialNumber
18:10:32 INFO  manager.MyListener - Element with locator-->By.id: serialNumber was found
18:10:32 INFO  manager.MyListener - Start search element by locator-->By.id: price
18:10:32 INFO  manager.MyListener - Element with locator-->By.id: price was found
18:10:33 INFO  manager.MyListener - Start search element by locator-->By.id: distance
18:10:33 INFO  manager.MyListener - Element with locator-->By.id: distance was found
18:10:33 INFO  manager.MyListener - Start search element by locator-->By.cssSelector: input.feature-input
18:10:33 INFO  manager.MyListener - Element with locator-->By.cssSelector: input.feature-input was found
18:10:33 INFO  manager.MyListener - Start search element by locator-->By.id: about
18:10:33 INFO  manager.MyListener - Element with locator-->By.id: about was found
18:10:33 INFO  manager.MyListener - Start search element by locator-->By.id: photos
18:10:33 INFO  manager.MyListener - Element with locator-->By.id: photos was found
18:10:33 INFO  manager.MyListener - Start search element by locator-->By.xpath: //*[text()='Submit']
18:10:33 INFO  manager.MyListener - Element with locator-->By.xpath: //*[text()='Submit'] was found
18:10:34 INFO  manager.MyListener - Start search element by locator-->By.xpath: //*[text()='Submit']
18:10:34 INFO  manager.MyListener - Element with locator-->By.xpath: //*[text()='Submit'] was found
18:10:36 INFO  manager.MyListener - Start search element by locator-->By.xpath: //h1[text()='Something goes wrong']
18:10:36 INFO  manager.MyListener - Element with locator-->By.xpath: //h1[text()='Something goes wrong'] was found
18:10:36 INFO  manager.MyListener - Start search element by locator-->By.xpath: //h1[text()='Something goes wrong']
18:10:36 INFO  manager.MyListener - Element with locator-->By.xpath: //h1[text()='Something goes wrong'] was found
18:10:36 INFO  manager.MyListener - Start search element by locator-->By.xpath: //button[text()='Close']
18:10:36 INFO  manager.MyListener - Element with locator-->By.xpath: //button[text()='Close'] was found
18:10:36 INFO  manager.HelperBase - !!! Bug found with message-->
18:10:36 INFO  manager.MyListener - Start search element by locator-->By.xpath: //*[@alt='logo']
18:10:36 INFO  manager.MyListener - Element with locator-->By.xpath: //*[@alt='logo'] was found
18:10:37 INFO  tests.TestBase - Ends test---> carSearchSingaporeOnly
18:10:37 INFO  tests.TestBase - Starts test---> carSearchSingaporeOnly
18:10:37 INFO  tests.TestBase - Car to be added-->Car(location=Singapore Zoo, Singapore, make=UK, model=Porsh, year=2018, engine=2.8, fuel=Petrol, gear=SMT, wD=FWD, doors=3, seats=2, clasS=Sx, fuelConsumption=12, registrationNum=10-100-3336281, price=80, distance=150, features=Red fast car, about=Super car)
18:10:37 INFO  manager.MyListener - Start search element by locator-->By.cssSelector: a[href='/let-car-work']
18:10:37 INFO  manager.MyListener - Element with locator-->By.cssSelector: a[href='/let-car-work'] was found
18:10:37 INFO  manager.MyListener - Start search element by locator-->By.id: pickUpPlace
18:10:37 INFO  manager.MyListener - Element with locator-->By.id: pickUpPlace was found
18:10:38 INFO  manager.MyListener - Start search element by locator-->By.cssSelector: div.pac-item
18:10:38 INFO  manager.MyListener - Element with locator-->By.cssSelector: div.pac-item was found
18:10:39 INFO  manager.MyListener - Start search element by locator-->By.cssSelector: input[id='make']
18:10:39 INFO  manager.MyListener - Element with locator-->By.cssSelector: input[id='make'] was found
18:10:39 INFO  manager.MyListener - Start search element by locator-->By.id: model
18:10:39 INFO  manager.MyListener - Element with locator-->By.id: model was found
18:10:39 INFO  manager.MyListener - Start search element by locator-->By.id: year
18:10:39 INFO  manager.MyListener - Element with locator-->By.id: year was found
18:10:39 INFO  manager.MyListener - Start search element by locator-->By.id: engine
18:10:39 INFO  manager.MyListener - Element with locator-->By.id: engine was found
18:10:39 INFO  manager.MyListener - Start search element by locator-->By.id: fuel
18:10:39 INFO  manager.MyListener - Element with locator-->By.id: fuel was found
18:10:39 INFO  manager.MyListener - Start search element by locator-->By.xpath: .//option[@value = "Petrol"]
18:10:39 INFO  manager.MyListener - Element with locator-->By.xpath: .//option[@value = "Petrol"] was found
18:10:40 INFO  manager.MyListener - Start search element by locator-->By.id: gear
18:10:40 INFO  manager.MyListener - Element with locator-->By.id: gear was found
18:10:40 INFO  manager.MyListener - Start search element by locator-->By.xpath: .//option[@value = "SMT"]
18:10:40 INFO  manager.MyListener - Element with locator-->By.xpath: .//option[@value = "SMT"] was found
18:10:40 INFO  manager.MyListener - Start search element by locator-->By.id: wheelsDrive
18:10:40 INFO  manager.MyListener - Element with locator-->By.id: wheelsDrive was found
18:10:40 INFO  manager.MyListener - Start search element by locator-->By.xpath: .//option[@value = "FWD"]
18:10:40 INFO  manager.MyListener - Element with locator-->By.xpath: .//option[@value = "FWD"] was found
18:10:40 INFO  manager.MyListener - Start search element by locator-->By.id: doors
18:10:40 INFO  manager.MyListener - Element with locator-->By.id: doors was found
18:10:40 INFO  manager.MyListener - Start search element by locator-->By.id: seats
18:10:40 INFO  manager.MyListener - Element with locator-->By.id: seats was found
18:10:40 INFO  manager.MyListener - Start search element by locator-->By.id: class
18:10:40 INFO  manager.MyListener - Element with locator-->By.id: class was found
18:10:40 INFO  manager.MyListener - Start search element by locator-->By.id: fuelConsumption
18:10:40 INFO  manager.MyListener - Element with locator-->By.id: fuelConsumption was found
18:10:40 INFO  manager.MyListener - Start search element by locator-->By.id: serialNumber
18:10:40 INFO  manager.MyListener - Element with locator-->By.id: serialNumber was found
18:10:40 INFO  manager.MyListener - Start search element by locator-->By.id: price
18:10:40 INFO  manager.MyListener - Element with locator-->By.id: price was found
18:10:41 INFO  manager.MyListener - Start search element by locator-->By.id: distance
18:10:41 INFO  manager.MyListener - Element with locator-->By.id: distance was found
18:10:41 INFO  manager.MyListener - Start search element by locator-->By.cssSelector: input.feature-input
18:10:41 INFO  manager.MyListener - Element with locator-->By.cssSelector: input.feature-input was found
18:10:41 INFO  manager.MyListener - Start search element by locator-->By.id: about
18:10:41 INFO  manager.MyListener - Element with locator-->By.id: about was found
18:10:41 INFO  manager.MyListener - Start search element by locator-->By.id: photos
18:10:41 INFO  manager.MyListener - Element with locator-->By.id: photos was found
18:10:41 INFO  manager.MyListener - Start search element by locator-->By.xpath: //*[text()='Submit']
18:10:41 INFO  manager.MyListener - Element with locator-->By.xpath: //*[text()='Submit'] was found
18:10:42 INFO  manager.MyListener - Start search element by locator-->By.xpath: //*[text()='Submit']
18:10:42 INFO  manager.MyListener - Element with locator-->By.xpath: //*[text()='Submit'] was found
18:10:44 INFO  manager.MyListener - Start search element by locator-->By.xpath: //h1[text()='Something goes wrong']
18:10:49 INFO  manager.MyListener - Element with locator-->By.xpath: //h1[text()='Something goes wrong'] was found
18:10:49 INFO  manager.MyListener - Start search element by locator-->By.xpath: //*[text()='Car added']
18:10:49 INFO  manager.MyListener - Element with locator-->By.xpath: //*[text()='Car added'] was found
18:10:49 INFO  tests.TestBase - Ends test---> carSearchSingaporeOnly
18:10:49 INFO  tests.TestBase - Starts test---> carSearchSingaporeOnly
18:10:49 INFO  tests.TestBase - Car to be added-->Car(location=Raffles Avenue, Singapore Flyer, Singapore, make=UK, model=Porsh, year=2018, engine=2.8, fuel=Petrol, gear=SMT, wD=FWD, doors=3, seats=2, clasS=Sx, fuelConsumption=12, registrationNum=10-100-3336282, price=80, distance=150, features=Red fast car, about=Super car)
18:10:49 INFO  manager.MyListener - Start search element by locator-->By.cssSelector: a[href='/let-car-work']
18:10:49 INFO  manager.MyListener - Element with locator-->By.cssSelector: a[href='/let-car-work'] was found
18:10:54 INFO  manager.MyListener - Something went wrong: https://ilcarro-1578153671498.web.app/let-car-work
18:10:54 INFO  manager.MyListener - element not interactable
  (Session info: chrome=102.0.5005.115)
Build info: version: '3.141.59', revision: 'e82be7d358', time: '2018-11-14T08:17:03'
System info: host: 'ARTEMKA', ip: '192.168.0.103', os.name: 'Windows 10', os.arch: 'amd64', os.version: '10.0', java.version: '1.8.0_333'
Driver info: org.openqa.selenium.chrome.ChromeDriver
Capabilities {acceptInsecureCerts: false, browserName: chrome, browserVersion: 102.0.5005.115, chrome: {chromedriverVersion: 101.0.4951.41 (93c720db8323..., userDataDir: C:\Users\ompre\AppData\Loca...}, goog:chromeOptions: {debuggerAddress: localhost:50368}, javascriptEnabled: true, networkConnectionEnabled: false, pageLoadStrategy: normal, platform: WINDOWS, platformName: WINDOWS, proxy: Proxy(), setWindowRect: true, strictFileInteractability: false, timeouts: {implicit: 0, pageLoad: 300000, script: 30000}, unhandledPromptBehavior: dismiss and notify, webauthn:extension:credBlob: true, webauthn:extension:largeBlob: true, webauthn:virtualAuthenticators: true}
Session ID: 4a05f1336bc20221270d027a1500a045
18:10:54 INFO  manager.MyListener - org.openqa.selenium.ElementNotInteractableException: element not interactable
  (Session info: chrome=102.0.5005.115)
Build info: version: '3.141.59', revision: 'e82be7d358', time: '2018-11-14T08:17:03'
System info: host: 'ARTEMKA', ip: '192.168.0.103', os.name: 'Windows 10', os.arch: 'amd64', os.version: '10.0', java.version: '1.8.0_333'
Driver info: org.openqa.selenium.chrome.ChromeDriver
Capabilities {acceptInsecureCerts: false, browserName: chrome, browserVersion: 102.0.5005.115, chrome: {chromedriverVersion: 101.0.4951.41 (93c720db8323..., userDataDir: C:\Users\ompre\AppData\Loca...}, goog:chromeOptions: {debuggerAddress: localhost:50368}, javascriptEnabled: true, networkConnectionEnabled: false, pageLoadStrategy: normal, platform: WINDOWS, platformName: WINDOWS, proxy: Proxy(), setWindowRect: true, strictFileInteractability: false, timeouts: {implicit: 0, pageLoad: 300000, script: 30000}, unhandledPromptBehavior: dismiss and notify, webauthn:extension:credBlob: true, webauthn:extension:largeBlob: true, webauthn:virtualAuthenticators: true}
Session ID: 4a05f1336bc20221270d027a1500a045
18:10:55 INFO  tests.TestBase - Ends test---> carSearchSingaporeOnly
18:10:55 INFO  tests.TestBase - Starts test---> carSearchSingaporeOnly
18:10:55 INFO  tests.TestBase - Car to be added-->Car(location=Singaperumal Koil, Tamil Nadu, India, make=UK, model=Porsh, year=2018, engine=2.8, fuel=Petrol, gear=SMT, wD=FWD, doors=3, seats=2, clasS=Sx, fuelConsumption=12, registrationNum=10-100-3336283, price=80, distance=150, features=Red fast car, about=Super car)
18:10:55 INFO  manager.MyListener - Start search element by locator-->By.cssSelector: a[href='/let-car-work']
18:10:55 INFO  manager.MyListener - Element with locator-->By.cssSelector: a[href='/let-car-work'] was found
18:11:00 INFO  manager.MyListener - Something went wrong: https://ilcarro-1578153671498.web.app/let-car-work
18:11:00 INFO  manager.MyListener - element not interactable
  (Session info: chrome=102.0.5005.115)
Build info: version: '3.141.59', revision: 'e82be7d358', time: '2018-11-14T08:17:03'
System info: host: 'ARTEMKA', ip: '192.168.0.103', os.name: 'Windows 10', os.arch: 'amd64', os.version: '10.0', java.version: '1.8.0_333'
Driver info: org.openqa.selenium.chrome.ChromeDriver
Capabilities {acceptInsecureCerts: false, browserName: chrome, browserVersion: 102.0.5005.115, chrome: {chromedriverVersion: 101.0.4951.41 (93c720db8323..., userDataDir: C:\Users\ompre\AppData\Loca...}, goog:chromeOptions: {debuggerAddress: localhost:50368}, javascriptEnabled: true, networkConnectionEnabled: false, pageLoadStrategy: normal, platform: WINDOWS, platformName: WINDOWS, proxy: Proxy(), setWindowRect: true, strictFileInteractability: false, timeouts: {implicit: 0, pageLoad: 300000, script: 30000}, unhandledPromptBehavior: dismiss and notify, webauthn:extension:credBlob: true, webauthn:extension:largeBlob: true, webauthn:virtualAuthenticators: true}
Session ID: 4a05f1336bc20221270d027a1500a045
18:11:00 INFO  manager.MyListener - org.openqa.selenium.ElementNotInteractableException: element not interactable
  (Session info: chrome=102.0.5005.115)
Build info: version: '3.141.59', revision: 'e82be7d358', time: '2018-11-14T08:17:03'
System info: host: 'ARTEMKA', ip: '192.168.0.103', os.name: 'Windows 10', os.arch: 'amd64', os.version: '10.0', java.version: '1.8.0_333'
Driver info: org.openqa.selenium.chrome.ChromeDriver
Capabilities {acceptInsecureCerts: false, browserName: chrome, browserVersion: 102.0.5005.115, chrome: {chromedriverVersion: 101.0.4951.41 (93c720db8323..., userDataDir: C:\Users\ompre\AppData\Loca...}, goog:chromeOptions: {debuggerAddress: localhost:50368}, javascriptEnabled: true, networkConnectionEnabled: false, pageLoadStrategy: normal, platform: WINDOWS, platformName: WINDOWS, proxy: Proxy(), setWindowRect: true, strictFileInteractability: false, timeouts: {implicit: 0, pageLoad: 300000, script: 30000}, unhandledPromptBehavior: dismiss and notify, webauthn:extension:credBlob: true, webauthn:extension:largeBlob: true, webauthn:virtualAuthenticators: true}
Session ID: 4a05f1336bc20221270d027a1500a045
18:11:00 INFO  tests.TestBase - Ends test---> carSearchSingaporeOnly
18:11:00 INFO  tests.TestBase - Starts test---> carSearchSuccess
18:11:00 INFO  tests.TestBase - Test starts with car details:--->London, Porsh, UK
18:11:00 INFO  manager.MyListener - Start search element by locator-->By.cssSelector: a[href='/let-car-work']
18:11:00 INFO  manager.MyListener - Element with locator-->By.cssSelector: a[href='/let-car-work'] was found
18:11:05 INFO  manager.MyListener - Something went wrong: https://ilcarro-1578153671498.web.app/let-car-work
18:11:05 INFO  manager.MyListener - element not interactable
  (Session info: chrome=102.0.5005.115)
Build info: version: '3.141.59', revision: 'e82be7d358', time: '2018-11-14T08:17:03'
System info: host: 'ARTEMKA', ip: '192.168.0.103', os.name: 'Windows 10', os.arch: 'amd64', os.version: '10.0', java.version: '1.8.0_333'
Driver info: org.openqa.selenium.chrome.ChromeDriver
Capabilities {acceptInsecureCerts: false, browserName: chrome, browserVersion: 102.0.5005.115, chrome: {chromedriverVersion: 101.0.4951.41 (93c720db8323..., userDataDir: C:\Users\ompre\AppData\Loca...}, goog:chromeOptions: {debuggerAddress: localhost:50368}, javascriptEnabled: true, networkConnectionEnabled: false, pageLoadStrategy: normal, platform: WINDOWS, platformName: WINDOWS, proxy: Proxy(), setWindowRect: true, strictFileInteractability: false, timeouts: {implicit: 0, pageLoad: 300000, script: 30000}, unhandledPromptBehavior: dismiss and notify, webauthn:extension:credBlob: true, webauthn:extension:largeBlob: true, webauthn:virtualAuthenticators: true}
Session ID: 4a05f1336bc20221270d027a1500a045
18:11:05 INFO  manager.MyListener - org.openqa.selenium.ElementNotInteractableException: element not interactable
  (Session info: chrome=102.0.5005.115)
Build info: version: '3.141.59', revision: 'e82be7d358', time: '2018-11-14T08:17:03'
System info: host: 'ARTEMKA', ip: '192.168.0.103', os.name: 'Windows 10', os.arch: 'amd64', os.version: '10.0', java.version: '1.8.0_333'
Driver info: org.openqa.selenium.chrome.ChromeDriver
Capabilities {acceptInsecureCerts: false, browserName: chrome, browserVersion: 102.0.5005.115, chrome: {chromedriverVersion: 101.0.4951.41 (93c720db8323..., userDataDir: C:\Users\ompre\AppData\Loca...}, goog:chromeOptions: {debuggerAddress: localhost:50368}, javascriptEnabled: true, networkConnectionEnabled: false, pageLoadStrategy: normal, platform: WINDOWS, platformName: WINDOWS, proxy: Proxy(), setWindowRect: true, strictFileInteractability: false, timeouts: {implicit: 0, pageLoad: 300000, script: 30000}, unhandledPromptBehavior: dismiss and notify, webauthn:extension:credBlob: true, webauthn:extension:largeBlob: true, webauthn:virtualAuthenticators: true}
Session ID: 4a05f1336bc20221270d027a1500a045
18:11:05 INFO  tests.TestBase - Ends test---> carSearchSuccess
18:11:05 INFO  tests.TestBase - Starts test---> carSearchSuccess
18:11:05 INFO  tests.TestBase - Test starts with car details:--->Berlin, Porsh, UK
18:11:05 INFO  manager.MyListener - Start search element by locator-->By.cssSelector: a[href='/let-car-work']
18:11:05 INFO  manager.MyListener - Element with locator-->By.cssSelector: a[href='/let-car-work'] was found
18:11:10 INFO  manager.MyListener - Something went wrong: https://ilcarro-1578153671498.web.app/let-car-work
18:11:10 INFO  manager.MyListener - element not interactable
  (Session info: chrome=102.0.5005.115)
Build info: version: '3.141.59', revision: 'e82be7d358', time: '2018-11-14T08:17:03'
System info: host: 'ARTEMKA', ip: '192.168.0.103', os.name: 'Windows 10', os.arch: 'amd64', os.version: '10.0', java.version: '1.8.0_333'
Driver info: org.openqa.selenium.chrome.ChromeDriver
Capabilities {acceptInsecureCerts: false, browserName: chrome, browserVersion: 102.0.5005.115, chrome: {chromedriverVersion: 101.0.4951.41 (93c720db8323..., userDataDir: C:\Users\ompre\AppData\Loca...}, goog:chromeOptions: {debuggerAddress: localhost:50368}, javascriptEnabled: true, networkConnectionEnabled: false, pageLoadStrategy: normal, platform: WINDOWS, platformName: WINDOWS, proxy: Proxy(), setWindowRect: true, strictFileInteractability: false, timeouts: {implicit: 0, pageLoad: 300000, script: 30000}, unhandledPromptBehavior: dismiss and notify, webauthn:extension:credBlob: true, webauthn:extension:largeBlob: true, webauthn:virtualAuthenticators: true}
Session ID: 4a05f1336bc20221270d027a1500a045
18:11:10 INFO  manager.MyListener - org.openqa.selenium.ElementNotInteractableException: element not interactable
  (Session info: chrome=102.0.5005.115)
Build info: version: '3.141.59', revision: 'e82be7d358', time: '2018-11-14T08:17:03'
System info: host: 'ARTEMKA', ip: '192.168.0.103', os.name: 'Windows 10', os.arch: 'amd64', os.version: '10.0', java.version: '1.8.0_333'
Driver info: org.openqa.selenium.chrome.ChromeDriver
Capabilities {acceptInsecureCerts: false, browserName: chrome, browserVersion: 102.0.5005.115, chrome: {chromedriverVersion: 101.0.4951.41 (93c720db8323..., userDataDir: C:\Users\ompre\AppData\Loca...}, goog:chromeOptions: {debuggerAddress: localhost:50368}, javascriptEnabled: true, networkConnectionEnabled: false, pageLoadStrategy: normal, platform: WINDOWS, platformName: WINDOWS, proxy: Proxy(), setWindowRect: true, strictFileInteractability: false, timeouts: {implicit: 0, pageLoad: 300000, script: 30000}, unhandledPromptBehavior: dismiss and notify, webauthn:extension:credBlob: true, webauthn:extension:largeBlob: true, webauthn:virtualAuthenticators: true}
Session ID: 4a05f1336bc20221270d027a1500a045
18:11:10 INFO  tests.TestBase - Ends test---> carSearchSuccess
18:11:10 INFO  tests.TestBase - Starts test---> carSearchSuccess
18:11:10 INFO  tests.TestBase - Test starts with car details:--->Paris, Porsh, UK
18:11:10 INFO  manager.MyListener - Start search element by locator-->By.cssSelector: a[href='/let-car-work']
18:11:10 INFO  manager.MyListener - Element with locator-->By.cssSelector: a[href='/let-car-work'] was found
18:11:16 INFO  manager.MyListener - Something went wrong: https://ilcarro-1578153671498.web.app/let-car-work
18:11:16 INFO  manager.MyListener - element not interactable
  (Session info: chrome=102.0.5005.115)
Build info: version: '3.141.59', revision: 'e82be7d358', time: '2018-11-14T08:17:03'
System info: host: 'ARTEMKA', ip: '192.168.0.103', os.name: 'Windows 10', os.arch: 'amd64', os.version: '10.0', java.version: '1.8.0_333'
Driver info: org.openqa.selenium.chrome.ChromeDriver
Capabilities {acceptInsecureCerts: false, browserName: chrome, browserVersion: 102.0.5005.115, chrome: {chromedriverVersion: 101.0.4951.41 (93c720db8323..., userDataDir: C:\Users\ompre\AppData\Loca...}, goog:chromeOptions: {debuggerAddress: localhost:50368}, javascriptEnabled: true, networkConnectionEnabled: false, pageLoadStrategy: normal, platform: WINDOWS, platformName: WINDOWS, proxy: Proxy(), setWindowRect: true, strictFileInteractability: false, timeouts: {implicit: 0, pageLoad: 300000, script: 30000}, unhandledPromptBehavior: dismiss and notify, webauthn:extension:credBlob: true, webauthn:extension:largeBlob: true, webauthn:virtualAuthenticators: true}
Session ID: 4a05f1336bc20221270d027a1500a045
18:11:16 INFO  manager.MyListener - org.openqa.selenium.ElementNotInteractableException: element not interactable
  (Session info: chrome=102.0.5005.115)
Build info: version: '3.141.59', revision: 'e82be7d358', time: '2018-11-14T08:17:03'
System info: host: 'ARTEMKA', ip: '192.168.0.103', os.name: 'Windows 10', os.arch: 'amd64', os.version: '10.0', java.version: '1.8.0_333'
Driver info: org.openqa.selenium.chrome.ChromeDriver
Capabilities {acceptInsecureCerts: false, browserName: chrome, browserVersion: 102.0.5005.115, chrome: {chromedriverVersion: 101.0.4951.41 (93c720db8323..., userDataDir: C:\Users\ompre\AppData\Loca...}, goog:chromeOptions: {debuggerAddress: localhost:50368}, javascriptEnabled: true, networkConnectionEnabled: false, pageLoadStrategy: normal, platform: WINDOWS, platformName: WINDOWS, proxy: Proxy(), setWindowRect: true, strictFileInteractability: false, timeouts: {implicit: 0, pageLoad: 300000, script: 30000}, unhandledPromptBehavior: dismiss and notify, webauthn:extension:credBlob: true, webauthn:extension:largeBlob: true, webauthn:virtualAuthenticators: true}
Session ID: 4a05f1336bc20221270d027a1500a045
18:11:16 INFO  tests.TestBase - Ends test---> carSearchSuccess
18:11:16 INFO  tests.TestBase - Starts test---> carSearchSuccess
18:11:16 INFO  tests.TestBase - Test starts with car details:--->Madrid, Porsh, UK
18:11:16 INFO  manager.MyListener - Start search element by locator-->By.cssSelector: a[href='/let-car-work']
18:11:16 INFO  manager.MyListener - Element with locator-->By.cssSelector: a[href='/let-car-work'] was found
18:11:21 INFO  manager.MyListener - Something went wrong: https://ilcarro-1578153671498.web.app/let-car-work
18:11:21 INFO  manager.MyListener - element not interactable
  (Session info: chrome=102.0.5005.115)
Build info: version: '3.141.59', revision: 'e82be7d358', time: '2018-11-14T08:17:03'
System info: host: 'ARTEMKA', ip: '192.168.0.103', os.name: 'Windows 10', os.arch: 'amd64', os.version: '10.0', java.version: '1.8.0_333'
Driver info: org.openqa.selenium.chrome.ChromeDriver
Capabilities {acceptInsecureCerts: false, browserName: chrome, browserVersion: 102.0.5005.115, chrome: {chromedriverVersion: 101.0.4951.41 (93c720db8323..., userDataDir: C:\Users\ompre\AppData\Loca...}, goog:chromeOptions: {debuggerAddress: localhost:50368}, javascriptEnabled: true, networkConnectionEnabled: false, pageLoadStrategy: normal, platform: WINDOWS, platformName: WINDOWS, proxy: Proxy(), setWindowRect: true, strictFileInteractability: false, timeouts: {implicit: 0, pageLoad: 300000, script: 30000}, unhandledPromptBehavior: dismiss and notify, webauthn:extension:credBlob: true, webauthn:extension:largeBlob: true, webauthn:virtualAuthenticators: true}
Session ID: 4a05f1336bc20221270d027a1500a045
18:11:21 INFO  manager.MyListener - org.openqa.selenium.ElementNotInteractableException: element not interactable
  (Session info: chrome=102.0.5005.115)
Build info: version: '3.141.59', revision: 'e82be7d358', time: '2018-11-14T08:17:03'
System info: host: 'ARTEMKA', ip: '192.168.0.103', os.name: 'Windows 10', os.arch: 'amd64', os.version: '10.0', java.version: '1.8.0_333'
Driver info: org.openqa.selenium.chrome.ChromeDriver
Capabilities {acceptInsecureCerts: false, browserName: chrome, browserVersion: 102.0.5005.115, chrome: {chromedriverVersion: 101.0.4951.41 (93c720db8323..., userDataDir: C:\Users\ompre\AppData\Loca...}, goog:chromeOptions: {debuggerAddress: localhost:50368}, javascriptEnabled: true, networkConnectionEnabled: false, pageLoadStrategy: normal, platform: WINDOWS, platformName: WINDOWS, proxy: Proxy(), setWindowRect: true, strictFileInteractability: false, timeouts: {implicit: 0, pageLoad: 300000, script: 30000}, unhandledPromptBehavior: dismiss and notify, webauthn:extension:credBlob: true, webauthn:extension:largeBlob: true, webauthn:virtualAuthenticators: true}
Session ID: 4a05f1336bc20221270d027a1500a045
18:11:21 INFO  tests.TestBase - Ends test---> carSearchSuccess
18:11:21 INFO  tests.TestBase - Starts test---> carSearchSuccessDP
18:11:21 INFO  tests.TestBase - Test starts with car details-->Car(location=Tel Aviv, make=Japan, model=Honda, year=2001, engine=1,3, fuel=Petrol, gear=MT, wD=AWD, doors=4, seats=5, clasS=M, fuelConsumption=9,5, registrationNum=10-15-131072, price=10, distance=120, features=New resin, about=Used but in good conditions)
18:11:21 INFO  manager.MyListener - Start search element by locator-->By.cssSelector: a[href='/let-car-work']
18:11:21 INFO  manager.MyListener - Element with locator-->By.cssSelector: a[href='/let-car-work'] was found
18:11:26 INFO  manager.MyListener - Something went wrong: https://ilcarro-1578153671498.web.app/let-car-work
18:11:26 INFO  manager.MyListener - element not interactable
  (Session info: chrome=102.0.5005.115)
Build info: version: '3.141.59', revision: 'e82be7d358', time: '2018-11-14T08:17:03'
System info: host: 'ARTEMKA', ip: '192.168.0.103', os.name: 'Windows 10', os.arch: 'amd64', os.version: '10.0', java.version: '1.8.0_333'
Driver info: org.openqa.selenium.chrome.ChromeDriver
Capabilities {acceptInsecureCerts: false, browserName: chrome, browserVersion: 102.0.5005.115, chrome: {chromedriverVersion: 101.0.4951.41 (93c720db8323..., userDataDir: C:\Users\ompre\AppData\Loca...}, goog:chromeOptions: {debuggerAddress: localhost:50368}, javascriptEnabled: true, networkConnectionEnabled: false, pageLoadStrategy: normal, platform: WINDOWS, platformName: WINDOWS, proxy: Proxy(), setWindowRect: true, strictFileInteractability: false, timeouts: {implicit: 0, pageLoad: 300000, script: 30000}, unhandledPromptBehavior: dismiss and notify, webauthn:extension:credBlob: true, webauthn:extension:largeBlob: true, webauthn:virtualAuthenticators: true}
Session ID: 4a05f1336bc20221270d027a1500a045
18:11:26 INFO  manager.MyListener - org.openqa.selenium.ElementNotInteractableException: element not interactable
  (Session info: chrome=102.0.5005.115)
Build info: version: '3.141.59', revision: 'e82be7d358', time: '2018-11-14T08:17:03'
System info: host: 'ARTEMKA', ip: '192.168.0.103', os.name: 'Windows 10', os.arch: 'amd64', os.version: '10.0', java.version: '1.8.0_333'
Driver info: org.openqa.selenium.chrome.ChromeDriver
Capabilities {acceptInsecureCerts: false, browserName: chrome, browserVersion: 102.0.5005.115, chrome: {chromedriverVersion: 101.0.4951.41 (93c720db8323..., userDataDir: C:\Users\ompre\AppData\Loca...}, goog:chromeOptions: {debuggerAddress: localhost:50368}, javascriptEnabled: true, networkConnectionEnabled: false, pageLoadStrategy: normal, platform: WINDOWS, platformName: WINDOWS, proxy: Proxy(), setWindowRect: true, strictFileInteractability: false, timeouts: {implicit: 0, pageLoad: 300000, script: 30000}, unhandledPromptBehavior: dismiss and notify, webauthn:extension:credBlob: true, webauthn:extension:largeBlob: true, webauthn:virtualAuthenticators: true}
Session ID: 4a05f1336bc20221270d027a1500a045
18:11:26 INFO  tests.TestBase - Ends test---> carSearchSuccessDP
18:11:26 INFO  tests.TestBase - Starts test---> carSearchSuccessDP
18:11:26 INFO  tests.TestBase - Test starts with car details-->Car(location=Moscow, make=Japan, model=Toyota, year=2001, engine=1,3, fuel=Petrol, gear=MT, wD=AWD, doors=4, seats=5, clasS=M, fuelConsumption=9,5, registrationNum=10-15-131077, price=15, distance=120, features=New resin, about=Used but in good conditions)
18:11:26 INFO  manager.MyListener - Start search element by locator-->By.cssSelector: a[href='/let-car-work']
18:11:26 INFO  manager.MyListener - Element with locator-->By.cssSelector: a[href='/let-car-work'] was found
18:11:31 INFO  manager.MyListener - Something went wrong: https://ilcarro-1578153671498.web.app/let-car-work
18:11:31 INFO  manager.MyListener - element not interactable
  (Session info: chrome=102.0.5005.115)
Build info: version: '3.141.59', revision: 'e82be7d358', time: '2018-11-14T08:17:03'
System info: host: 'ARTEMKA', ip: '192.168.0.103', os.name: 'Windows 10', os.arch: 'amd64', os.version: '10.0', java.version: '1.8.0_333'
Driver info: org.openqa.selenium.chrome.ChromeDriver
Capabilities {acceptInsecureCerts: false, browserName: chrome, browserVersion: 102.0.5005.115, chrome: {chromedriverVersion: 101.0.4951.41 (93c720db8323..., userDataDir: C:\Users\ompre\AppData\Loca...}, goog:chromeOptions: {debuggerAddress: localhost:50368}, javascriptEnabled: true, networkConnectionEnabled: false, pageLoadStrategy: normal, platform: WINDOWS, platformName: WINDOWS, proxy: Proxy(), setWindowRect: true, strictFileInteractability: false, timeouts: {implicit: 0, pageLoad: 300000, script: 30000}, unhandledPromptBehavior: dismiss and notify, webauthn:extension:credBlob: true, webauthn:extension:largeBlob: true, webauthn:virtualAuthenticators: true}
Session ID: 4a05f1336bc20221270d027a1500a045
18:11:31 INFO  manager.MyListener - org.openqa.selenium.ElementNotInteractableException: element not interactable
  (Session info: chrome=102.0.5005.115)
Build info: version: '3.141.59', revision: 'e82be7d358', time: '2018-11-14T08:17:03'
System info: host: 'ARTEMKA', ip: '192.168.0.103', os.name: 'Windows 10', os.arch: 'amd64', os.version: '10.0', java.version: '1.8.0_333'
Driver info: org.openqa.selenium.chrome.ChromeDriver
Capabilities {acceptInsecureCerts: false, browserName: chrome, browserVersion: 102.0.5005.115, chrome: {chromedriverVersion: 101.0.4951.41 (93c720db8323..., userDataDir: C:\Users\ompre\AppData\Loca...}, goog:chromeOptions: {debuggerAddress: localhost:50368}, javascriptEnabled: true, networkConnectionEnabled: false, pageLoadStrategy: normal, platform: WINDOWS, platformName: WINDOWS, proxy: Proxy(), setWindowRect: true, strictFileInteractability: false, timeouts: {implicit: 0, pageLoad: 300000, script: 30000}, unhandledPromptBehavior: dismiss and notify, webauthn:extension:credBlob: true, webauthn:extension:largeBlob: true, webauthn:virtualAuthenticators: true}
Session ID: 4a05f1336bc20221270d027a1500a045
18:11:31 INFO  tests.TestBase - Ends test---> carSearchSuccessDP
18:11:31 INFO  tests.TestBase - Starts test---> carSearchSuccessDP
18:11:31 INFO  tests.TestBase - Test starts with car details-->Car(location=Tokio, make=Japan, model=BMW, year=2001, engine=1,3, fuel=Petrol, gear=MT, wD=AWD, doors=4, seats=5, clasS=M, fuelConsumption=9,5, registrationNum=10-15-131082, price=20, distance=120, features=New resin, about=Used but in good conditions)
18:11:31 INFO  manager.MyListener - Start search element by locator-->By.cssSelector: a[href='/let-car-work']
