13:09:54 INFO  manager.ApplicationManager - All tests starts in 'Chrome' browser
13:10:09 INFO  tests.TestBase - Starts test---> searchPeriodCurrentMonth
13:10:12 INFO  tests.TestBase - rent details:-->Tel Aviv, from 28 May 2022 till 30 May 2022
13:10:13 INFO  tests.TestBase - Ends test---> searchPeriodCurrentMonth
13:10:13 INFO  tests.TestBase - Starts test---> searchPeriodInFuture
13:10:17 INFO  tests.TestBase - rent details:-->Moscow, from 25 Oct 2022 till 28 Nov 2022
13:10:19 INFO  tests.TestBase - Ends test---> searchPeriodInFuture
13:10:19 INFO  tests.TestBase - Starts test---> searchPeriodInFuture2
13:10:28 INFO  tests.TestBase - Starts test---> carSearchSuccess
13:10:34 INFO  tests.TestBase - Starts test---> loginNegativeEmail
13:10:46 INFO  tests.TestBase - Starts test---> registrationNegativeExist
13:10:51 INFO  tests.TestBase - Registration with email = user2900@gmail.com and password = Asd594d#%
13:10:52 INFO  tests.TestBase - Ends test---> registrationNegativeExist
13:10:52 INFO  tests.TestBase - Starts test---> registrationNegativeMail
13:10:58 INFO  tests.TestBase - Ends test---> registrationNegativeMail
13:10:58 INFO  tests.TestBase - Starts test---> registrationNegativePass
13:11:05 INFO  tests.TestBase - Ends test---> registrationNegativePass
13:11:05 INFO  tests.TestBase - Starts test---> registrationPositive
13:11:07 INFO  tests.TestBase - Ends test---> registrationPositive
13:11:07 INFO  tests.TestBase - Starts test---> registrationPositive2
