11:54:03 INFO  manager.ApplicationManager - All tests starts in 'Chrome' browser
11:54:06 INFO  manager.MyListener - Start search element by locator-->By.xpath: //*[text()=' Logout ']
11:54:11 INFO  manager.MyListener - Element with locator-->By.xpath: //*[text()=' Logout '] was found
11:54:11 INFO  manager.MyListener - Start search element by locator-->By.xpath: //*[text()=' Log in ']
11:54:11 INFO  manager.MyListener - Element with locator-->By.xpath: //*[text()=' Log in '] was found
11:54:11 INFO  manager.MyListener - Start search element by locator-->By.cssSelector: div input#email
11:54:11 INFO  manager.MyListener - Element with locator-->By.cssSelector: div input#email was found
11:54:12 INFO  manager.MyListener - Start search element by locator-->By.cssSelector: div input#password
11:54:12 INFO  manager.MyListener - Element with locator-->By.cssSelector: div input#password was found
11:54:12 INFO  manager.MyListener - Start search element by locator-->By.cssSelector: form button[type='submit']
11:54:12 INFO  manager.MyListener - Element with locator-->By.cssSelector: form button[type='submit'] was found
11:54:12 INFO  tests.TestBase - Starts test---> carSearchSingaporeOnly
11:54:12 INFO  tests.TestBase - Car to be added-->Car(location=Singapore, make=UK, model=Porsh, year=2018, engine=2.8, fuel=Petrol, gear=SMT, wD=FWD, doors=3, seats=2, clasS=Sx, fuelConsumption=12, registrationNum=10-100-3333252, price=80, distance=150, features=Red fast car, about=Super car)
11:54:12 INFO  manager.MyListener - Start search element by locator-->By.cssSelector: a[href='/let-car-work']
11:54:12 INFO  manager.MyListener - Element with locator-->By.cssSelector: a[href='/let-car-work'] was found
11:54:12 INFO  manager.MyListener - Start search element by locator-->By.id: pickUpPlace
11:54:12 INFO  manager.MyListener - Element with locator-->By.id: pickUpPlace was found
11:54:13 INFO  manager.MyListener - Start search element by locator-->By.cssSelector: div.pac-item
11:54:13 INFO  manager.MyListener - Element with locator-->By.cssSelector: div.pac-item was found
11:54:14 INFO  manager.MyListener - Start search element by locator-->By.cssSelector: input[id='make']
11:54:14 INFO  manager.MyListener - Element with locator-->By.cssSelector: input[id='make'] was found
11:54:14 INFO  manager.MyListener - Start search element by locator-->By.id: model
11:54:14 INFO  manager.MyListener - Element with locator-->By.id: model was found
11:54:14 INFO  manager.MyListener - Start search element by locator-->By.id: year
11:54:14 INFO  manager.MyListener - Element with locator-->By.id: year was found
11:54:14 INFO  manager.MyListener - Start search element by locator-->By.id: engine
11:54:14 INFO  manager.MyListener - Element with locator-->By.id: engine was found
11:54:14 INFO  manager.MyListener - Start search element by locator-->By.id: fuel
11:54:14 INFO  manager.MyListener - Element with locator-->By.id: fuel was found
11:54:14 INFO  manager.MyListener - Start search element by locator-->By.xpath: .//option[@value = "Petrol"]
11:54:14 INFO  manager.MyListener - Element with locator-->By.xpath: .//option[@value = "Petrol"] was found
11:54:14 INFO  manager.MyListener - Start search element by locator-->By.id: gear
11:54:14 INFO  manager.MyListener - Element with locator-->By.id: gear was found
11:54:14 INFO  manager.MyListener - Start search element by locator-->By.xpath: .//option[@value = "SMT"]
11:54:14 INFO  manager.MyListener - Element with locator-->By.xpath: .//option[@value = "SMT"] was found
11:54:14 INFO  manager.MyListener - Start search element by locator-->By.id: wheelsDrive
11:54:14 INFO  manager.MyListener - Element with locator-->By.id: wheelsDrive was found
11:54:14 INFO  manager.MyListener - Start search element by locator-->By.xpath: .//option[@value = "FWD"]
11:54:15 INFO  manager.MyListener - Element with locator-->By.xpath: .//option[@value = "FWD"] was found
11:54:15 INFO  manager.MyListener - Start search element by locator-->By.id: doors
11:54:15 INFO  manager.MyListener - Element with locator-->By.id: doors was found
11:54:15 INFO  manager.MyListener - Start search element by locator-->By.id: seats
11:54:15 INFO  manager.MyListener - Element with locator-->By.id: seats was found
11:54:15 INFO  manager.MyListener - Start search element by locator-->By.id: class
11:54:15 INFO  manager.MyListener - Element with locator-->By.id: class was found
11:54:15 INFO  manager.MyListener - Start search element by locator-->By.id: fuelConsumption
11:54:15 INFO  manager.MyListener - Element with locator-->By.id: fuelConsumption was found
11:54:15 INFO  manager.MyListener - Start search element by locator-->By.id: serialNumber
11:54:15 INFO  manager.MyListener - Element with locator-->By.id: serialNumber was found
11:54:15 INFO  manager.MyListener - Start search element by locator-->By.id: price
11:54:15 INFO  manager.MyListener - Element with locator-->By.id: price was found
11:54:15 INFO  manager.MyListener - Start search element by locator-->By.id: distance
11:54:16 INFO  manager.MyListener - Element with locator-->By.id: distance was found
11:54:16 INFO  manager.MyListener - Start search element by locator-->By.cssSelector: input.feature-input
11:54:16 INFO  manager.MyListener - Element with locator-->By.cssSelector: input.feature-input was found
11:54:16 INFO  manager.MyListener - Start search element by locator-->By.id: about
11:54:16 INFO  manager.MyListener - Element with locator-->By.id: about was found
11:54:16 INFO  manager.MyListener - Start search element by locator-->By.id: photos
11:54:16 INFO  manager.MyListener - Element with locator-->By.id: photos was found
11:54:16 INFO  manager.MyListener - Start search element by locator-->By.xpath: //*[text()='Submit']
11:54:16 INFO  manager.MyListener - Element with locator-->By.xpath: //*[text()='Submit'] was found
11:54:18 INFO  manager.MyListener - Start search element by locator-->By.xpath: //*[text()='Submit']
11:54:18 INFO  manager.MyListener - Element with locator-->By.xpath: //*[text()='Submit'] was found
11:54:18 INFO  manager.MyListener - Start search element by locator-->By.id: mat-dialog-0
11:54:19 INFO  manager.MyListener - Element with locator-->By.id: mat-dialog-0 was found
11:54:19 INFO  manager.MyListener - Start search element by locator-->By.xpath: //button[text()='Close']
11:54:19 INFO  manager.MyListener - Element with locator-->By.xpath: //button[text()='Close'] was found
11:54:19 INFO  manager.MyListener - Start search element by locator-->By.xpath: //h1[text()='Something goes wrong']
11:54:19 INFO  manager.MyListener - Element with locator-->By.xpath: //h1[text()='Something goes wrong'] was found
11:54:19 INFO  manager.HelperBase - !!! Bug found with message-->Something goes wrong
11:54:19 INFO  manager.MyListener - Start search element by locator-->By.xpath: //*[text()='Car added']
11:54:24 INFO  manager.MyListener - Something went wrong: https://ilcarro-1578153671498.web.app/let-car-work
11:54:24 INFO  manager.MyListener - no such element: Unable to locate element: {"method":"xpath","selector":"//*[text()='Car added']"}
  (Session info: chrome=102.0.5005.115)
For documentation on this error, please visit: https://www.seleniumhq.org/exceptions/no_such_element.html
Build info: version: '3.141.59', revision: 'e82be7d358', time: '2018-11-14T08:17:03'
System info: host: 'ARTEMKA', ip: '192.168.0.103', os.name: 'Windows 10', os.arch: 'amd64', os.version: '10.0', java.version: '1.8.0_333'
Driver info: org.openqa.selenium.chrome.ChromeDriver
Capabilities {acceptInsecureCerts: false, browserName: chrome, browserVersion: 102.0.5005.115, chrome: {chromedriverVersion: 101.0.4951.41 (93c720db8323..., userDataDir: C:\Users\ompre\AppData\Loca...}, goog:chromeOptions: {debuggerAddress: localhost:59060}, javascriptEnabled: true, networkConnectionEnabled: false, pageLoadStrategy: normal, platform: WINDOWS, platformName: WINDOWS, proxy: Proxy(), setWindowRect: true, strictFileInteractability: false, timeouts: {implicit: 0, pageLoad: 300000, script: 30000}, unhandledPromptBehavior: dismiss and notify, webauthn:extension:credBlob: true, webauthn:extension:largeBlob: true, webauthn:virtualAuthenticators: true}
Session ID: 10cb889b0b7ad756ad3485d6fdd3a6e0
*** Element info: {Using=xpath, value=//*[text()='Car added']}
11:54:24 INFO  manager.MyListener - org.openqa.selenium.NoSuchElementException: no such element: Unable to locate element: {"method":"xpath","selector":"//*[text()='Car added']"}
  (Session info: chrome=102.0.5005.115)
For documentation on this error, please visit: https://www.seleniumhq.org/exceptions/no_such_element.html
Build info: version: '3.141.59', revision: 'e82be7d358', time: '2018-11-14T08:17:03'
System info: host: 'ARTEMKA', ip: '192.168.0.103', os.name: 'Windows 10', os.arch: 'amd64', os.version: '10.0', java.version: '1.8.0_333'
Driver info: org.openqa.selenium.chrome.ChromeDriver
Capabilities {acceptInsecureCerts: false, browserName: chrome, browserVersion: 102.0.5005.115, chrome: {chromedriverVersion: 101.0.4951.41 (93c720db8323..., userDataDir: C:\Users\ompre\AppData\Loca...}, goog:chromeOptions: {debuggerAddress: localhost:59060}, javascriptEnabled: true, networkConnectionEnabled: false, pageLoadStrategy: normal, platform: WINDOWS, platformName: WINDOWS, proxy: Proxy(), setWindowRect: true, strictFileInteractability: false, timeouts: {implicit: 0, pageLoad: 300000, script: 30000}, unhandledPromptBehavior: dismiss and notify, webauthn:extension:credBlob: true, webauthn:extension:largeBlob: true, webauthn:virtualAuthenticators: true}
Session ID: 10cb889b0b7ad756ad3485d6fdd3a6e0
*** Element info: {Using=xpath, value=//*[text()='Car added']}
11:54:24 INFO  tests.TestBase - Ends test---> carSearchSingaporeOnly
11:54:24 INFO  tests.TestBase - Starts test---> carSearchSingaporeOnly
11:54:24 INFO  tests.TestBase - Car to be added-->Car(location=Singapore Zoo, Singapore, make=UK, model=Porsh, year=2018, engine=2.8, fuel=Petrol, gear=SMT, wD=FWD, doors=3, seats=2, clasS=Sx, fuelConsumption=12, registrationNum=10-100-33332521, price=80, distance=150, features=Red fast car, about=Super car)
11:54:24 INFO  manager.MyListener - Start search element by locator-->By.cssSelector: a[href='/let-car-work']
11:54:24 INFO  manager.MyListener - Element with locator-->By.cssSelector: a[href='/let-car-work'] was found
11:54:25 INFO  manager.MyListener - Start search element by locator-->By.id: pickUpPlace
11:54:25 INFO  manager.MyListener - Element with locator-->By.id: pickUpPlace was found
11:54:25 INFO  manager.MyListener - Start search element by locator-->By.cssSelector: div.pac-item
11:54:25 INFO  manager.MyListener - Element with locator-->By.cssSelector: div.pac-item was found
11:54:26 INFO  manager.MyListener - Start search element by locator-->By.cssSelector: input[id='make']
11:54:26 INFO  manager.MyListener - Element with locator-->By.cssSelector: input[id='make'] was found
11:54:26 INFO  manager.MyListener - Start search element by locator-->By.id: model
11:54:26 INFO  manager.MyListener - Element with locator-->By.id: model was found
11:54:27 INFO  manager.MyListener - Start search element by locator-->By.id: year
11:54:27 INFO  manager.MyListener - Element with locator-->By.id: year was found
11:54:27 INFO  manager.MyListener - Start search element by locator-->By.id: engine
11:54:27 INFO  manager.MyListener - Element with locator-->By.id: engine was found
11:54:27 INFO  manager.MyListener - Start search element by locator-->By.id: fuel
11:54:27 INFO  manager.MyListener - Element with locator-->By.id: fuel was found
11:54:27 INFO  manager.MyListener - Start search element by locator-->By.xpath: .//option[@value = "Petrol"]
11:54:27 INFO  manager.MyListener - Element with locator-->By.xpath: .//option[@value = "Petrol"] was found
11:54:27 INFO  manager.MyListener - Start search element by locator-->By.id: gear
11:54:27 INFO  manager.MyListener - Element with locator-->By.id: gear was found
11:54:27 INFO  manager.MyListener - Start search element by locator-->By.xpath: .//option[@value = "SMT"]
11:54:27 INFO  manager.MyListener - Element with locator-->By.xpath: .//option[@value = "SMT"] was found
11:54:27 INFO  manager.MyListener - Start search element by locator-->By.id: wheelsDrive
11:54:27 INFO  manager.MyListener - Element with locator-->By.id: wheelsDrive was found
11:54:27 INFO  manager.MyListener - Start search element by locator-->By.xpath: .//option[@value = "FWD"]
11:54:27 INFO  manager.MyListener - Element with locator-->By.xpath: .//option[@value = "FWD"] was found
11:54:27 INFO  manager.MyListener - Start search element by locator-->By.id: doors
11:54:27 INFO  manager.MyListener - Element with locator-->By.id: doors was found
11:54:27 INFO  manager.MyListener - Start search element by locator-->By.id: seats
11:54:27 INFO  manager.MyListener - Element with locator-->By.id: seats was found
11:54:27 INFO  manager.MyListener - Start search element by locator-->By.id: class
11:54:27 INFO  manager.MyListener - Element with locator-->By.id: class was found
11:54:28 INFO  manager.MyListener - Start search element by locator-->By.id: fuelConsumption
11:54:28 INFO  manager.MyListener - Element with locator-->By.id: fuelConsumption was found
11:54:28 INFO  manager.MyListener - Start search element by locator-->By.id: serialNumber
11:54:28 INFO  manager.MyListener - Element with locator-->By.id: serialNumber was found
11:54:28 INFO  manager.MyListener - Start search element by locator-->By.id: price
11:54:28 INFO  manager.MyListener - Element with locator-->By.id: price was found
11:54:28 INFO  manager.MyListener - Start search element by locator-->By.id: distance
11:54:28 INFO  manager.MyListener - Element with locator-->By.id: distance was found
11:54:28 INFO  manager.MyListener - Start search element by locator-->By.cssSelector: input.feature-input
11:54:28 INFO  manager.MyListener - Element with locator-->By.cssSelector: input.feature-input was found
11:54:28 INFO  manager.MyListener - Something went wrong: https://ilcarro-1578153671498.web.app/let-car-work
11:54:28 INFO  manager.MyListener - stale element reference: element is not attached to the page document
  (Session info: chrome=102.0.5005.115)
For documentation on this error, please visit: https://www.seleniumhq.org/exceptions/stale_element_reference.html
Build info: version: '3.141.59', revision: 'e82be7d358', time: '2018-11-14T08:17:03'
System info: host: 'ARTEMKA', ip: '192.168.0.103', os.name: 'Windows 10', os.arch: 'amd64', os.version: '10.0', java.version: '1.8.0_333'
Driver info: org.openqa.selenium.chrome.ChromeDriver
Capabilities {acceptInsecureCerts: false, browserName: chrome, browserVersion: 102.0.5005.115, chrome: {chromedriverVersion: 101.0.4951.41 (93c720db8323..., userDataDir: C:\Users\ompre\AppData\Loca...}, goog:chromeOptions: {debuggerAddress: localhost:59060}, javascriptEnabled: true, networkConnectionEnabled: false, pageLoadStrategy: normal, platform: WINDOWS, platformName: WINDOWS, proxy: Proxy(), setWindowRect: true, strictFileInteractability: false, timeouts: {implicit: 0, pageLoad: 300000, script: 30000}, unhandledPromptBehavior: dismiss and notify, webauthn:extension:credBlob: true, webauthn:extension:largeBlob: true, webauthn:virtualAuthenticators: true}
Session ID: 10cb889b0b7ad756ad3485d6fdd3a6e0
11:54:28 INFO  manager.MyListener - org.openqa.selenium.StaleElementReferenceException: stale element reference: element is not attached to the page document
  (Session info: chrome=102.0.5005.115)
For documentation on this error, please visit: https://www.seleniumhq.org/exceptions/stale_element_reference.html
Build info: version: '3.141.59', revision: 'e82be7d358', time: '2018-11-14T08:17:03'
System info: host: 'ARTEMKA', ip: '192.168.0.103', os.name: 'Windows 10', os.arch: 'amd64', os.version: '10.0', java.version: '1.8.0_333'
Driver info: org.openqa.selenium.chrome.ChromeDriver
Capabilities {acceptInsecureCerts: false, browserName: chrome, browserVersion: 102.0.5005.115, chrome: {chromedriverVersion: 101.0.4951.41 (93c720db8323..., userDataDir: C:\Users\ompre\AppData\Loca...}, goog:chromeOptions: {debuggerAddress: localhost:59060}, javascriptEnabled: true, networkConnectionEnabled: false, pageLoadStrategy: normal, platform: WINDOWS, platformName: WINDOWS, proxy: Proxy(), setWindowRect: true, strictFileInteractability: false, timeouts: {implicit: 0, pageLoad: 300000, script: 30000}, unhandledPromptBehavior: dismiss and notify, webauthn:extension:credBlob: true, webauthn:extension:largeBlob: true, webauthn:virtualAuthenticators: true}
Session ID: 10cb889b0b7ad756ad3485d6fdd3a6e0
11:54:28 INFO  tests.TestBase - Ends test---> carSearchSingaporeOnly
11:54:28 INFO  tests.TestBase - Starts test---> carSearchSingaporeOnly
11:54:28 INFO  tests.TestBase - Car to be added-->Car(location=Raffles Avenue, Singapore Flyer, Singapore, make=UK, model=Porsh, year=2018, engine=2.8, fuel=Petrol, gear=SMT, wD=FWD, doors=3, seats=2, clasS=Sx, fuelConsumption=12, registrationNum=10-100-33332522, price=80, distance=150, features=Red fast car, about=Super car)
11:54:28 INFO  manager.MyListener - Start search element by locator-->By.cssSelector: a[href='/let-car-work']
11:54:28 INFO  manager.MyListener - Element with locator-->By.cssSelector: a[href='/let-car-work'] was found
11:54:28 INFO  manager.MyListener - Start search element by locator-->By.id: pickUpPlace
11:54:29 INFO  manager.MyListener - Element with locator-->By.id: pickUpPlace was found
11:54:29 INFO  manager.MyListener - Start search element by locator-->By.cssSelector: div.pac-item
11:54:29 INFO  manager.MyListener - Element with locator-->By.cssSelector: div.pac-item was found
11:54:30 INFO  manager.MyListener - Start search element by locator-->By.cssSelector: input[id='make']
11:54:30 INFO  manager.MyListener - Element with locator-->By.cssSelector: input[id='make'] was found
11:54:30 INFO  manager.MyListener - Start search element by locator-->By.id: model
11:54:30 INFO  manager.MyListener - Element with locator-->By.id: model was found
11:54:31 INFO  manager.MyListener - Start search element by locator-->By.id: year
11:54:31 INFO  manager.MyListener - Element with locator-->By.id: year was found
11:54:31 INFO  manager.MyListener - Start search element by locator-->By.id: engine
11:54:31 INFO  manager.MyListener - Element with locator-->By.id: engine was found
11:54:31 INFO  manager.MyListener - Start search element by locator-->By.id: fuel
11:54:31 INFO  manager.MyListener - Element with locator-->By.id: fuel was found
11:54:31 INFO  manager.MyListener - Start search element by locator-->By.xpath: .//option[@value = "Petrol"]
11:54:31 INFO  manager.MyListener - Element with locator-->By.xpath: .//option[@value = "Petrol"] was found
11:54:31 INFO  manager.MyListener - Start search element by locator-->By.id: gear
11:54:31 INFO  manager.MyListener - Element with locator-->By.id: gear was found
11:54:31 INFO  manager.MyListener - Start search element by locator-->By.xpath: .//option[@value = "SMT"]
11:54:31 INFO  manager.MyListener - Element with locator-->By.xpath: .//option[@value = "SMT"] was found
11:54:31 INFO  manager.MyListener - Start search element by locator-->By.id: wheelsDrive
11:54:31 INFO  manager.MyListener - Element with locator-->By.id: wheelsDrive was found
11:54:31 INFO  manager.MyListener - Start search element by locator-->By.xpath: .//option[@value = "FWD"]
11:54:31 INFO  manager.MyListener - Element with locator-->By.xpath: .//option[@value = "FWD"] was found
11:54:31 INFO  manager.MyListener - Start search element by locator-->By.id: doors
11:54:31 INFO  manager.MyListener - Element with locator-->By.id: doors was found
11:54:31 INFO  manager.MyListener - Start search element by locator-->By.id: seats
11:54:31 INFO  manager.MyListener - Element with locator-->By.id: seats was found
11:54:31 INFO  manager.MyListener - Start search element by locator-->By.id: class
11:54:31 INFO  manager.MyListener - Element with locator-->By.id: class was found
11:54:31 INFO  manager.MyListener - Start search element by locator-->By.id: fuelConsumption
11:54:31 INFO  manager.MyListener - Element with locator-->By.id: fuelConsumption was found
11:54:31 INFO  manager.MyListener - Start search element by locator-->By.id: serialNumber
11:54:31 INFO  manager.MyListener - Element with locator-->By.id: serialNumber was found
11:54:32 INFO  manager.MyListener - Start search element by locator-->By.id: price
11:54:32 INFO  manager.MyListener - Element with locator-->By.id: price was found
11:54:32 INFO  manager.MyListener - Start search element by locator-->By.id: distance
11:54:32 INFO  manager.MyListener - Element with locator-->By.id: distance was found
11:54:32 INFO  manager.MyListener - Start search element by locator-->By.cssSelector: input.feature-input
11:54:32 INFO  manager.MyListener - Element with locator-->By.cssSelector: input.feature-input was found
11:54:32 INFO  manager.MyListener - Start search element by locator-->By.id: about
11:54:32 INFO  manager.MyListener - Element with locator-->By.id: about was found
11:54:32 INFO  manager.MyListener - Start search element by locator-->By.id: photos
11:54:32 INFO  manager.MyListener - Element with locator-->By.id: photos was found
11:54:32 INFO  manager.MyListener - Start search element by locator-->By.xpath: //*[text()='Submit']
11:54:32 INFO  manager.MyListener - Element with locator-->By.xpath: //*[text()='Submit'] was found
11:54:33 INFO  manager.MyListener - Start search element by locator-->By.xpath: //*[text()='Submit']
11:54:33 INFO  manager.MyListener - Element with locator-->By.xpath: //*[text()='Submit'] was found
11:54:33 INFO  manager.MyListener - Start search element by locator-->By.id: mat-dialog-0
11:54:38 INFO  manager.MyListener - Element with locator-->By.id: mat-dialog-0 was found
11:54:38 INFO  manager.MyListener - Start search element by locator-->By.xpath: //*[text()='Car added']
11:54:38 INFO  manager.MyListener - Element with locator-->By.xpath: //*[text()='Car added'] was found
11:54:38 INFO  tests.TestBase - Test finished, car added Success
11:54:38 INFO  manager.MyListener - Start search element by locator-->By.xpath: //*[text()='Search cars']
11:54:38 INFO  manager.MyListener - Element with locator-->By.xpath: //*[text()='Search cars'] was found
11:54:39 INFO  tests.TestBase - Ends test---> carSearchSingaporeOnly
11:54:39 INFO  tests.TestBase - Starts test---> carSearchSingaporeOnly
11:54:39 INFO  tests.TestBase - Car to be added-->Car(location=Singaperumal Koil, Tamil Nadu, India, make=UK, model=Porsh, year=2018, engine=2.8, fuel=Petrol, gear=SMT, wD=FWD, doors=3, seats=2, clasS=Sx, fuelConsumption=12, registrationNum=10-100-33332523, price=80, distance=150, features=Red fast car, about=Super car)
11:54:39 INFO  manager.MyListener - Start search element by locator-->By.cssSelector: a[href='/let-car-work']
11:54:39 INFO  manager.MyListener - Element with locator-->By.cssSelector: a[href='/let-car-work'] was found
11:54:39 INFO  manager.MyListener - Start search element by locator-->By.id: pickUpPlace
11:54:39 INFO  manager.MyListener - Element with locator-->By.id: pickUpPlace was found
11:54:39 INFO  manager.MyListener - Start search element by locator-->By.cssSelector: div.pac-item
11:54:39 INFO  manager.MyListener - Element with locator-->By.cssSelector: div.pac-item was found
11:54:40 INFO  manager.MyListener - Start search element by locator-->By.cssSelector: input[id='make']
11:54:40 INFO  manager.MyListener - Element with locator-->By.cssSelector: input[id='make'] was found
11:54:41 INFO  manager.MyListener - Start search element by locator-->By.id: model
11:54:41 INFO  manager.MyListener - Element with locator-->By.id: model was found
11:54:41 INFO  manager.MyListener - Start search element by locator-->By.id: year
11:54:41 INFO  manager.MyListener - Element with locator-->By.id: year was found
11:54:41 INFO  manager.MyListener - Start search element by locator-->By.id: engine
11:54:41 INFO  manager.MyListener - Element with locator-->By.id: engine was found
11:54:41 INFO  manager.MyListener - Start search element by locator-->By.id: fuel
11:54:41 INFO  manager.MyListener - Element with locator-->By.id: fuel was found
11:54:41 INFO  manager.MyListener - Start search element by locator-->By.xpath: .//option[@value = "Petrol"]
11:54:41 INFO  manager.MyListener - Element with locator-->By.xpath: .//option[@value = "Petrol"] was found
11:54:41 INFO  manager.MyListener - Start search element by locator-->By.id: gear
11:54:41 INFO  manager.MyListener - Element with locator-->By.id: gear was found
11:54:41 INFO  manager.MyListener - Start search element by locator-->By.xpath: .//option[@value = "SMT"]
11:54:41 INFO  manager.MyListener - Element with locator-->By.xpath: .//option[@value = "SMT"] was found
11:54:41 INFO  manager.MyListener - Start search element by locator-->By.id: wheelsDrive
11:54:41 INFO  manager.MyListener - Element with locator-->By.id: wheelsDrive was found
11:54:41 INFO  manager.MyListener - Start search element by locator-->By.xpath: .//option[@value = "FWD"]
11:54:41 INFO  manager.MyListener - Element with locator-->By.xpath: .//option[@value = "FWD"] was found
11:54:41 INFO  manager.MyListener - Start search element by locator-->By.id: doors
11:54:41 INFO  manager.MyListener - Element with locator-->By.id: doors was found
11:54:41 INFO  manager.MyListener - Start search element by locator-->By.id: seats
11:54:41 INFO  manager.MyListener - Element with locator-->By.id: seats was found
11:54:42 INFO  manager.MyListener - Start search element by locator-->By.id: class
11:54:42 INFO  manager.MyListener - Element with locator-->By.id: class was found
11:54:42 INFO  manager.MyListener - Start search element by locator-->By.id: fuelConsumption
11:54:42 INFO  manager.MyListener - Element with locator-->By.id: fuelConsumption was found
11:54:42 INFO  manager.MyListener - Start search element by locator-->By.id: serialNumber
11:54:42 INFO  manager.MyListener - Element with locator-->By.id: serialNumber was found
11:54:42 INFO  manager.MyListener - Start search element by locator-->By.id: price
11:54:42 INFO  manager.MyListener - Element with locator-->By.id: price was found
11:54:42 INFO  manager.MyListener - Start search element by locator-->By.id: distance
11:54:42 INFO  manager.MyListener - Element with locator-->By.id: distance was found
11:54:42 INFO  manager.MyListener - Start search element by locator-->By.cssSelector: input.feature-input
11:54:42 INFO  manager.MyListener - Element with locator-->By.cssSelector: input.feature-input was found
11:54:42 INFO  manager.MyListener - Start search element by locator-->By.id: about
11:54:42 INFO  manager.MyListener - Element with locator-->By.id: about was found
11:54:43 INFO  manager.MyListener - Start search element by locator-->By.id: photos
11:54:43 INFO  manager.MyListener - Element with locator-->By.id: photos was found
11:54:43 INFO  manager.MyListener - Start search element by locator-->By.xpath: //*[text()='Submit']
11:54:43 INFO  manager.MyListener - Element with locator-->By.xpath: //*[text()='Submit'] was found
11:54:44 INFO  manager.MyListener - Start search element by locator-->By.xpath: //*[text()='Submit']
11:54:44 INFO  manager.MyListener - Element with locator-->By.xpath: //*[text()='Submit'] was found
11:54:44 INFO  manager.MyListener - Start search element by locator-->By.id: mat-dialog-0
11:54:49 INFO  manager.MyListener - Element with locator-->By.id: mat-dialog-0 was found
11:54:49 INFO  manager.MyListener - Start search element by locator-->By.xpath: //*[text()='Car added']
11:54:49 INFO  manager.MyListener - Element with locator-->By.xpath: //*[text()='Car added'] was found
11:54:49 INFO  tests.TestBase - Test finished, car added Success
11:54:49 INFO  manager.MyListener - Start search element by locator-->By.xpath: //*[text()='Search cars']
11:54:49 INFO  manager.MyListener - Element with locator-->By.xpath: //*[text()='Search cars'] was found
11:54:49 INFO  tests.TestBase - Ends test---> carSearchSingaporeOnly
11:54:49 INFO  tests.TestBase - Starts test---> carSearchSuccess
11:54:49 INFO  tests.TestBase - Test starts with car details:--->London, Porsh, UK
11:54:49 INFO  manager.MyListener - Start search element by locator-->By.cssSelector: a[href='/let-car-work']
11:54:49 INFO  manager.MyListener - Element with locator-->By.cssSelector: a[href='/let-car-work'] was found
11:54:49 INFO  manager.MyListener - Start search element by locator-->By.id: pickUpPlace
11:54:49 INFO  manager.MyListener - Element with locator-->By.id: pickUpPlace was found
11:54:50 INFO  manager.MyListener - Start search element by locator-->By.cssSelector: div.pac-item
11:54:50 INFO  manager.MyListener - Element with locator-->By.cssSelector: div.pac-item was found
11:54:51 INFO  manager.MyListener - Start search element by locator-->By.cssSelector: input[id='make']
11:54:51 INFO  manager.MyListener - Element with locator-->By.cssSelector: input[id='make'] was found
11:54:51 INFO  manager.MyListener - Start search element by locator-->By.id: model
11:54:51 INFO  manager.MyListener - Element with locator-->By.id: model was found
11:54:51 INFO  manager.MyListener - Start search element by locator-->By.id: year
11:54:51 INFO  manager.MyListener - Element with locator-->By.id: year was found
11:54:51 INFO  manager.MyListener - Start search element by locator-->By.id: engine
11:54:51 INFO  manager.MyListener - Element with locator-->By.id: engine was found
11:54:51 INFO  manager.MyListener - Start search element by locator-->By.id: fuel
11:54:51 INFO  manager.MyListener - Element with locator-->By.id: fuel was found
11:54:51 INFO  manager.MyListener - Start search element by locator-->By.xpath: .//option[@value = "Petrol"]
11:54:51 INFO  manager.MyListener - Element with locator-->By.xpath: .//option[@value = "Petrol"] was found
11:54:51 INFO  manager.MyListener - Start search element by locator-->By.id: gear
11:54:52 INFO  manager.MyListener - Element with locator-->By.id: gear was found
11:54:52 INFO  manager.MyListener - Start search element by locator-->By.xpath: .//option[@value = "SMT"]
11:54:52 INFO  manager.MyListener - Element with locator-->By.xpath: .//option[@value = "SMT"] was found
11:54:52 INFO  manager.MyListener - Start search element by locator-->By.id: wheelsDrive
11:54:52 INFO  manager.MyListener - Element with locator-->By.id: wheelsDrive was found
11:54:52 INFO  manager.MyListener - Start search element by locator-->By.xpath: .//option[@value = "FWD"]
11:54:52 INFO  manager.MyListener - Element with locator-->By.xpath: .//option[@value = "FWD"] was found
11:54:52 INFO  manager.MyListener - Start search element by locator-->By.id: doors
11:54:52 INFO  manager.MyListener - Element with locator-->By.id: doors was found
11:54:52 INFO  manager.MyListener - Start search element by locator-->By.id: seats
11:54:52 INFO  manager.MyListener - Element with locator-->By.id: seats was found
11:54:52 INFO  manager.MyListener - Start search element by locator-->By.id: class
11:54:52 INFO  manager.MyListener - Element with locator-->By.id: class was found
11:54:52 INFO  manager.MyListener - Start search element by locator-->By.id: fuelConsumption
11:54:52 INFO  manager.MyListener - Element with locator-->By.id: fuelConsumption was found
11:54:52 INFO  manager.MyListener - Start search element by locator-->By.id: serialNumber
11:54:52 INFO  manager.MyListener - Element with locator-->By.id: serialNumber was found
11:54:52 INFO  manager.MyListener - Start search element by locator-->By.id: price
11:54:52 INFO  manager.MyListener - Element with locator-->By.id: price was found
11:54:53 INFO  manager.MyListener - Start search element by locator-->By.id: distance
11:54:53 INFO  manager.MyListener - Element with locator-->By.id: distance was found
11:54:53 INFO  manager.MyListener - Start search element by locator-->By.cssSelector: input.feature-input
11:54:53 INFO  manager.MyListener - Element with locator-->By.cssSelector: input.feature-input was found
11:54:53 INFO  manager.MyListener - Start search element by locator-->By.id: about
11:54:53 INFO  manager.MyListener - Element with locator-->By.id: about was found
11:54:53 INFO  manager.MyListener - Start search element by locator-->By.id: photos
11:54:53 INFO  manager.MyListener - Element with locator-->By.id: photos was found
11:54:53 INFO  manager.MyListener - Start search element by locator-->By.xpath: //*[text()='Submit']
11:54:53 INFO  manager.MyListener - Element with locator-->By.xpath: //*[text()='Submit'] was found
11:54:54 INFO  manager.MyListener - Start search element by locator-->By.xpath: //*[text()='Submit']
11:54:54 INFO  manager.MyListener - Element with locator-->By.xpath: //*[text()='Submit'] was found
11:54:54 INFO  manager.MyListener - Start search element by locator-->By.xpath: //*[text()='Car added']
11:54:56 INFO  manager.MyListener - Element with locator-->By.xpath: //*[text()='Car added'] was found
11:54:56 INFO  tests.TestBase - Ends test---> carSearchSuccess
11:54:56 INFO  tests.TestBase - Starts test---> carSearchSuccess
11:54:56 INFO  tests.TestBase - Test starts with car details:--->Berlin, Porsh, UK
11:54:56 INFO  manager.MyListener - Start search element by locator-->By.cssSelector: a[href='/let-car-work']
11:54:56 INFO  manager.MyListener - Element with locator-->By.cssSelector: a[href='/let-car-work'] was found
11:55:01 INFO  manager.MyListener - Something went wrong: https://ilcarro-1578153671498.web.app/let-car-work
11:55:01 INFO  manager.MyListener - element not interactable
  (Session info: chrome=102.0.5005.115)
Build info: version: '3.141.59', revision: 'e82be7d358', time: '2018-11-14T08:17:03'
System info: host: 'ARTEMKA', ip: '192.168.0.103', os.name: 'Windows 10', os.arch: 'amd64', os.version: '10.0', java.version: '1.8.0_333'
Driver info: org.openqa.selenium.chrome.ChromeDriver
Capabilities {acceptInsecureCerts: false, browserName: chrome, browserVersion: 102.0.5005.115, chrome: {chromedriverVersion: 101.0.4951.41 (93c720db8323..., userDataDir: C:\Users\ompre\AppData\Loca...}, goog:chromeOptions: {debuggerAddress: localhost:59060}, javascriptEnabled: true, networkConnectionEnabled: false, pageLoadStrategy: normal, platform: WINDOWS, platformName: WINDOWS, proxy: Proxy(), setWindowRect: true, strictFileInteractability: false, timeouts: {implicit: 0, pageLoad: 300000, script: 30000}, unhandledPromptBehavior: dismiss and notify, webauthn:extension:credBlob: true, webauthn:extension:largeBlob: true, webauthn:virtualAuthenticators: true}
Session ID: 10cb889b0b7ad756ad3485d6fdd3a6e0
11:55:01 INFO  manager.MyListener - org.openqa.selenium.ElementNotInteractableException: element not interactable
  (Session info: chrome=102.0.5005.115)
Build info: version: '3.141.59', revision: 'e82be7d358', time: '2018-11-14T08:17:03'
System info: host: 'ARTEMKA', ip: '192.168.0.103', os.name: 'Windows 10', os.arch: 'amd64', os.version: '10.0', java.version: '1.8.0_333'
Driver info: org.openqa.selenium.chrome.ChromeDriver
Capabilities {acceptInsecureCerts: false, browserName: chrome, browserVersion: 102.0.5005.115, chrome: {chromedriverVersion: 101.0.4951.41 (93c720db8323..., userDataDir: C:\Users\ompre\AppData\Loca...}, goog:chromeOptions: {debuggerAddress: localhost:59060}, javascriptEnabled: true, networkConnectionEnabled: false, pageLoadStrategy: normal, platform: WINDOWS, platformName: WINDOWS, proxy: Proxy(), setWindowRect: true, strictFileInteractability: false, timeouts: {implicit: 0, pageLoad: 300000, script: 30000}, unhandledPromptBehavior: dismiss and notify, webauthn:extension:credBlob: true, webauthn:extension:largeBlob: true, webauthn:virtualAuthenticators: true}
Session ID: 10cb889b0b7ad756ad3485d6fdd3a6e0
11:55:01 INFO  tests.TestBase - Ends test---> carSearchSuccess
11:55:01 INFO  tests.TestBase - Starts test---> carSearchSuccess
11:55:01 INFO  tests.TestBase - Test starts with car details:--->Paris, Porsh, UK
11:55:01 INFO  manager.MyListener - Start search element by locator-->By.cssSelector: a[href='/let-car-work']
11:55:01 INFO  manager.MyListener - Element with locator-->By.cssSelector: a[href='/let-car-work'] was found
11:55:06 INFO  manager.MyListener - Something went wrong: https://ilcarro-1578153671498.web.app/let-car-work
11:55:06 INFO  manager.MyListener - element not interactable
  (Session info: chrome=102.0.5005.115)
Build info: version: '3.141.59', revision: 'e82be7d358', time: '2018-11-14T08:17:03'
System info: host: 'ARTEMKA', ip: '192.168.0.103', os.name: 'Windows 10', os.arch: 'amd64', os.version: '10.0', java.version: '1.8.0_333'
Driver info: org.openqa.selenium.chrome.ChromeDriver
Capabilities {acceptInsecureCerts: false, browserName: chrome, browserVersion: 102.0.5005.115, chrome: {chromedriverVersion: 101.0.4951.41 (93c720db8323..., userDataDir: C:\Users\ompre\AppData\Loca...}, goog:chromeOptions: {debuggerAddress: localhost:59060}, javascriptEnabled: true, networkConnectionEnabled: false, pageLoadStrategy: normal, platform: WINDOWS, platformName: WINDOWS, proxy: Proxy(), setWindowRect: true, strictFileInteractability: false, timeouts: {implicit: 0, pageLoad: 300000, script: 30000}, unhandledPromptBehavior: dismiss and notify, webauthn:extension:credBlob: true, webauthn:extension:largeBlob: true, webauthn:virtualAuthenticators: true}
Session ID: 10cb889b0b7ad756ad3485d6fdd3a6e0
11:55:06 INFO  manager.MyListener - org.openqa.selenium.ElementNotInteractableException: element not interactable
  (Session info: chrome=102.0.5005.115)
Build info: version: '3.141.59', revision: 'e82be7d358', time: '2018-11-14T08:17:03'
System info: host: 'ARTEMKA', ip: '192.168.0.103', os.name: 'Windows 10', os.arch: 'amd64', os.version: '10.0', java.version: '1.8.0_333'
Driver info: org.openqa.selenium.chrome.ChromeDriver
Capabilities {acceptInsecureCerts: false, browserName: chrome, browserVersion: 102.0.5005.115, chrome: {chromedriverVersion: 101.0.4951.41 (93c720db8323..., userDataDir: C:\Users\ompre\AppData\Loca...}, goog:chromeOptions: {debuggerAddress: localhost:59060}, javascriptEnabled: true, networkConnectionEnabled: false, pageLoadStrategy: normal, platform: WINDOWS, platformName: WINDOWS, proxy: Proxy(), setWindowRect: true, strictFileInteractability: false, timeouts: {implicit: 0, pageLoad: 300000, script: 30000}, unhandledPromptBehavior: dismiss and notify, webauthn:extension:credBlob: true, webauthn:extension:largeBlob: true, webauthn:virtualAuthenticators: true}
Session ID: 10cb889b0b7ad756ad3485d6fdd3a6e0
11:55:07 INFO  tests.TestBase - Ends test---> carSearchSuccess
11:55:07 INFO  tests.TestBase - Starts test---> carSearchSuccess
11:55:07 INFO  tests.TestBase - Test starts with car details:--->Madrid, Porsh, UK
11:55:07 INFO  manager.MyListener - Start search element by locator-->By.cssSelector: a[href='/let-car-work']
11:55:07 INFO  manager.MyListener - Element with locator-->By.cssSelector: a[href='/let-car-work'] was found
11:55:12 INFO  manager.MyListener - Something went wrong: https://ilcarro-1578153671498.web.app/let-car-work
11:55:12 INFO  manager.MyListener - element not interactable
  (Session info: chrome=102.0.5005.115)
Build info: version: '3.141.59', revision: 'e82be7d358', time: '2018-11-14T08:17:03'
System info: host: 'ARTEMKA', ip: '192.168.0.103', os.name: 'Windows 10', os.arch: 'amd64', os.version: '10.0', java.version: '1.8.0_333'
Driver info: org.openqa.selenium.chrome.ChromeDriver
Capabilities {acceptInsecureCerts: false, browserName: chrome, browserVersion: 102.0.5005.115, chrome: {chromedriverVersion: 101.0.4951.41 (93c720db8323..., userDataDir: C:\Users\ompre\AppData\Loca...}, goog:chromeOptions: {debuggerAddress: localhost:59060}, javascriptEnabled: true, networkConnectionEnabled: false, pageLoadStrategy: normal, platform: WINDOWS, platformName: WINDOWS, proxy: Proxy(), setWindowRect: true, strictFileInteractability: false, timeouts: {implicit: 0, pageLoad: 300000, script: 30000}, unhandledPromptBehavior: dismiss and notify, webauthn:extension:credBlob: true, webauthn:extension:largeBlob: true, webauthn:virtualAuthenticators: true}
Session ID: 10cb889b0b7ad756ad3485d6fdd3a6e0
11:55:12 INFO  manager.MyListener - org.openqa.selenium.ElementNotInteractableException: element not interactable
  (Session info: chrome=102.0.5005.115)
Build info: version: '3.141.59', revision: 'e82be7d358', time: '2018-11-14T08:17:03'
System info: host: 'ARTEMKA', ip: '192.168.0.103', os.name: 'Windows 10', os.arch: 'amd64', os.version: '10.0', java.version: '1.8.0_333'
Driver info: org.openqa.selenium.chrome.ChromeDriver
Capabilities {acceptInsecureCerts: false, browserName: chrome, browserVersion: 102.0.5005.115, chrome: {chromedriverVersion: 101.0.4951.41 (93c720db8323..., userDataDir: C:\Users\ompre\AppData\Loca...}, goog:chromeOptions: {debuggerAddress: localhost:59060}, javascriptEnabled: true, networkConnectionEnabled: false, pageLoadStrategy: normal, platform: WINDOWS, platformName: WINDOWS, proxy: Proxy(), setWindowRect: true, strictFileInteractability: false, timeouts: {implicit: 0, pageLoad: 300000, script: 30000}, unhandledPromptBehavior: dismiss and notify, webauthn:extension:credBlob: true, webauthn:extension:largeBlob: true, webauthn:virtualAuthenticators: true}
Session ID: 10cb889b0b7ad756ad3485d6fdd3a6e0
11:55:12 INFO  tests.TestBase - Ends test---> carSearchSuccess
11:55:12 INFO  tests.TestBase - Starts test---> carSearchSuccessDP
11:55:12 INFO  tests.TestBase - Test starts with car details-->Car(location=Tel Aviv, make=Japan, model=Honda, year=2001, engine=1,3, fuel=Petrol, gear=MT, wD=AWD, doors=4, seats=5, clasS=M, fuelConsumption=9,5, registrationNum=10-15-13103, price=10, distance=120, features=New resin, about=Used but in good conditions)
11:55:12 INFO  manager.MyListener - Start search element by locator-->By.cssSelector: a[href='/let-car-work']
11:55:12 INFO  manager.MyListener - Element with locator-->By.cssSelector: a[href='/let-car-work'] was found
11:55:17 INFO  manager.MyListener - Something went wrong: https://ilcarro-1578153671498.web.app/let-car-work
11:55:17 INFO  manager.MyListener - element not interactable
  (Session info: chrome=102.0.5005.115)
Build info: version: '3.141.59', revision: 'e82be7d358', time: '2018-11-14T08:17:03'
System info: host: 'ARTEMKA', ip: '192.168.0.103', os.name: 'Windows 10', os.arch: 'amd64', os.version: '10.0', java.version: '1.8.0_333'
Driver info: org.openqa.selenium.chrome.ChromeDriver
Capabilities {acceptInsecureCerts: false, browserName: chrome, browserVersion: 102.0.5005.115, chrome: {chromedriverVersion: 101.0.4951.41 (93c720db8323..., userDataDir: C:\Users\ompre\AppData\Loca...}, goog:chromeOptions: {debuggerAddress: localhost:59060}, javascriptEnabled: true, networkConnectionEnabled: false, pageLoadStrategy: normal, platform: WINDOWS, platformName: WINDOWS, proxy: Proxy(), setWindowRect: true, strictFileInteractability: false, timeouts: {implicit: 0, pageLoad: 300000, script: 30000}, unhandledPromptBehavior: dismiss and notify, webauthn:extension:credBlob: true, webauthn:extension:largeBlob: true, webauthn:virtualAuthenticators: true}
Session ID: 10cb889b0b7ad756ad3485d6fdd3a6e0
11:55:17 INFO  manager.MyListener - org.openqa.selenium.ElementNotInteractableException: element not interactable
  (Session info: chrome=102.0.5005.115)
Build info: version: '3.141.59', revision: 'e82be7d358', time: '2018-11-14T08:17:03'
System info: host: 'ARTEMKA', ip: '192.168.0.103', os.name: 'Windows 10', os.arch: 'amd64', os.version: '10.0', java.version: '1.8.0_333'
Driver info: org.openqa.selenium.chrome.ChromeDriver
Capabilities {acceptInsecureCerts: false, browserName: chrome, browserVersion: 102.0.5005.115, chrome: {chromedriverVersion: 101.0.4951.41 (93c720db8323..., userDataDir: C:\Users\ompre\AppData\Loca...}, goog:chromeOptions: {debuggerAddress: localhost:59060}, javascriptEnabled: true, networkConnectionEnabled: false, pageLoadStrategy: normal, platform: WINDOWS, platformName: WINDOWS, proxy: Proxy(), setWindowRect: true, strictFileInteractability: false, timeouts: {implicit: 0, pageLoad: 300000, script: 30000}, unhandledPromptBehavior: dismiss and notify, webauthn:extension:credBlob: true, webauthn:extension:largeBlob: true, webauthn:virtualAuthenticators: true}
Session ID: 10cb889b0b7ad756ad3485d6fdd3a6e0
11:55:17 INFO  tests.TestBase - Ends test---> carSearchSuccessDP
11:55:17 INFO  tests.TestBase - Starts test---> carSearchSuccessDP
11:55:17 INFO  tests.TestBase - Test starts with car details-->Car(location=Moscow, make=Japan, model=Toyota, year=2001, engine=1,3, fuel=Petrol, gear=MT, wD=AWD, doors=4, seats=5, clasS=M, fuelConsumption=9,5, registrationNum=10-15-13108, price=15, distance=120, features=New resin, about=Used but in good conditions)
11:55:17 INFO  manager.MyListener - Start search element by locator-->By.cssSelector: a[href='/let-car-work']
11:55:17 INFO  manager.MyListener - Element with locator-->By.cssSelector: a[href='/let-car-work'] was found
11:55:22 INFO  manager.MyListener - Something went wrong: https://ilcarro-1578153671498.web.app/let-car-work
11:55:22 INFO  manager.MyListener - element not interactable
  (Session info: chrome=102.0.5005.115)
Build info: version: '3.141.59', revision: 'e82be7d358', time: '2018-11-14T08:17:03'
System info: host: 'ARTEMKA', ip: '192.168.0.103', os.name: 'Windows 10', os.arch: 'amd64', os.version: '10.0', java.version: '1.8.0_333'
Driver info: org.openqa.selenium.chrome.ChromeDriver
Capabilities {acceptInsecureCerts: false, browserName: chrome, browserVersion: 102.0.5005.115, chrome: {chromedriverVersion: 101.0.4951.41 (93c720db8323..., userDataDir: C:\Users\ompre\AppData\Loca...}, goog:chromeOptions: {debuggerAddress: localhost:59060}, javascriptEnabled: true, networkConnectionEnabled: false, pageLoadStrategy: normal, platform: WINDOWS, platformName: WINDOWS, proxy: Proxy(), setWindowRect: true, strictFileInteractability: false, timeouts: {implicit: 0, pageLoad: 300000, script: 30000}, unhandledPromptBehavior: dismiss and notify, webauthn:extension:credBlob: true, webauthn:extension:largeBlob: true, webauthn:virtualAuthenticators: true}
Session ID: 10cb889b0b7ad756ad3485d6fdd3a6e0
11:55:22 INFO  manager.MyListener - org.openqa.selenium.ElementNotInteractableException: element not interactable
  (Session info: chrome=102.0.5005.115)
Build info: version: '3.141.59', revision: 'e82be7d358', time: '2018-11-14T08:17:03'
System info: host: 'ARTEMKA', ip: '192.168.0.103', os.name: 'Windows 10', os.arch: 'amd64', os.version: '10.0', java.version: '1.8.0_333'
Driver info: org.openqa.selenium.chrome.ChromeDriver
Capabilities {acceptInsecureCerts: false, browserName: chrome, browserVersion: 102.0.5005.115, chrome: {chromedriverVersion: 101.0.4951.41 (93c720db8323..., userDataDir: C:\Users\ompre\AppData\Loca...}, goog:chromeOptions: {debuggerAddress: localhost:59060}, javascriptEnabled: true, networkConnectionEnabled: false, pageLoadStrategy: normal, platform: WINDOWS, platformName: WINDOWS, proxy: Proxy(), setWindowRect: true, strictFileInteractability: false, timeouts: {implicit: 0, pageLoad: 300000, script: 30000}, unhandledPromptBehavior: dismiss and notify, webauthn:extension:credBlob: true, webauthn:extension:largeBlob: true, webauthn:virtualAuthenticators: true}
Session ID: 10cb889b0b7ad756ad3485d6fdd3a6e0
11:55:22 INFO  tests.TestBase - Ends test---> carSearchSuccessDP
11:55:22 INFO  tests.TestBase - Starts test---> carSearchSuccessDP
11:55:22 INFO  tests.TestBase - Test starts with car details-->Car(location=Tokio, make=Japan, model=BMW, year=2001, engine=1,3, fuel=Petrol, gear=MT, wD=AWD, doors=4, seats=5, clasS=M, fuelConsumption=9,5, registrationNum=10-15-13113, price=20, distance=120, features=New resin, about=Used but in good conditions)
11:55:22 INFO  manager.MyListener - Start search element by locator-->By.cssSelector: a[href='/let-car-work']
11:55:22 INFO  manager.MyListener - Element with locator-->By.cssSelector: a[href='/let-car-work'] was found
11:55:27 INFO  manager.MyListener - Something went wrong: https://ilcarro-1578153671498.web.app/let-car-work
11:55:27 INFO  manager.MyListener - element not interactable
  (Session info: chrome=102.0.5005.115)
Build info: version: '3.141.59', revision: 'e82be7d358', time: '2018-11-14T08:17:03'
System info: host: 'ARTEMKA', ip: '192.168.0.103', os.name: 'Windows 10', os.arch: 'amd64', os.version: '10.0', java.version: '1.8.0_333'
Driver info: org.openqa.selenium.chrome.ChromeDriver
Capabilities {acceptInsecureCerts: false, browserName: chrome, browserVersion: 102.0.5005.115, chrome: {chromedriverVersion: 101.0.4951.41 (93c720db8323..., userDataDir: C:\Users\ompre\AppData\Loca...}, goog:chromeOptions: {debuggerAddress: localhost:59060}, javascriptEnabled: true, networkConnectionEnabled: false, pageLoadStrategy: normal, platform: WINDOWS, platformName: WINDOWS, proxy: Proxy(), setWindowRect: true, strictFileInteractability: false, timeouts: {implicit: 0, pageLoad: 300000, script: 30000}, unhandledPromptBehavior: dismiss and notify, webauthn:extension:credBlob: true, webauthn:extension:largeBlob: true, webauthn:virtualAuthenticators: true}
Session ID: 10cb889b0b7ad756ad3485d6fdd3a6e0
11:55:27 INFO  manager.MyListener - org.openqa.selenium.ElementNotInteractableException: element not interactable
  (Session info: chrome=102.0.5005.115)
Build info: version: '3.141.59', revision: 'e82be7d358', time: '2018-11-14T08:17:03'
System info: host: 'ARTEMKA', ip: '192.168.0.103', os.name: 'Windows 10', os.arch: 'amd64', os.version: '10.0', java.version: '1.8.0_333'
Driver info: org.openqa.selenium.chrome.ChromeDriver
Capabilities {acceptInsecureCerts: false, browserName: chrome, browserVersion: 102.0.5005.115, chrome: {chromedriverVersion: 101.0.4951.41 (93c720db8323..., userDataDir: C:\Users\ompre\AppData\Loca...}, goog:chromeOptions: {debuggerAddress: localhost:59060}, javascriptEnabled: true, networkConnectionEnabled: false, pageLoadStrategy: normal, platform: WINDOWS, platformName: WINDOWS, proxy: Proxy(), setWindowRect: true, strictFileInteractability: false, timeouts: {implicit: 0, pageLoad: 300000, script: 30000}, unhandledPromptBehavior: dismiss and notify, webauthn:extension:credBlob: true, webauthn:extension:largeBlob: true, webauthn:virtualAuthenticators: true}
Session ID: 10cb889b0b7ad756ad3485d6fdd3a6e0
11:55:27 INFO  tests.TestBase - Ends test---> carSearchSuccessDP
11:55:27 INFO  tests.TestBase - Starts test---> carSearchSuccessDP
11:55:27 INFO  tests.TestBase - Test starts with car details-->Car(location=Haifa, make=Japan, model=Deep, year=2001, engine=1,3, fuel=Petrol, gear=MT, wD=AWD, doors=4, seats=5, clasS=M, fuelConsumption=9,5, registrationNum=10-15-13118, price=25, distance=120, features=New resin, about=Used but in good conditions)
11:55:27 INFO  manager.MyListener - Start search element by locator-->By.cssSelector: a[href='/let-car-work']
11:55:27 INFO  manager.MyListener - Element with locator-->By.cssSelector: a[href='/let-car-work'] was found
11:55:32 INFO  manager.MyListener - Something went wrong: https://ilcarro-1578153671498.web.app/let-car-work
11:55:32 INFO  manager.MyListener - element not interactable
  (Session info: chrome=102.0.5005.115)
Build info: version: '3.141.59', revision: 'e82be7d358', time: '2018-11-14T08:17:03'
System info: host: 'ARTEMKA', ip: '192.168.0.103', os.name: 'Windows 10', os.arch: 'amd64', os.version: '10.0', java.version: '1.8.0_333'
Driver info: org.openqa.selenium.chrome.ChromeDriver
Capabilities {acceptInsecureCerts: false, browserName: chrome, browserVersion: 102.0.5005.115, chrome: {chromedriverVersion: 101.0.4951.41 (93c720db8323..., userDataDir: C:\Users\ompre\AppData\Loca...}, goog:chromeOptions: {debuggerAddress: localhost:59060}, javascriptEnabled: true, networkConnectionEnabled: false, pageLoadStrategy: normal, platform: WINDOWS, platformName: WINDOWS, proxy: Proxy(), setWindowRect: true, strictFileInteractability: false, timeouts: {implicit: 0, pageLoad: 300000, script: 30000}, unhandledPromptBehavior: dismiss and notify, webauthn:extension:credBlob: true, webauthn:extension:largeBlob: true, webauthn:virtualAuthenticators: true}
Session ID: 10cb889b0b7ad756ad3485d6fdd3a6e0
11:55:32 INFO  manager.MyListener - org.openqa.selenium.ElementNotInteractableException: element not interactable
  (Session info: chrome=102.0.5005.115)
Build info: version: '3.141.59', revision: 'e82be7d358', time: '2018-11-14T08:17:03'
System info: host: 'ARTEMKA', ip: '192.168.0.103', os.name: 'Windows 10', os.arch: 'amd64', os.version: '10.0', java.version: '1.8.0_333'
Driver info: org.openqa.selenium.chrome.ChromeDriver
Capabilities {acceptInsecureCerts: false, browserName: chrome, browserVersion: 102.0.5005.115, chrome: {chromedriverVersion: 101.0.4951.41 (93c720db8323..., userDataDir: C:\Users\ompre\AppData\Loca...}, goog:chromeOptions: {debuggerAddress: localhost:59060}, javascriptEnabled: true, networkConnectionEnabled: false, pageLoadStrategy: normal, platform: WINDOWS, platformName: WINDOWS, proxy: Proxy(), setWindowRect: true, strictFileInteractability: false, timeouts: {implicit: 0, pageLoad: 300000, script: 30000}, unhandledPromptBehavior: dismiss and notify, webauthn:extension:credBlob: true, webauthn:extension:largeBlob: true, webauthn:virtualAuthenticators: true}
Session ID: 10cb889b0b7ad756ad3485d6fdd3a6e0
11:55:33 INFO  tests.TestBase - Ends test---> carSearchSuccessDP
11:55:33 INFO  tests.TestBase - Starts test---> carSearchSuccessDP
11:55:33 INFO  tests.TestBase - Test starts with car details-->Car(location=London, make=Japan, model=lada, year=2001, engine=1,3, fuel=Petrol, gear=MT, wD=AWD, doors=4, seats=5, clasS=M, fuelConsumption=9,5, registrationNum=10-15-13124, price=30, distance=120, features=New resin, about=Used but in good conditions)
11:55:33 INFO  manager.MyListener - Start search element by locator-->By.cssSelector: a[href='/let-car-work']
11:55:33 INFO  manager.MyListener - Element with locator-->By.cssSelector: a[href='/let-car-work'] was found
11:55:38 INFO  manager.MyListener - Something went wrong: https://ilcarro-1578153671498.web.app/let-car-work
11:55:38 INFO  manager.MyListener - element not interactable
  (Session info: chrome=102.0.5005.115)
Build info: version: '3.141.59', revision: 'e82be7d358', time: '2018-11-14T08:17:03'
System info: host: 'ARTEMKA', ip: '192.168.0.103', os.name: 'Windows 10', os.arch: 'amd64', os.version: '10.0', java.version: '1.8.0_333'
Driver info: org.openqa.selenium.chrome.ChromeDriver
Capabilities {acceptInsecureCerts: false, browserName: chrome, browserVersion: 102.0.5005.115, chrome: {chromedriverVersion: 101.0.4951.41 (93c720db8323..., userDataDir: C:\Users\ompre\AppData\Loca...}, goog:chromeOptions: {debuggerAddress: localhost:59060}, javascriptEnabled: true, networkConnectionEnabled: false, pageLoadStrategy: normal, platform: WINDOWS, platformName: WINDOWS, proxy: Proxy(), setWindowRect: true, strictFileInteractability: false, timeouts: {implicit: 0, pageLoad: 300000, script: 30000}, unhandledPromptBehavior: dismiss and notify, webauthn:extension:credBlob: true, webauthn:extension:largeBlob: true, webauthn:virtualAuthenticators: true}
Session ID: 10cb889b0b7ad756ad3485d6fdd3a6e0
11:55:38 INFO  manager.MyListener - org.openqa.selenium.ElementNotInteractableException: element not interactable
  (Session info: chrome=102.0.5005.115)
Build info: version: '3.141.59', revision: 'e82be7d358', time: '2018-11-14T08:17:03'
System info: host: 'ARTEMKA', ip: '192.168.0.103', os.name: 'Windows 10', os.arch: 'amd64', os.version: '10.0', java.version: '1.8.0_333'
Driver info: org.openqa.selenium.chrome.ChromeDriver
Capabilities {acceptInsecureCerts: false, browserName: chrome, browserVersion: 102.0.5005.115, chrome: {chromedriverVersion: 101.0.4951.41 (93c720db8323..., userDataDir: C:\Users\ompre\AppData\Loca...}, goog:chromeOptions: {debuggerAddress: localhost:59060}, javascriptEnabled: true, networkConnectionEnabled: false, pageLoadStrategy: normal, platform: WINDOWS, platformName: WINDOWS, proxy: Proxy(), setWindowRect: true, strictFileInteractability: false, timeouts: {implicit: 0, pageLoad: 300000, script: 30000}, unhandledPromptBehavior: dismiss and notify, webauthn:extension:credBlob: true, webauthn:extension:largeBlob: true, webauthn:virtualAuthenticators: true}
Session ID: 10cb889b0b7ad756ad3485d6fdd3a6e0
11:55:38 INFO  tests.TestBase - Ends test---> carSearchSuccessDP
11:55:38 INFO  tests.TestBase - Starts test---> carSearchSuccessDP
11:55:38 INFO  tests.TestBase - Test starts with car details-->Car(location=New York, make=Japan, model=Honda, year=2001, engine=1,3, fuel=Petrol, gear=MT, wD=AWD, doors=4, seats=5, clasS=M, fuelConsumption=9,5, registrationNum=10-15-13129, price=35, distance=120, features=New resin, about=Used but in good conditions)
11:55:38 INFO  manager.MyListener - Start search element by locator-->By.cssSelector: a[href='/let-car-work']
11:55:38 INFO  manager.MyListener - Element with locator-->By.cssSelector: a[href='/let-car-work'] was found
11:55:43 INFO  manager.MyListener - Something went wrong: https://ilcarro-1578153671498.web.app/let-car-work
11:55:43 INFO  manager.MyListener - element not interactable
  (Session info: chrome=102.0.5005.115)
Build info: version: '3.141.59', revision: 'e82be7d358', time: '2018-11-14T08:17:03'
System info: host: 'ARTEMKA', ip: '192.168.0.103', os.name: 'Windows 10', os.arch: 'amd64', os.version: '10.0', java.version: '1.8.0_333'
Driver info: org.openqa.selenium.chrome.ChromeDriver
Capabilities {acceptInsecureCerts: false, browserName: chrome, browserVersion: 102.0.5005.115, chrome: {chromedriverVersion: 101.0.4951.41 (93c720db8323..., userDataDir: C:\Users\ompre\AppData\Loca...}, goog:chromeOptions: {debuggerAddress: localhost:59060}, javascriptEnabled: true, networkConnectionEnabled: false, pageLoadStrategy: normal, platform: WINDOWS, platformName: WINDOWS, proxy: Proxy(), setWindowRect: true, strictFileInteractability: false, timeouts: {implicit: 0, pageLoad: 300000, script: 30000}, unhandledPromptBehavior: dismiss and notify, webauthn:extension:credBlob: true, webauthn:extension:largeBlob: true, webauthn:virtualAuthenticators: true}
Session ID: 10cb889b0b7ad756ad3485d6fdd3a6e0
11:55:43 INFO  manager.MyListener - org.openqa.selenium.ElementNotInteractableException: element not interactable
  (Session info: chrome=102.0.5005.115)
Build info: version: '3.141.59', revision: 'e82be7d358', time: '2018-11-14T08:17:03'
System info: host: 'ARTEMKA', ip: '192.168.0.103', os.name: 'Windows 10', os.arch: 'amd64', os.version: '10.0', java.version: '1.8.0_333'
Driver info: org.openqa.selenium.chrome.ChromeDriver
Capabilities {acceptInsecureCerts: false, browserName: chrome, browserVersion: 102.0.5005.115, chrome: {chromedriverVersion: 101.0.4951.41 (93c720db8323..., userDataDir: C:\Users\ompre\AppData\Loca...}, goog:chromeOptions: {debuggerAddress: localhost:59060}, javascriptEnabled: true, networkConnectionEnabled: false, pageLoadStrategy: normal, platform: WINDOWS, platformName: WINDOWS, proxy: Proxy(), setWindowRect: true, strictFileInteractability: false, timeouts: {implicit: 0, pageLoad: 300000, script: 30000}, unhandledPromptBehavior: dismiss and notify, webauthn:extension:credBlob: true, webauthn:extension:largeBlob: true, webauthn:virtualAuthenticators: true}
Session ID: 10cb889b0b7ad756ad3485d6fdd3a6e0
11:55:43 INFO  tests.TestBase - Ends test---> carSearchSuccessDP
11:55:43 INFO  tests.TestBase - Starts test---> carSearchSuccessDP
11:55:43 INFO  tests.TestBase - Test starts with car details-->Car(location=Samara, make=Japan, model=Porche, year=2001, engine=1,3, fuel=Petrol, gear=MT, wD=AWD, doors=4, seats=5, clasS=M, fuelConsumption=9,5, registrationNum=10-15-13134, price=40, distance=120, features=New resin, about=Used but in good conditions)
11:55:43 INFO  manager.MyListener - Start search element by locator-->By.cssSelector: a[href='/let-car-work']
11:55:43 INFO  manager.MyListener - Element with locator-->By.cssSelector: a[href='/let-car-work'] was found
11:55:48 INFO  manager.MyListener - Something went wrong: https://ilcarro-1578153671498.web.app/let-car-work
11:55:48 INFO  manager.MyListener - element not interactable
  (Session info: chrome=102.0.5005.115)
Build info: version: '3.141.59', revision: 'e82be7d358', time: '2018-11-14T08:17:03'
System info: host: 'ARTEMKA', ip: '192.168.0.103', os.name: 'Windows 10', os.arch: 'amd64', os.version: '10.0', java.version: '1.8.0_333'
Driver info: org.openqa.selenium.chrome.ChromeDriver
Capabilities {acceptInsecureCerts: false, browserName: chrome, browserVersion: 102.0.5005.115, chrome: {chromedriverVersion: 101.0.4951.41 (93c720db8323..., userDataDir: C:\Users\ompre\AppData\Loca...}, goog:chromeOptions: {debuggerAddress: localhost:59060}, javascriptEnabled: true, networkConnectionEnabled: false, pageLoadStrategy: normal, platform: WINDOWS, platformName: WINDOWS, proxy: Proxy(), setWindowRect: true, strictFileInteractability: false, timeouts: {implicit: 0, pageLoad: 300000, script: 30000}, unhandledPromptBehavior: dismiss and notify, webauthn:extension:credBlob: true, webauthn:extension:largeBlob: true, webauthn:virtualAuthenticators: true}
Session ID: 10cb889b0b7ad756ad3485d6fdd3a6e0
11:55:48 INFO  manager.MyListener - org.openqa.selenium.ElementNotInteractableException: element not interactable
  (Session info: chrome=102.0.5005.115)
Build info: version: '3.141.59', revision: 'e82be7d358', time: '2018-11-14T08:17:03'
System info: host: 'ARTEMKA', ip: '192.168.0.103', os.name: 'Windows 10', os.arch: 'amd64', os.version: '10.0', java.version: '1.8.0_333'
Driver info: org.openqa.selenium.chrome.ChromeDriver
Capabilities {acceptInsecureCerts: false, browserName: chrome, browserVersion: 102.0.5005.115, chrome: {chromedriverVersion: 101.0.4951.41 (93c720db8323..., userDataDir: C:\Users\ompre\AppData\Loca...}, goog:chromeOptions: {debuggerAddress: localhost:59060}, javascriptEnabled: true, networkConnectionEnabled: false, pageLoadStrategy: normal, platform: WINDOWS, platformName: WINDOWS, proxy: Proxy(), setWindowRect: true, strictFileInteractability: false, timeouts: {implicit: 0, pageLoad: 300000, script: 30000}, unhandledPromptBehavior: dismiss and notify, webauthn:extension:credBlob: true, webauthn:extension:largeBlob: true, webauthn:virtualAuthenticators: true}
Session ID: 10cb889b0b7ad756ad3485d6fdd3a6e0
11:55:48 INFO  tests.TestBase - Ends test---> carSearchSuccessDP
11:55:48 INFO  tests.TestBase - Starts test---> carSearchSuccessDP
11:55:48 INFO  tests.TestBase - Test starts with car details-->Car(location=Miami, make=Japan, model=Mercedes, year=2001, engine=1,3, fuel=Petrol, gear=MT, wD=AWD, doors=4, seats=5, clasS=M, fuelConsumption=9,5, registrationNum=10-15-13139, price=45, distance=120, features=New resin, about=Used but in good conditions)
11:55:48 INFO  manager.MyListener - Start search element by locator-->By.cssSelector: a[href='/let-car-work']
11:55:48 INFO  manager.MyListener - Element with locator-->By.cssSelector: a[href='/let-car-work'] was found
11:55:54 INFO  manager.MyListener - Start search element by locator-->By.id: pickUpPlace
11:56:18 INFO  tests.TestBase - Ends test---> carSearchSuccessDP
