16:50:04 INFO  manager.ApplicationManager - All tests starts in 'Chrome' browser
16:50:15 INFO  tests.TestBase - Starts test---> registrationPositive
16:50:15 INFO  manager.MyListener - Start search element by locator-->By.xpath: //*[text()=' Logout ']
16:50:21 INFO  manager.MyListener - Element with locator-->By.xpath: //*[text()=' Logout '] was found
16:50:21 INFO  manager.MyListener - Start search element by locator-->By.xpath: //*[text()=' Sign up ']
16:50:21 INFO  manager.MyListener - Element with locator-->By.xpath: //*[text()=' Sign up '] was found
16:50:21 INFO  manager.MyListener - Start search element by locator-->By.xpath: //*[@id='name']
16:50:21 INFO  manager.MyListener - Element with locator-->By.xpath: //*[@id='name'] was found
16:50:21 INFO  manager.MyListener - Start search element by locator-->By.xpath: //*[@id='lastName']
16:50:21 INFO  manager.MyListener - Element with locator-->By.xpath: //*[@id='lastName'] was found
16:50:22 INFO  manager.MyListener - Start search element by locator-->By.cssSelector: div input#
16:50:22 INFO  manager.MyListener - Something went wrong: https://ilcarro-1578153671498.web.app/registration?url=%2Fsearch
16:50:22 INFO  manager.MyListener - invalid selector: An invalid or illegal selector was specified
  (Session info: chrome=101.0.4951.67)
For documentation on this error, please visit: https://www.seleniumhq.org/exceptions/invalid_selector_exception.html
Build info: version: '3.141.59', revision: 'e82be7d358', time: '2018-11-14T08:17:03'
System info: host: 'DESKTOP-KF54E9L', ip: '192.168.42.124', os.name: 'Windows 10', os.arch: 'amd64', os.version: '10.0', java.version: '1.8.0_321'
Driver info: org.openqa.selenium.chrome.ChromeDriver
Capabilities {acceptInsecureCerts: false, browserName: chrome, browserVersion: 101.0.4951.67, chrome: {chromedriverVersion: 101.0.4951.41 (93c720db8323..., userDataDir: C:\Users\Olga\AppData\Local...}, goog:chromeOptions: {debuggerAddress: localhost:58521}, javascriptEnabled: true, networkConnectionEnabled: false, pageLoadStrategy: normal, platform: WINDOWS, platformName: WINDOWS, proxy: Proxy(), setWindowRect: true, strictFileInteractability: false, timeouts: {implicit: 0, pageLoad: 300000, script: 30000}, unhandledPromptBehavior: dismiss and notify, webauthn:extension:credBlob: true, webauthn:extension:largeBlob: true, webauthn:virtualAuthenticators: true}
Session ID: f502a6b2fed5cb57ab29c3f9c54bc98f
*** Element info: {Using=css selector, value=div input#}
16:50:22 INFO  manager.MyListener - org.openqa.selenium.InvalidSelectorException: invalid selector: An invalid or illegal selector was specified
  (Session info: chrome=101.0.4951.67)
For documentation on this error, please visit: https://www.seleniumhq.org/exceptions/invalid_selector_exception.html
Build info: version: '3.141.59', revision: 'e82be7d358', time: '2018-11-14T08:17:03'
System info: host: 'DESKTOP-KF54E9L', ip: '192.168.42.124', os.name: 'Windows 10', os.arch: 'amd64', os.version: '10.0', java.version: '1.8.0_321'
Driver info: org.openqa.selenium.chrome.ChromeDriver
Capabilities {acceptInsecureCerts: false, browserName: chrome, browserVersion: 101.0.4951.67, chrome: {chromedriverVersion: 101.0.4951.41 (93c720db8323..., userDataDir: C:\Users\Olga\AppData\Local...}, goog:chromeOptions: {debuggerAddress: localhost:58521}, javascriptEnabled: true, networkConnectionEnabled: false, pageLoadStrategy: normal, platform: WINDOWS, platformName: WINDOWS, proxy: Proxy(), setWindowRect: true, strictFileInteractability: false, timeouts: {implicit: 0, pageLoad: 300000, script: 30000}, unhandledPromptBehavior: dismiss and notify, webauthn:extension:credBlob: true, webauthn:extension:largeBlob: true, webauthn:virtualAuthenticators: true}
Session ID: f502a6b2fed5cb57ab29c3f9c54bc98f
*** Element info: {Using=css selector, value=div input#}
16:50:23 INFO  tests.TestBase - Ends test---> registrationPositive
