15:43:54 INFO  manager.ApplicationManager - All tests starts in 'Chrome' browser
15:43:57 INFO  tests.TestBase - Starts test---> loginNegativeEmail
15:44:02 INFO  tests.TestBase - Login with email:---> user2900@gmailcom and password:---> As2900d#%
15:44:05 INFO  tests.TestBase - Ends test---> loginNegativeEmail
15:44:05 INFO  tests.TestBase - Starts test---> loginPositive
15:44:11 INFO  tests.TestBase - Login with email:---> user2900@gmail.com and password:---> As2900d#%
15:44:12 INFO  manager.HelperBase - Logged in with message---> Logged in success
15:44:12 INFO  tests.TestBase - Ends test---> loginPositive
15:44:12 INFO  tests.TestBase - Starts test---> loginPositive2
15:44:12 INFO  tests.TestBase - Login with email:---> user2900@gmail.com and password:---> As2900d#%
15:44:13 INFO  manager.HelperBase - Logged in with message---> Logged in success
15:44:13 INFO  tests.TestBase - Ends test---> loginPositive2
15:44:13 INFO  tests.TestBase - Starts test---> registrationNegativeExist
15:44:13 INFO  tests.TestBase - Registration with email = user2900@gmail.com and password = Asd2633d#%
15:44:15 INFO  tests.TestBase - Ends test---> registrationNegativeExist
15:44:15 INFO  tests.TestBase - Starts test---> registrationNegativeMail
15:44:21 INFO  tests.TestBase - Registration with Email = user2633gmail.com, and password = Asd2633d#%
15:44:24 INFO  tests.TestBase - Ends test---> registrationNegativeMail
15:44:24 INFO  tests.TestBase - Starts test---> registrationNegativePass
15:44:30 INFO  tests.TestBase - Registration with Email = user2633@gmail.com, and password = asd2633d#%
15:44:33 INFO  tests.TestBase - Ends test---> registrationNegativePass
15:44:33 INFO  tests.TestBase - Starts test---> registrationPositive
15:44:38 INFO  tests.TestBase - Registration with Email = user2633@gmail.com, and password = Asd2633d#%
15:44:39 INFO  tests.TestBase - Ends test---> registrationPositive
15:44:39 INFO  tests.TestBase - Starts test---> registrationPositive2
15:44:39 INFO  tests.TestBase - Registration with Email = user26331@gmail.com, and password = Asd2633d#%
15:44:41 INFO  tests.TestBase - Ends test---> registrationPositive2
